--------------------------------------------------------------------------------------------------------------------------------------------------
      name:  <unnamed>
       log:  /Users/scothunter/Library/CloudStorage/OneDrive-UniversityofStirling/thesis/directory/syntax/prep/attachments/sup_ch6f_satisfaction.l
> og
  log type:  text
 opened on:  28 Sep 2024, 11:52:30

. do "/var/folders/cj/8dv18brd2sd49mkfxtpn8j1w0000gn/T//SD04849.000000"

. 
. capture drop miss6

. egen miss6 = rmiss(outcome4 resm fem dvage_ind educscore engprof ///
> lonse mar child health cardum ties liberal sity parttime major pubsector lfs4eu_qt)

. 
. global miss6 " & miss6 == 0 [pw=nwei], robust cluster(pidp)"

. foreach num of numlist 0 1 { 
  2.         regress outcome4 i.wave i.resm if fem == `num' $miss6
  3.         est store b`num'_4
  4.         *sd model 
.         regress outcome4 i.wave i.resm $parvar_xt if fem == `num' $miss6
  5.         est store i`num'_4
  6.         *local model 
.         regress outcome4 i.wave i.resm $parvar_xt ///
>         dep_qt mus_qt eu_qt if fem == `num' $miss6
  7.         est store loc`num'_4
  8.         * occupation model 
.         regress outcome4 i.wave i.resm $parvar_xt ///
>         dep_qt mus_qt eu_qt ///
>         lfs4eu_qt pubsector parttime ib1.major  ///
>         if fem == `num' $miss6
  9.         est store occ`num'_4
 10.         *interaction model 
.         regress outcome4 i.wave i.resm $parvar_xt ///
>         dep_qt mus_qt eu_qt ///
>         pubsector parttime ib1.major i.resm##c.lfs4eu_qt ///
>         if fem == `num' $miss6
 11.         est store int`num'_4
 12. }
(sum of wgt is 91,613.6310328073)

Linear regression                               Number of obs     =     79,643
                                                F(19, 16946)      =      12.50
                                                Prob > F          =     0.0000
                                                R-squared         =     0.0041
                                                Root MSE          =     1.3252

                                      (Std. err. adjusted for 16,947 clusters in pidp)
--------------------------------------------------------------------------------------
                     |               Robust
            outcome4 | Coefficient  std. err.      t    P>|t|     [95% conf. interval]
---------------------+----------------------------------------------------------------
                wave |
               2. b  |  -.0408719   .0186598    -2.19   0.029    -.0774469   -.0042968
               3. c  |  -.1323634   .0213989    -6.19   0.000    -.1743075   -.0904194
               4. d  |  -.1683022   .0223292    -7.54   0.000    -.2120697   -.1245347
               5. e  |  -.1717166   .0225681    -7.61   0.000    -.2159524   -.1274808
               6. f  |  -.0228199    .022449    -1.02   0.309    -.0668222    .0211824
               7. g  |  -.0111848   .0231373    -0.48   0.629    -.0565363    .0341668
               8. h  |  -.0616612   .0242879    -2.54   0.011     -.109268   -.0140545
               9. i  |  -.1885257   .0256511    -7.35   0.000    -.2388046   -.1382469
              10. j  |  -.1869529   .0269342    -6.94   0.000    -.2397468    -.134159
              11. k  |  -.1513405    .027301    -5.54   0.000    -.2048532   -.0978278
              12. l  |  -.0936233   .0291601    -3.21   0.001    -.1507801   -.0364666
                     |
                resm |
       Indian (fgn)  |  -.0898814   .1396227    -0.64   0.520    -.3635563    .1837936
    Pakistani (fgn)  |  -.1720759   .1079444    -1.59   0.111    -.3836581    .0395063
  Bangladeshi (fgn)  |  -.2383387    .095147    -2.50   0.012    -.4248367   -.0518407
        Indian (UK)  |  -.0342441   .1138271    -0.30   0.764     -.257357    .1888688
     Pakistani (UK)  |  -.1957915   .0935731    -2.09   0.036    -.3792046   -.0123784
   Bangladeshi (UK)  |  -.4434493   .1190857    -3.72   0.000    -.6768697    -.210029
     Black (fgn/UK)  |  -.2951673   .0977912    -3.02   0.003    -.4868481   -.1034865
Other Mus. (fgn/UK)  |  -.4557587   .1442158    -3.16   0.002    -.7384366   -.1730807
                     |
               _cons |   5.309367   .0163035   325.66   0.000     5.277411    5.341324
--------------------------------------------------------------------------------------
(sum of wgt is 91,613.6310328073)

Linear regression                               Number of obs     =     79,643
                                                F(19, 16946)      =      12.50
                                                Prob > F          =     0.0000
                                                R-squared         =     0.0041
                                                Root MSE          =     1.3252

                                      (Std. err. adjusted for 16,947 clusters in pidp)
--------------------------------------------------------------------------------------
                     |               Robust
            outcome4 | Coefficient  std. err.      t    P>|t|     [95% conf. interval]
---------------------+----------------------------------------------------------------
                wave |
               2. b  |  -.0408719   .0186598    -2.19   0.029    -.0774469   -.0042968
               3. c  |  -.1323634   .0213989    -6.19   0.000    -.1743075   -.0904194
               4. d  |  -.1683022   .0223292    -7.54   0.000    -.2120697   -.1245347
               5. e  |  -.1717166   .0225681    -7.61   0.000    -.2159524   -.1274808
               6. f  |  -.0228199    .022449    -1.02   0.309    -.0668222    .0211824
               7. g  |  -.0111848   .0231373    -0.48   0.629    -.0565363    .0341668
               8. h  |  -.0616612   .0242879    -2.54   0.011     -.109268   -.0140545
               9. i  |  -.1885257   .0256511    -7.35   0.000    -.2388046   -.1382469
              10. j  |  -.1869529   .0269342    -6.94   0.000    -.2397468    -.134159
              11. k  |  -.1513405    .027301    -5.54   0.000    -.2048532   -.0978278
              12. l  |  -.0936233   .0291601    -3.21   0.001    -.1507801   -.0364666
                     |
                resm |
       Indian (fgn)  |  -.0898814   .1396227    -0.64   0.520    -.3635563    .1837936
    Pakistani (fgn)  |  -.1720759   .1079444    -1.59   0.111    -.3836581    .0395063
  Bangladeshi (fgn)  |  -.2383387    .095147    -2.50   0.012    -.4248367   -.0518407
        Indian (UK)  |  -.0342441   .1138271    -0.30   0.764     -.257357    .1888688
     Pakistani (UK)  |  -.1957915   .0935731    -2.09   0.036    -.3792046   -.0123784
   Bangladeshi (UK)  |  -.4434493   .1190857    -3.72   0.000    -.6768697    -.210029
     Black (fgn/UK)  |  -.2951673   .0977912    -3.02   0.003    -.4868481   -.1034865
Other Mus. (fgn/UK)  |  -.4557587   .1442158    -3.16   0.002    -.7384366   -.1730807
                     |
               _cons |   5.309367   .0163035   325.66   0.000     5.277411    5.341324
--------------------------------------------------------------------------------------
(sum of wgt is 91,613.6310328073)

Linear regression                               Number of obs     =     79,643
                                                F(22, 16946)      =      10.89
                                                Prob > F          =     0.0000
                                                R-squared         =     0.0042
                                                Root MSE          =     1.3252

                                      (Std. err. adjusted for 16,947 clusters in pidp)
--------------------------------------------------------------------------------------
                     |               Robust
            outcome4 | Coefficient  std. err.      t    P>|t|     [95% conf. interval]
---------------------+----------------------------------------------------------------
                wave |
               2. b  |  -.0404546   .0186602    -2.17   0.030    -.0770306   -.0038786
               3. c  |  -.1320141   .0214046    -6.17   0.000    -.1739693   -.0900589
               4. d  |  -.1680908   .0223413    -7.52   0.000     -.211882   -.1242997
               5. e  |  -.1714615   .0225792    -7.59   0.000    -.2157191    -.127204
               6. f  |  -.0224592   .0224583    -1.00   0.317    -.0664799    .0215614
               7. g  |  -.0106852   .0231378    -0.46   0.644    -.0560377    .0346674
               8. h  |  -.0612415   .0243032    -2.52   0.012    -.1088782   -.0136047
               9. i  |  -.1881243   .0256588    -7.33   0.000    -.2384182   -.1378305
              10. j  |  -.1863124   .0269287    -6.92   0.000    -.2390955   -.1335294
              11. k  |  -.1508393   .0272986    -5.53   0.000    -.2043473   -.0973312
              12. l  |   -.092818   .0291494    -3.18   0.001    -.1499538   -.0356822
                     |
                resm |
       Indian (fgn)  |  -.0903342    .139992    -0.65   0.519    -.3647332    .1840647
    Pakistani (fgn)  |  -.1718986   .1079291    -1.59   0.111    -.3834508    .0396536
  Bangladeshi (fgn)  |  -.2386808   .0953177    -2.50   0.012    -.4255133   -.0518483
        Indian (UK)  |  -.0356863   .1137226    -0.31   0.754    -.2585945    .1872219
     Pakistani (UK)  |  -.1950711   .0934741    -2.09   0.037    -.3782901   -.0118521
   Bangladeshi (UK)  |  -.4460356   .1192411    -3.74   0.000    -.6797606   -.2123106
     Black (fgn/UK)  |  -.2960002     .09796    -3.02   0.003    -.4880119   -.1039884
Other Mus. (fgn/UK)  |  -.4593287   .1445555    -3.18   0.001    -.7426725   -.1759848
                     |
              dep_qt |   .0072118   .0066736     1.08   0.280    -.0058692    .0202927
              mus_qt |  -.0037379   .0081017    -0.46   0.645    -.0196181    .0121423
               eu_qt |   .0054895   .0079473     0.69   0.490    -.0100879     .021067
               _cons |   5.282356   .0372545   141.79   0.000     5.209333    5.355378
--------------------------------------------------------------------------------------
(sum of wgt is 91,613.6310328073)

Linear regression                               Number of obs     =     79,643
                                                F(33, 16946)      =      12.16
                                                Prob > F          =     0.0000
                                                R-squared         =     0.0116
                                                Root MSE          =     1.3204

                                                (Std. err. adjusted for 16,947 clusters in pidp)
------------------------------------------------------------------------------------------------
                               |               Robust
                      outcome4 | Coefficient  std. err.      t    P>|t|     [95% conf. interval]
-------------------------------+----------------------------------------------------------------
                          wave |
                         2. b  |  -.0390862   .0186206    -2.10   0.036    -.0755846   -.0025878
                         3. c  |  -.1291568   .0213879    -6.04   0.000    -.1710792   -.0872343
                         4. d  |  -.1648058   .0223305    -7.38   0.000    -.2085758   -.1210358
                         5. e  |  -.1678017   .0225935    -7.43   0.000    -.2120873   -.1235162
                         6. f  |  -.0173548   .0224591    -0.77   0.440    -.0613768    .0266673
                         7. g  |  -.0073733    .023104    -0.32   0.750    -.0526597     .037913
                         8. h  |  -.0587475   .0243141    -2.42   0.016    -.1064057   -.0110893
                         9. i  |  -.1843654   .0256321    -7.19   0.000     -.234607   -.1341237
                        10. j  |  -.1831693   .0268256    -6.83   0.000    -.2357502   -.1305884
                        11. k  |  -.1500513   .0272005    -5.52   0.000    -.2033671   -.0967356
                        12. l  |  -.0922408   .0291382    -3.17   0.002    -.1493546   -.0351269
                               |
                          resm |
                 Indian (fgn)  |  -.0664046     .14007    -0.47   0.635    -.3409565    .2081472
              Pakistani (fgn)  |  -.1352996   .1064157    -1.27   0.204    -.3438855    .0732863
            Bangladeshi (fgn)  |  -.1893124   .0941137    -2.01   0.044     -.373785   -.0048397
                  Indian (UK)  |  -.0088835   .1150984    -0.08   0.938    -.2344884    .2167214
               Pakistani (UK)  |  -.1605338   .0935769    -1.72   0.086    -.3439542    .0228866
             Bangladeshi (UK)  |   -.392628   .1188514    -3.30   0.001     -.625589    -.159667
               Black (fgn/UK)  |  -.2738188   .0923309    -2.97   0.003     -.454797   -.0928405
          Other Mus. (fgn/UK)  |  -.4407509   .1478419    -2.98   0.003    -.7305364   -.1509654
                               |
                        dep_qt |   .0061757   .0066189     0.93   0.351     -.006798    .0191495
                        mus_qt |   -.005886   .0080098    -0.73   0.462    -.0215861     .009814
                         eu_qt |   .0041152   .0078416     0.52   0.600    -.0112551    .0194855
                     lfs4eu_qt |  -.0101515   .0076196    -1.33   0.183    -.0250866    .0047837
                     pubsector |  -.0039056   .0214709    -0.18   0.856    -.0459907    .0381796
                      parttime |  -.0121424   .0324693    -0.37   0.708    -.0757857    .0515009
                               |
                         major |
                 Professional  |   .0053208   .0295657     0.18   0.857    -.0526311    .0632728
      Associate and technical  |   -.079149   .0293911    -2.69   0.007    -.1367586   -.0215393
         Admin. & secretarial  |     -.2527   .0485979    -5.20   0.000     -.347957    -.157443
               Skilled trades  |  -.0746016   .0330401    -2.26   0.024    -.1393636   -.0098395
             Personal service  |  -.2226124   .0537456    -4.14   0.000    -.3279592   -.1172655
   Sales and customer service  |  -.3126596   .0482868    -6.48   0.000    -.4073067   -.2180125
Process, plant & machine ops.  |  -.2065515   .0383679    -5.38   0.000    -.2817566   -.1313463
             Elementary occs.  |    -.23358   .0412164    -5.67   0.000    -.3143684   -.1527917
                               |
                         _cons |   5.437122   .0438908   123.88   0.000     5.351092    5.523153
------------------------------------------------------------------------------------------------
(sum of wgt is 91,613.6310328073)

Linear regression                               Number of obs     =     79,643
                                                F(41, 16946)      =      10.09
                                                Prob > F          =     0.0000
                                                R-squared         =     0.0118
                                                Root MSE          =     1.3203

                                                (Std. err. adjusted for 16,947 clusters in pidp)
------------------------------------------------------------------------------------------------
                               |               Robust
                      outcome4 | Coefficient  std. err.      t    P>|t|     [95% conf. interval]
-------------------------------+----------------------------------------------------------------
                          wave |
                         2. b  |  -.0391688   .0186226    -2.10   0.035    -.0756711   -.0026665
                         3. c  |  -.1295172   .0213866    -6.06   0.000    -.1714372   -.0875972
                         4. d  |  -.1650462   .0223307    -7.39   0.000    -.2088167   -.1212757
                         5. e  |  -.1680734   .0225927    -7.44   0.000    -.2123573   -.1237894
                         6. f  |  -.0176032   .0224581    -0.78   0.433    -.0616234    .0264169
                         7. g  |  -.0075882   .0231016    -0.33   0.743    -.0528697    .0376933
                         8. h  |   -.059055   .0243113    -2.43   0.015    -.1067077   -.0114023
                         9. i  |  -.1842661   .0256248    -7.19   0.000    -.2344934   -.1340388
                        10. j  |  -.1835283   .0268072    -6.85   0.000    -.2360733   -.1309834
                        11. k  |  -.1501919   .0272028    -5.52   0.000    -.2035122   -.0968716
                        12. l  |  -.0930479   .0291444    -3.19   0.001    -.1501739   -.0359219
                               |
                          resm |
                 Indian (fgn)  |   .1800048   .3466236     0.52   0.604    -.4994135     .859423
              Pakistani (fgn)  |  -.4022951   .2896792    -1.39   0.165    -.9700963    .1655062
            Bangladeshi (fgn)  |  -.3101221   .2432564    -1.27   0.202    -.7869299    .1666857
                  Indian (UK)  |   .4284899   .1737397     2.47   0.014      .087942    .7690379
               Pakistani (UK)  |  -.1543733   .2448489    -0.63   0.528    -.6343026    .3255559
             Bangladeshi (UK)  |  -.6267031   .2719334    -2.30   0.021    -1.159721   -.0936853
               Black (fgn/UK)  |  -.2490091   .1966957    -1.27   0.206    -.6345531    .1365349
          Other Mus. (fgn/UK)  |  -.6780321   .2879503    -2.35   0.019    -1.242445   -.1136197
                               |
                        dep_qt |   .0061922   .0066193     0.94   0.350    -.0067823    .0191668
                        mus_qt |  -.0058126   .0080112    -0.73   0.468    -.0215153    .0098901
                         eu_qt |   .0041585    .007842     0.53   0.596    -.0112126    .0195296
                     pubsector |  -.0040463   .0214771    -0.19   0.851    -.0461436    .0380509
                      parttime |  -.0127484   .0325172    -0.39   0.695    -.0764854    .0509886
                               |
                         major |
                 Professional  |   .0054927   .0295681     0.19   0.853    -.0524638    .0634492
      Associate and technical  |  -.0795491   .0293941    -2.71   0.007    -.1371646   -.0219336
         Admin. & secretarial  |  -.2519861   .0486148    -5.18   0.000    -.3472761    -.156696
               Skilled trades  |  -.0747692   .0330427    -2.26   0.024    -.1395363   -.0100021
             Personal service  |  -.2227886   .0537441    -4.15   0.000    -.3281325   -.1174446
   Sales and customer service  |  -.3126293   .0483006    -6.47   0.000    -.4073034   -.2179551
Process, plant & machine ops.  |  -.2068771   .0383757    -5.39   0.000    -.2820975   -.1316567
             Elementary occs.  |  -.2337156   .0412168    -5.67   0.000    -.3145049   -.1529264
                               |
                     lfs4eu_qt |   -.010448    .007725    -1.35   0.176    -.0255897    .0046938
                               |
              resm#c.lfs4eu_qt |
                 Indian (fgn)  |  -.0727489   .1042605    -0.70   0.485    -.2771102    .1316124
              Pakistani (fgn)  |   .0783882   .0660306     1.19   0.235    -.0510387     .207815
            Bangladeshi (fgn)  |   .0338777   .0641451     0.53   0.597    -.0918534    .1596087
                  Indian (UK)  |  -.1747795   .0726669    -2.41   0.016    -.3172142   -.0323449
               Pakistani (UK)  |  -.0020523   .0681368    -0.03   0.976    -.1356076     .131503
             Bangladeshi (UK)  |   .0785334   .0840289     0.93   0.350    -.0861719    .2432387
               Black (fgn/UK)  |  -.0080144   .0537384    -0.15   0.881    -.1133472    .0973184
          Other Mus. (fgn/UK)  |   .0772435   .0762148     1.01   0.311    -.0721455    .2266325
                               |
                         _cons |   5.437999   .0440479   123.46   0.000      5.35166    5.524337
------------------------------------------------------------------------------------------------
(sum of wgt is 91,226.6568738107)

Linear regression                               Number of obs     =     94,312
                                                F(19, 19227)      =      16.90
                                                Prob > F          =     0.0000
                                                R-squared         =     0.0045
                                                Root MSE          =     1.3766

                                      (Std. err. adjusted for 19,228 clusters in pidp)
--------------------------------------------------------------------------------------
                     |               Robust
            outcome4 | Coefficient  std. err.      t    P>|t|     [95% conf. interval]
---------------------+----------------------------------------------------------------
                wave |
               2. b  |  -.0707494   .0171768    -4.12   0.000    -.1044174   -.0370814
               3. c  |  -.1840686   .0195605    -9.41   0.000    -.2224088   -.1457283
               4. d  |  -.2215321    .020528   -10.79   0.000    -.2617688   -.1812954
               5. e  |  -.1987665   .0210834    -9.43   0.000    -.2400918   -.1574411
               6. f  |  -.0437272   .0207396    -2.11   0.035    -.0843787   -.0030757
               7. g  |  -.0247668   .0215458    -1.15   0.250    -.0669985    .0174649
               8. h  |  -.0745014   .0222047    -3.36   0.001    -.1180246   -.0309783
               9. i  |  -.1736083   .0238233    -7.29   0.000     -.220304   -.1269126
              10. j  |  -.1746988   .0242166    -7.21   0.000    -.2221655   -.1272322
              11. k  |  -.2133161   .0255957    -8.33   0.000    -.2634858   -.1631464
              12. l  |  -.1147109    .026816    -4.28   0.000    -.1672726   -.0621492
                     |
                resm |
       Indian (fgn)  |   .1145986   .1969853     0.58   0.561    -.2715099     .500707
    Pakistani (fgn)  |  -.1287363   .1335618    -0.96   0.335    -.3905291    .1330564
  Bangladeshi (fgn)  |  -.3386828   .1245077    -2.72   0.007    -.5827287   -.0946368
        Indian (UK)  |   .1472659   .1774227     0.83   0.407     -.200498    .4950298
     Pakistani (UK)  |   .0063822   .0886032     0.07   0.943    -.1672878    .1800522
   Bangladeshi (UK)  |  -.1709431   .1632339    -1.05   0.295    -.4908958    .1490096
     Black (fgn/UK)  |  -.4218271   .0715059    -5.90   0.000     -.561985   -.2816692
Other Mus. (fgn/UK)  |  -.1484319   .1573346    -0.94   0.345    -.4568215    .1599576
                     |
               _cons |   5.309764   .0148432   357.72   0.000      5.28067    5.338858
--------------------------------------------------------------------------------------
(sum of wgt is 91,226.6568738107)

Linear regression                               Number of obs     =     94,312
                                                F(19, 19227)      =      16.90
                                                Prob > F          =     0.0000
                                                R-squared         =     0.0045
                                                Root MSE          =     1.3766

                                      (Std. err. adjusted for 19,228 clusters in pidp)
--------------------------------------------------------------------------------------
                     |               Robust
            outcome4 | Coefficient  std. err.      t    P>|t|     [95% conf. interval]
---------------------+----------------------------------------------------------------
                wave |
               2. b  |  -.0707494   .0171768    -4.12   0.000    -.1044174   -.0370814
               3. c  |  -.1840686   .0195605    -9.41   0.000    -.2224088   -.1457283
               4. d  |  -.2215321    .020528   -10.79   0.000    -.2617688   -.1812954
               5. e  |  -.1987665   .0210834    -9.43   0.000    -.2400918   -.1574411
               6. f  |  -.0437272   .0207396    -2.11   0.035    -.0843787   -.0030757
               7. g  |  -.0247668   .0215458    -1.15   0.250    -.0669985    .0174649
               8. h  |  -.0745014   .0222047    -3.36   0.001    -.1180246   -.0309783
               9. i  |  -.1736083   .0238233    -7.29   0.000     -.220304   -.1269126
              10. j  |  -.1746988   .0242166    -7.21   0.000    -.2221655   -.1272322
              11. k  |  -.2133161   .0255957    -8.33   0.000    -.2634858   -.1631464
              12. l  |  -.1147109    .026816    -4.28   0.000    -.1672726   -.0621492
                     |
                resm |
       Indian (fgn)  |   .1145986   .1969853     0.58   0.561    -.2715099     .500707
    Pakistani (fgn)  |  -.1287363   .1335618    -0.96   0.335    -.3905291    .1330564
  Bangladeshi (fgn)  |  -.3386828   .1245077    -2.72   0.007    -.5827287   -.0946368
        Indian (UK)  |   .1472659   .1774227     0.83   0.407     -.200498    .4950298
     Pakistani (UK)  |   .0063822   .0886032     0.07   0.943    -.1672878    .1800522
   Bangladeshi (UK)  |  -.1709431   .1632339    -1.05   0.295    -.4908958    .1490096
     Black (fgn/UK)  |  -.4218271   .0715059    -5.90   0.000     -.561985   -.2816692
Other Mus. (fgn/UK)  |  -.1484319   .1573346    -0.94   0.345    -.4568215    .1599576
                     |
               _cons |   5.309764   .0148432   357.72   0.000      5.28067    5.338858
--------------------------------------------------------------------------------------
(sum of wgt is 91,226.6568738107)

Linear regression                               Number of obs     =     94,312
                                                F(22, 19227)      =      14.74
                                                Prob > F          =     0.0000
                                                R-squared         =     0.0046
                                                Root MSE          =     1.3766

                                      (Std. err. adjusted for 19,228 clusters in pidp)
--------------------------------------------------------------------------------------
                     |               Robust
            outcome4 | Coefficient  std. err.      t    P>|t|     [95% conf. interval]
---------------------+----------------------------------------------------------------
                wave |
               2. b  |  -.0706909   .0171779    -4.12   0.000    -.1043611   -.0370207
               3. c  |  -.1838657   .0195631    -9.40   0.000     -.222211   -.1455204
               4. d  |  -.2215326   .0205293   -10.79   0.000    -.2617719   -.1812933
               5. e  |  -.1988262   .0210965    -9.42   0.000    -.2401772   -.1574752
               6. f  |  -.0440353   .0207488    -2.12   0.034    -.0847048   -.0033659
               7. g  |   -.024988   .0215618    -1.16   0.247    -.0672509    .0172749
               8. h  |  -.0749256   .0222187    -3.37   0.001    -.1184761    -.031375
               9. i  |  -.1739803   .0238315    -7.30   0.000    -.2206921   -.1272685
              10. j  |  -.1746517   .0242249    -7.21   0.000    -.2221347   -.1271687
              11. k  |   -.213214   .0255943    -8.33   0.000    -.2633811   -.1630469
              12. l  |  -.1149063     .02682    -4.28   0.000    -.1674758   -.0623368
                     |
                resm |
       Indian (fgn)  |   .1189315   .1974552     0.60   0.547     -.268098     .505961
    Pakistani (fgn)  |  -.1273245   .1343232    -0.95   0.343    -.3906098    .1359607
  Bangladeshi (fgn)  |  -.3353071   .1245465    -2.69   0.007    -.5794291   -.0911852
        Indian (UK)  |   .1449601   .1760714     0.82   0.410    -.2001551    .4900754
     Pakistani (UK)  |    .009798   .0887152     0.11   0.912    -.1640915    .1836874
   Bangladeshi (UK)  |  -.1683007   .1632176    -1.03   0.302    -.4882215    .1516201
     Black (fgn/UK)  |  -.4198756    .071764    -5.85   0.000    -.5605393   -.2792119
Other Mus. (fgn/UK)  |  -.1481201   .1577458    -0.94   0.348    -.4573156    .1610754
                     |
              dep_qt |  -.0067131   .0065812    -1.02   0.308     -.019613    .0061867
              mus_qt |  -.0064993    .007519    -0.86   0.387    -.0212373    .0082387
               eu_qt |   .0091689   .0072936     1.26   0.209    -.0051272     .023465
               _cons |   5.322033   .0357401   148.91   0.000     5.251979    5.392086
--------------------------------------------------------------------------------------
(sum of wgt is 91,226.6568738107)

Linear regression                               Number of obs     =     94,312
                                                F(33, 19227)      =      16.55
                                                Prob > F          =     0.0000
                                                R-squared         =     0.0132
                                                Root MSE          =     1.3707

                                                (Std. err. adjusted for 19,228 clusters in pidp)
------------------------------------------------------------------------------------------------
                               |               Robust
                      outcome4 | Coefficient  std. err.      t    P>|t|     [95% conf. interval]
-------------------------------+----------------------------------------------------------------
                          wave |
                         2. b  |   -.071493   .0171833    -4.16   0.000    -.1051738   -.0378122
                         3. c  |  -.1858518   .0195657    -9.50   0.000    -.2242024   -.1475013
                         4. d  |  -.2256214   .0205866   -10.96   0.000    -.2659729   -.1852698
                         5. e  |  -.2019841   .0211365    -9.56   0.000    -.2434133   -.1605548
                         6. f  |  -.0469728   .0207926    -2.26   0.024    -.0877282   -.0062175
                         7. g  |  -.0298956    .021615    -1.38   0.167    -.0722629    .0124718
                         8. h  |  -.0783133   .0222648    -3.52   0.000    -.1219542   -.0346723
                         9. i  |  -.1782533   .0237956    -7.49   0.000    -.2248947   -.1316119
                        10. j  |  -.1773855   .0242437    -7.32   0.000    -.2249052   -.1298657
                        11. k  |  -.2209955   .0255994    -8.63   0.000    -.2711726   -.1708184
                        12. l  |  -.1244002   .0268338    -4.64   0.000    -.1769968   -.0718036
                               |
                          resm |
                 Indian (fgn)  |   .1286753   .1908508     0.67   0.500     -.245409    .5027595
              Pakistani (fgn)  |   -.121673   .1320197    -0.92   0.357    -.3804432    .1370971
            Bangladeshi (fgn)  |  -.3237355   .1254805    -2.58   0.010    -.5696882   -.0777827
                  Indian (UK)  |   .1286169    .173119     0.74   0.458    -.2107114    .4679453
               Pakistani (UK)  |   .0129803   .0869678     0.15   0.881    -.1574843    .1834448
             Bangladeshi (UK)  |  -.1510036   .1618935    -0.93   0.351     -.468329    .1663218
               Black (fgn/UK)  |  -.4066486   .0717093    -5.67   0.000    -.5472051   -.2660921
          Other Mus. (fgn/UK)  |  -.1502432   .1579607    -0.95   0.342      -.45986    .1593736
                               |
                        dep_qt |  -.0071641   .0064931    -1.10   0.270    -.0198912     .005563
                        mus_qt |  -.0067357     .00743    -0.91   0.365    -.0212991    .0078276
                         eu_qt |    .007404   .0072419     1.02   0.307    -.0067907    .0215987
                     lfs4eu_qt |  -.0290226   .0078566    -3.69   0.000    -.0444222   -.0136231
                     pubsector |   .0371997   .0176309     2.11   0.035     .0026416    .0717578
                      parttime |   .1131881   .0171761     6.59   0.000     .0795213    .1468548
                               |
                         major |
                 Professional  |   .0647985   .0318948     2.03   0.042     .0022819    .1273152
      Associate and technical  |  -.0197114   .0327688    -0.60   0.547    -.0839411    .0445182
         Admin. & secretarial  |  -.1069172   .0328358    -3.26   0.001    -.1712783   -.0425561
               Skilled trades  |  -.1002319   .0741695    -1.35   0.177    -.2456106    .0451468
             Personal service  |  -.1474642   .0354122    -4.16   0.000    -.2168751   -.0780532
   Sales and customer service  |   -.212828   .0388766    -5.47   0.000    -.2890295   -.1366265
Process, plant & machine ops.  |   -.077014   .0780552    -0.99   0.324     -.230009    .0759811
             Elementary occs.  |  -.2494266   .0431042    -5.79   0.000    -.3339147   -.1649386
                               |
                         _cons |   5.446238   .0462562   117.74   0.000     5.355572    5.536904
------------------------------------------------------------------------------------------------
(sum of wgt is 91,226.6568738107)

Linear regression                               Number of obs     =     94,312
                                                F(41, 19227)      =      13.61
                                                Prob > F          =     0.0000
                                                R-squared         =     0.0134
                                                Root MSE          =     1.3706

                                                (Std. err. adjusted for 19,228 clusters in pidp)
------------------------------------------------------------------------------------------------
                               |               Robust
                      outcome4 | Coefficient  std. err.      t    P>|t|     [95% conf. interval]
-------------------------------+----------------------------------------------------------------
                          wave |
                         2. b  |  -.0714038   .0171848    -4.16   0.000    -.1050875   -.0377202
                         3. c  |  -.1858524   .0195647    -9.50   0.000     -.224201   -.1475039
                         4. d  |  -.2257909   .0205861   -10.97   0.000    -.2661415   -.1854403
                         5. e  |   -.202161   .0211391    -9.56   0.000    -.2435954   -.1607266
                         6. f  |  -.0471238   .0207937    -2.27   0.023    -.0878813   -.0063663
                         7. g  |  -.0301582   .0216176    -1.40   0.163    -.0725305    .0122142
                         8. h  |  -.0783543   .0222624    -3.52   0.000    -.1219906    -.034718
                         9. i  |  -.1785064   .0237922    -7.50   0.000    -.2251412   -.1318716
                        10. j  |  -.1781014   .0242245    -7.35   0.000    -.2255836   -.1306192
                        11. k  |  -.2212278   .0255924    -8.64   0.000    -.2713912   -.1710645
                        12. l  |  -.1241632    .026819    -4.63   0.000    -.1767307   -.0715957
                               |
                          resm |
                 Indian (fgn)  |   .5226539   .4007863     1.30   0.192    -.2629221     1.30823
              Pakistani (fgn)  |   .0112301   .3350252     0.03   0.973    -.6454486    .6679088
            Bangladeshi (fgn)  |  -.7360243   .2693502    -2.73   0.006    -1.263974   -.2080743
                  Indian (UK)  |  -.9525374   .3688579    -2.58   0.010    -1.675531   -.2295437
               Pakistani (UK)  |    .157885   .2129032     0.74   0.458    -.2594238    .5751939
             Bangladeshi (UK)  |  -.4883314     .30554    -1.60   0.110    -1.087217    .1105538
               Black (fgn/UK)  |  -.4829014   .1469877    -3.29   0.001      -.77101   -.1947927
          Other Mus. (fgn/UK)  |  -.0283394   .3666098    -0.08   0.938    -.7469266    .6902477
                               |
                        dep_qt |    -.00709   .0064919    -1.09   0.275    -.0198148    .0056348
                        mus_qt |   -.006868   .0074303    -0.92   0.355    -.0214321    .0076962
                         eu_qt |   .0075108    .007242     1.04   0.300    -.0066841    .0217058
                     pubsector |   .0375661   .0176281     2.13   0.033     .0030134    .0721187
                      parttime |   .1132243   .0171754     6.59   0.000      .079559    .1468896
                               |
                         major |
                 Professional  |   .0640892   .0318695     2.01   0.044     .0016222    .1265562
      Associate and technical  |   -.019243   .0327625    -0.59   0.557    -.0834603    .0449743
         Admin. & secretarial  |  -.1069562   .0328339    -3.26   0.001    -.1713135   -.0425989
               Skilled trades  |  -.0991456   .0741836    -1.34   0.181    -.2445519    .0462608
             Personal service  |   -.147357   .0354038    -4.16   0.000    -.2167515   -.0779626
   Sales and customer service  |  -.2130175   .0388588    -5.48   0.000    -.2891841   -.1368509
Process, plant & machine ops.  |  -.0757235   .0780659    -0.97   0.332    -.2287395    .0772926
             Elementary occs.  |  -.2488354   .0431076    -5.77   0.000    -.3333301   -.1643406
                               |
                     lfs4eu_qt |  -.0295303   .0079598    -3.71   0.000    -.0451322   -.0139284
                               |
              resm#c.lfs4eu_qt |
                 Indian (fgn)  |  -.1397336   .1158586    -1.21   0.228    -.3668267    .0873594
              Pakistani (fgn)  |  -.0455597   .1050614    -0.43   0.665    -.2514893    .1603698
            Bangladeshi (fgn)  |   .1313221   .0722343     1.82   0.069    -.0102634    .2729076
                  Indian (UK)  |   .3571374   .1361726     2.62   0.009     .0902272    .6240476
               Pakistani (UK)  |   -.051231    .070877    -0.72   0.470    -.1901561    .0876942
             Bangladeshi (UK)  |   .1159039   .1011102     1.15   0.252    -.0822809    .3140886
               Black (fgn/UK)  |   .0267021   .0463742     0.58   0.565    -.0641954    .1175996
          Other Mus. (fgn/UK)  |  -.0393828   .1008086    -0.39   0.696    -.2369765    .1582109
                               |
                         _cons |   5.447484   .0463936   117.42   0.000     5.356549     5.53842
------------------------------------------------------------------------------------------------

. 
end of do-file

. log close
      name:  <unnamed>
       log:  /Users/scothunter/Library/CloudStorage/OneDrive-UniversityofStirling/thesis/directory/syntax/prep/attachments/sup_ch6f_satisfaction.l
> og
  log type:  text
 closed on:  28 Sep 2024, 11:52:44
--------------------------------------------------------------------------------------------------------------------------------------------------
