--------------------------------------------------------------------------------------------------------------------------------------------------
      name:  <unnamed>
       log:  /Users/scothunter/Library/CloudStorage/OneDrive-UniversityofStirling/thesis/directory/syntax/prep/attachments/sup_ch6c_camsis.log
  log type:  text
 opened on:  28 Sep 2024, 11:50:25

. do "/var/folders/cj/8dv18brd2sd49mkfxtpn8j1w0000gn/T//SD04849.000000"

. * CAMSIS 
. global vars3 "outcome1 resm fem dvage_ind educscore engprof lonse mar child health cardum ties liberal sity"

. capture drop miss3

. egen miss3 = rmiss($vars3)

. codebook $vars3 if miss3 == 0, compact

Variable      Obs Unique      Mean       Min      Max  Label
--------------------------------------------------------------------------------------------------------------------------------------------------
outcome1   191231    320  50.20342      8.83    83.13  Mean CAMSIS score
resm       191231      9  1.360956         1        9  
fem        191231      2  .5272838         0        1  female
dvage_ind  191231     49  41.70158        16       64  Mean age
educscore  191231     42  49.87111  34.67812  61.7509  Education score
engprof    191231      2  .9908749         0        1  English language proficiency
lonse      191231      2  .2109857         0        1  
mar        191231      2  .5435154         0        1  Marital status
child      191231      4  .2889385         0        3  No. of children under 16
health     191231      2   1.75973         1        2  Long-standing illness or impairment
cardum     191231      2  .1536623         0        1  
ties       191231      2  .7894693         0        1  close ties with majority
liberal    191231      2  .8443558         0        1  Liberal gender attitudes
sity       191231      2  .8534913         0        1  Religiosity scale
--------------------------------------------------------------------------------------------------------------------------------------------------

. global miss "& miss3 == 0 [pw=nwei] , robust cluster(pidp)"

. foreach num of numlist 0 1 { 
  2.         regress outcome1 i.wave i.resm if fem == `num' $miss3 
  3.         est store b`num'_1
  4.         *sd model 
.         regress outcome1 i.wave i.resm $parvar_ca if fem == `num' $miss3 
  5.         est store i`num'_1
  6.         *local model 
.         regress outcome1 i.wave i.resm $parvar_ca ///
>         dep_qt mus_qt eu_qt if fem == `num' $miss3 
  7.         est store loc`num'_1
  8.         * occupation model 
.         regress outcome1 i.wave i.resm $parvar_ca ///
>         dep_qt mus_qt eu_qt ///
>         lfs4eu_qt ///
>         if fem == `num' $miss3 
  9.         est store occ`num'_1
 10.         *interaction model 
.         regress outcome1 i.wave i.resm $parvar_ca ///
>         dep_qt mus_qt eu_qt ///
>         i.resm##c.lfs4eu_qt ///
>         if fem == `num' $miss3 
 11.         est store int`num'_1
 12. }

      Source |       SS           df       MS      Number of obs   =    92,316
-------------+----------------------------------   F(19, 92296)    =     44.36
       Model |  195067.698        19  10266.7209   Prob > F        =    0.0000
    Residual |  21361854.9    92,296  231.449412   R-squared       =    0.0090
-------------+----------------------------------   Adj R-squared   =    0.0088
       Total |  21556922.6    92,315  233.514841   Root MSE        =    15.213

--------------------------------------------------------------------------------------
            outcome1 | Coefficient  Std. err.      t    P>|t|     [95% conf. interval]
---------------------+----------------------------------------------------------------
                wave |
               2. b  |  -.2919728   .2184307    -1.34   0.181    -.7200947    .1361492
               3. c  |  -.5034798   .2229487    -2.26   0.024    -.9404568   -.0665027
               4. d  |  -.3870046    .225408    -1.72   0.086    -.8288021    .0547928
               5. e  |   -.319935   .2280764    -1.40   0.161    -.7669625    .1270925
               6. f  |  -.3080338   .2327236    -1.32   0.186    -.7641697     .148102
               7. g  |   .1578474   .2349606     0.67   0.502     -.302673    .6183678
               8. h  |   .2137529   .2392936     0.89   0.372      -.25526    .6827659
               9. i  |   .3860482   .2471488     1.56   0.118     -.098361    .8704573
              10. j  |   .4899282   .2513966     1.95   0.051    -.0028065    .9826629
              11. k  |   1.107329   .2582494     4.29   0.000     .6011625    1.613495
              12. l  |   1.531908   .2707104     5.66   0.000     1.001318    2.062497
                     |
                resm |
       Indian (fgn)  |  -5.560731   .6154427    -9.04   0.000    -6.766992    -4.35447
    Pakistani (fgn)  |  -6.844003   .3872895   -17.67   0.000    -7.603086    -6.08492
  Bangladeshi (fgn)  |  -6.934428   .4364106   -15.89   0.000    -7.789788   -6.079067
        Indian (UK)  |   3.179554   .7331219     4.34   0.000     1.742643    4.616465
     Pakistani (UK)  |  -1.986425    .424042    -4.68   0.000    -2.817543   -1.155307
   Bangladeshi (UK)  |  -.1743322   .5960746    -0.29   0.770    -1.342632    .9939678
     Black (fgn/UK)  |  -2.919455   .3975418    -7.34   0.000    -3.698633   -2.140278
Other Mus. (fgn/UK)  |  -1.175221   .6673925    -1.76   0.078    -2.483303    .1328617
                     |
               _cons |   48.93134   .1596386   306.51   0.000     48.61845    49.24423
--------------------------------------------------------------------------------------

      Source |       SS           df       MS      Number of obs   =    90,398
-------------+----------------------------------   F(30, 90367)    =   1520.09
       Model |  7082080.84        30  236069.361   Prob > F        =    0.0000
    Residual |  14033974.3    90,367   155.29977   R-squared       =    0.3354
-------------+----------------------------------   Adj R-squared   =    0.3352
       Total |  21116055.1    90,397  233.592433   Root MSE        =    12.462

--------------------------------------------------------------------------------------
            outcome1 | Coefficient  Std. err.      t    P>|t|     [95% conf. interval]
---------------------+----------------------------------------------------------------
                wave |
               2. b  |  -.6223847   .1813231    -3.43   0.001    -.9777762   -.2669931
               3. c  |  -1.031341   .1859721    -5.55   0.000    -1.395844    -.666837
               4. d  |  -.9153883    .188079    -4.87   0.000    -1.284021   -.5467553
               5. e  |  -.8515532   .1901993    -4.48   0.000    -1.224342   -.4787645
               6. f  |  -.8543342   .1946787    -4.39   0.000    -1.235902   -.4727659
               7. g  |  -.5145237   .1959213    -2.63   0.009    -.8985276   -.1305199
               8. h  |  -.5005463    .199489    -2.51   0.012    -.8915429   -.1095497
               9. i  |  -.5413786   .2056098    -2.63   0.008    -.9443718   -.1383854
              10. j  |  -.6013033   .2094595    -2.87   0.004    -1.011842   -.1907648
              11. k  |  -.2647201   .2145473    -1.23   0.217    -.6852308    .1557906
              12. l  |  -.2012027   .2243395    -0.90   0.370     -.640906    .2385005
                     |
                resm |
       Indian (fgn)  |  -5.078242   .5553568    -9.14   0.000    -6.166736   -3.989748
    Pakistani (fgn)  |  -5.838175   .3626003   -16.10   0.000    -6.548868   -5.127481
  Bangladeshi (fgn)  |  -5.369196   .4035575   -13.30   0.000    -6.160165   -4.578227
        Indian (UK)  |  -.4570291   .6160179    -0.74   0.458    -1.664418      .75036
     Pakistani (UK)  |  -2.474929   .3748913    -6.60   0.000    -3.209713   -1.740146
   Bangladeshi (UK)  |  -.5551368   .5201056    -1.07   0.286    -1.574539    .4642651
     Black (fgn/UK)  |  -1.545154   .3446144    -4.48   0.000    -2.220595   -.8697135
Other Mus. (fgn/UK)  |   -4.17048   .5746921    -7.26   0.000     -5.29687   -3.044089
                     |
           dvage_ind |  -.0275301   .0039213    -7.02   0.000    -.0352159   -.0198443
           educscore |   1.057224    .005585   189.30   0.000     1.046277     1.06817
             engprof |    5.31242   .4084978    13.00   0.000     4.511768    6.113071
               lonse |   2.480468    .104674    23.70   0.000     2.275308    2.685628
                 mar |   2.095095   .0943175    22.21   0.000     1.910234    2.279956
               child |   .8869005     .29224     3.03   0.002      .314113    1.459688
              health |   .6625768   .1016641     6.52   0.000     .4633161    .8618374
              cardum |  -1.117508   .1288304    -8.67   0.000    -1.370015    -.865002
                ties |   .6344886   .1130785     5.61   0.000     .4128558    .8561213
             liberal |   1.308744   .1150283    11.38   0.000      1.08329    1.534199
                sity |  -1.180629   .1438157    -8.21   0.000    -1.462507   -.8987521
               _cons |  -10.28913     .55946   -18.39   0.000    -11.38566   -9.192589
--------------------------------------------------------------------------------------

      Source |       SS           df       MS      Number of obs   =    90,398
-------------+----------------------------------   F(33, 90364)    =   1382.65
       Model |  7084807.39        33  214691.133   Prob > F        =    0.0000
    Residual |  14031247.7    90,364  155.274752   R-squared       =    0.3355
-------------+----------------------------------   Adj R-squared   =    0.3353
       Total |  21116055.1    90,397  233.592433   Root MSE        =    12.461

--------------------------------------------------------------------------------------
            outcome1 | Coefficient  Std. err.      t    P>|t|     [95% conf. interval]
---------------------+----------------------------------------------------------------
                wave |
               2. b  |  -.6115115   .1813282    -3.37   0.001    -.9669131     -.25611
               3. c  |  -1.020329   .1859777    -5.49   0.000    -1.384843   -.6558143
               4. d  |  -.9032449   .1880872    -4.80   0.000    -1.271894   -.5345958
               5. e  |   -.839398   .1902072    -4.41   0.000    -1.212202   -.4665937
               6. f  |  -.8422388   .1946847    -4.33   0.000    -1.223819   -.4606587
               7. g  |  -.4997223   .1959394    -2.55   0.011    -.8837617   -.1156829
               8. h  |  -.4867379   .1995026    -2.44   0.015    -.8777611   -.0957148
               9. i  |  -.5285503   .2056188    -2.57   0.010    -.9315611   -.1255395
              10. j  |  -.5886431    .209466    -2.81   0.005    -.9991945   -.1780917
              11. k  |  -.2540188     .21455    -1.18   0.236    -.6745347     .166497
              12. l  |  -.1880952   .2243464    -0.84   0.402    -.6278119    .2516215
                     |
                resm |
       Indian (fgn)  |  -5.148435   .5559503    -9.26   0.000    -6.238092   -4.058778
    Pakistani (fgn)  |    -5.8758   .3631202   -16.18   0.000    -6.587512   -5.164088
  Bangladeshi (fgn)  |  -5.466366   .4046495   -13.51   0.000    -6.259475   -4.673257
        Indian (UK)  |  -.4622379   .6163043    -0.75   0.453    -1.670188    .7457125
     Pakistani (UK)  |  -2.514187   .3755515    -6.69   0.000    -3.250264    -1.77811
   Bangladeshi (UK)  |   -.660887   .5210535    -1.27   0.205    -1.682147    .3603727
     Black (fgn/UK)  |  -1.638769    .345621    -4.74   0.000    -2.316183   -.9613553
Other Mus. (fgn/UK)  |  -4.262181   .5751787    -7.41   0.000    -5.389525   -3.134836
                     |
           dvage_ind |  -.0274395   .0039222    -7.00   0.000     -.035127   -.0197521
           educscore |   1.056205   .0055905   188.93   0.000     1.045248    1.067162
             engprof |   5.313255    .408513    13.01   0.000     4.512574    6.113937
               lonse |   2.416527   .1058241    22.84   0.000     2.209113    2.623941
                 mar |   2.094303   .0943363    22.20   0.000     1.909405    2.279201
               child |   .8776635   .2922385     3.00   0.003     .3048788    1.450448
              health |   .6598877   .1016658     6.49   0.000     .4606237    .8591517
              cardum |  -1.111294   .1288296    -8.63   0.000    -1.363799   -.8587898
                ties |   .6386296   .1130747     5.65   0.000     .4170043    .8602549
             liberal |   1.307989   .1150331    11.37   0.000     1.082525    1.533452
                sity |   -1.19739   .1441866    -8.30   0.000    -1.479994   -.9147859
              dep_qt |   .0336738   .0299526     1.12   0.261     -.025033    .0923806
              mus_qt |   .0824671   .0343286     2.40   0.016     .0151834    .1497508
               eu_qt |   .0654687    .034508     1.90   0.058    -.0021666     .133104
               _cons |   -10.7535   .5760165   -18.67   0.000    -11.88249   -9.624515
--------------------------------------------------------------------------------------

      Source |       SS           df       MS      Number of obs   =    90,398
-------------+----------------------------------   F(34, 90363)    =   3310.37
       Model |  11712590.6        34   344487.96   Prob > F        =    0.0000
    Residual |   9403464.5    90,363  104.063217   R-squared       =    0.5547
-------------+----------------------------------   Adj R-squared   =    0.5545
       Total |  21116055.1    90,397  233.592433   Root MSE        =    10.201

--------------------------------------------------------------------------------------
            outcome1 | Coefficient  Std. err.      t    P>|t|     [95% conf. interval]
---------------------+----------------------------------------------------------------
                wave |
               2. b  |  -.4161453   .1484472    -2.80   0.005    -.7071004   -.1251902
               3. c  |  -.7313756   .1522568    -4.80   0.000    -1.029797   -.4329537
               4. d  |  -.6626538   .1539818    -4.30   0.000    -.9644567    -.360851
               5. e  |  -.6110298   .1557169    -3.92   0.000    -.9162334   -.3058262
               6. f  |  -.5690309   .1593839    -3.57   0.000    -.8814217   -.2566401
               7. g  |  -.3035511   .1604085    -1.89   0.058    -.6179502     .010848
               8. h  |  -.2428577   .1633269    -1.49   0.137    -.5629768    .0772614
               9. i  |   -.257289   .1683347    -1.53   0.126    -.5872234    .0726453
              10. j  |  -.2663797   .1714861    -1.55   0.120    -.6024908    .0697315
              11. k  |   -.120507   .1756424    -0.69   0.493    -.4647645    .2237505
              12. l  |  -.0740885   .1836619    -0.40   0.687    -.4340641    .2858871
                     |
                resm |
       Indian (fgn)  |  -2.632208    .455285    -5.78   0.000    -3.524562   -1.739854
    Pakistani (fgn)  |  -3.268156   .2975254   -10.98   0.000    -3.851303   -2.685009
  Bangladeshi (fgn)  |  -1.941971   .3316875    -5.85   0.000    -2.592076   -1.291867
        Indian (UK)  |  -1.232571   .5045507    -2.44   0.015    -2.221485   -.2436565
     Pakistani (UK)  |  -1.882912   .3074598    -6.12   0.000    -2.485531   -1.280294
   Bangladeshi (UK)  |  -.1724753   .4265666    -0.40   0.686    -1.008542    .6635912
     Black (fgn/UK)  |  -.6193231   .2829839    -2.19   0.029    -1.173969   -.0646774
Other Mus. (fgn/UK)  |  -1.920312   .4710009    -4.08   0.000    -2.843469   -.9971545
                     |
           dvage_ind |  -.0320893    .003211    -9.99   0.000    -.0383827   -.0257958
           educscore |   .7196397    .004847   148.47   0.000     .7101397    .7291397
             engprof |   2.639536   .3346693     7.89   0.000     1.983587    3.295484
               lonse |   1.263903   .0868052    14.56   0.000     1.093766    1.434041
                 mar |   1.167368   .0773534    15.09   0.000     1.015756     1.31898
               child |    .786097   .2392414     3.29   0.001     .3171862    1.255008
              health |   .2337513   .0832532     2.81   0.005     .0705758    .3969269
              cardum |  -.9770846   .1054682    -9.26   0.000    -1.183801   -.7703679
                ties |   .5178761   .0925704     5.59   0.000      .336439    .6993131
             liberal |   1.026887   .0941812    10.90   0.000     .8422922    1.211481
                sity |  -1.174439   .1180384    -9.95   0.000    -1.405793   -.9430847
              dep_qt |    .057419   .0245209     2.34   0.019     .0093582    .1054798
              mus_qt |   .0625914   .0281033     2.23   0.026     .0075093    .1176735
               eu_qt |   .0496683     .02825     1.76   0.079    -.0057016    .1050381
           lfs4eu_qt |   -5.24506   .0248721  -210.88   0.000    -5.293809   -5.196311
               _cons |   26.23628   .5031223    52.15   0.000     25.25017     27.2224
--------------------------------------------------------------------------------------

      Source |       SS           df       MS      Number of obs   =    90,398
-------------+----------------------------------   F(42, 90355)    =   2681.75
       Model |  11716796.1        42  278971.336   Prob > F        =    0.0000
    Residual |  9399259.03    90,355  104.025887   R-squared       =    0.5549
-------------+----------------------------------   Adj R-squared   =    0.5547
       Total |  21116055.1    90,397  233.592433   Root MSE        =    10.199

--------------------------------------------------------------------------------------
            outcome1 | Coefficient  Std. err.      t    P>|t|     [95% conf. interval]
---------------------+----------------------------------------------------------------
                wave |
               2. b  |   -.410554   .1484251    -2.77   0.006    -.7014658   -.1196422
               3. c  |  -.7263551   .1522346    -4.77   0.000    -1.024733   -.4279768
               4. d  |  -.6577408   .1539575    -4.27   0.000    -.9594959   -.3559856
               5. e  |   -.604798   .1556955    -3.88   0.000    -.9099596   -.2996364
               6. f  |  -.5660073   .1593584    -3.55   0.000    -.8783482   -.2536663
               7. g  |  -.2975855   .1603847    -1.86   0.064    -.6119379    .0167669
               8. h  |   -.239873   .1633041    -1.47   0.142    -.5599473    .0802014
               9. i  |  -.2536186   .1683131    -1.51   0.132    -.5835107    .0762734
              10. j  |  -.2618529   .1714617    -1.53   0.127    -.5979161    .0742103
              11. k  |  -.1145431   .1756159    -0.65   0.514    -.4587485    .2296624
              12. l  |  -.0754489    .183649    -0.41   0.681    -.4353991    .2845013
                     |
                resm |
       Indian (fgn)  |   .2820298   1.199103     0.24   0.814    -2.068201    2.632261
    Pakistani (fgn)  |   -.191284   .7603782    -0.25   0.801    -1.681618     1.29905
  Bangladeshi (fgn)  |   -.737332   .9104194    -0.81   0.418    -2.521745    1.047081
        Indian (UK)  |  -2.504316   1.095503    -2.29   0.022     -4.65149    -.357141
     Pakistani (UK)  |  -1.197208   .7282412    -1.64   0.100    -2.624554    .2301373
   Bangladeshi (UK)  |  -2.962443   1.045874    -2.83   0.005    -5.012345   -.9125404
     Black (fgn/UK)  |  -.4440937   .6881205    -0.65   0.519    -1.792803    .9046158
Other Mus. (fgn/UK)  |  -1.175555   1.154725    -1.02   0.309    -3.438804    1.087694
                     |
           dvage_ind |  -.0319234   .0032114    -9.94   0.000    -.0382177    -.025629
           educscore |   .7188434   .0048483   148.27   0.000     .7093407    .7283461
             engprof |    2.38789   .3408026     7.01   0.000      1.71992     3.05586
               lonse |   1.260598   .0867993    14.52   0.000     1.090472    1.430724
                 mar |   1.174422   .0773677    15.18   0.000     1.022782    1.326062
               child |   .7849751   .2392313     3.28   0.001     .3160841    1.253866
              health |   .2370769   .0832433     2.85   0.004     .0739208     .400233
              cardum |  -.9777522   .1054705    -9.27   0.000    -1.184473    -.771031
                ties |   .5201605   .0925659     5.62   0.000     .3387321    .7015888
             liberal |   1.019146   .0942491    10.81   0.000     .8344188    1.203874
                sity |  -1.179665   .1180843    -9.99   0.000    -1.411109    -.948221
              dep_qt |   .0553205   .0245216     2.26   0.024     .0072584    .1033826
              mus_qt |   .0634165   .0281015     2.26   0.024     .0083379    .1184951
               eu_qt |   .0475601   .0282504     1.68   0.092    -.0078104    .1029306
           lfs4eu_qt |  -5.229263   .0256223  -204.09   0.000    -5.279482   -5.179043
                     |
    resm#c.lfs4eu_qt |
       Indian (fgn)  |  -.8457476   .3166517    -2.67   0.008    -1.466382   -.2251134
    Pakistani (fgn)  |  -.8773517   .1974219    -4.44   0.000    -1.264297   -.4904066
  Bangladeshi (fgn)  |  -.3394082   .2269038    -1.50   0.135    -.7841374    .1053211
        Indian (UK)  |   .4740955   .3629388     1.31   0.191    -.2372611    1.185452
     Pakistani (UK)  |  -.2216164   .2107913    -1.05   0.293    -.6347652    .1915324
   Bangladeshi (UK)  |   .8940337   .3074837     2.91   0.004     .2913686    1.496699
     Black (fgn/UK)  |  -.0551932   .1935399    -0.29   0.776    -.4345295    .3241431
Other Mus. (fgn/UK)  |  -.2389487   .3238092    -0.74   0.461    -.8736117    .3957142
                     |
               _cons |   26.47854   .5064566    52.28   0.000     25.48589    27.47119
--------------------------------------------------------------------------------------

      Source |       SS           df       MS      Number of obs   =   101,705
-------------+----------------------------------   F(19, 101685)   =     10.60
       Model |  38226.0116        19  2011.89535   Prob > F        =    0.0000
    Residual |  19302745.8   101,685  189.828842   R-squared       =    0.0020
-------------+----------------------------------   Adj R-squared   =    0.0018
       Total |  19340971.8   101,704  190.169235   Root MSE        =    13.778

--------------------------------------------------------------------------------------
            outcome1 | Coefficient  Std. err.      t    P>|t|     [95% conf. interval]
---------------------+----------------------------------------------------------------
                wave |
               2. b  |   .2050439   .1901267     1.08   0.281     -.167602    .5776898
               3. c  |   .2700262   .1942334     1.39   0.164    -.1106688    .6507212
               4. d  |   .6229432   .1969618     3.16   0.002     .2369004    1.008986
               5. e  |   .5822974   .1992456     2.92   0.003     .1917785    .9728162
               6. f  |   .6729365   .2026829     3.32   0.001     .2756807    1.070192
               7. g  |    .773173   .2048101     3.78   0.000     .3717479    1.174598
               8. h  |   .8600362   .2071542     4.15   0.000     .4540167    1.266056
               9. i  |   .7926507   .2119007     3.74   0.000     .3773281    1.207973
              10. j  |   .9051538   .2146751     4.22   0.000     .4843933    1.325914
              11. k  |   1.372547   .2185511     6.28   0.000     .9441892    1.800904
              12. l  |   1.879843   .2270436     8.28   0.000      1.43484    2.324845
                     |
                resm |
       Indian (fgn)  |  -4.350257   .6732172    -6.46   0.000    -5.669754    -3.03076
    Pakistani (fgn)  |  -2.054312   .5246814    -3.92   0.000    -3.082681   -1.025943
  Bangladeshi (fgn)  |  -1.734975   .6293107    -2.76   0.006    -2.968416   -.5015336
        Indian (UK)  |   1.973447   .7466653     2.64   0.008     .5099923    3.436901
     Pakistani (UK)  |   1.434068    .415865     3.45   0.001     .6189777    2.249158
   Bangladeshi (UK)  |  -.2219728   .5128646    -0.43   0.665    -1.227181    .7832353
     Black (fgn/UK)  |  -.6330816   .2662109    -2.38   0.017    -1.154851   -.1113117
Other Mus. (fgn/UK)  |   .0690423   .7235868     0.10   0.924    -1.349179    1.487263
                     |
               _cons |   50.81521   .1384889   366.93   0.000     50.54377    51.08664
--------------------------------------------------------------------------------------

      Source |       SS           df       MS      Number of obs   =   100,833
-------------+----------------------------------   F(30, 100802)   =   1366.18
       Model |  5528339.66        30  184277.989   Prob > F        =    0.0000
    Residual |  13596689.5   100,802  134.885116   R-squared       =    0.2891
-------------+----------------------------------   Adj R-squared   =    0.2889
       Total |  19125029.2   100,832  189.672219   Root MSE        =    11.614

--------------------------------------------------------------------------------------
            outcome1 | Coefficient  Std. err.      t    P>|t|     [95% conf. interval]
---------------------+----------------------------------------------------------------
                wave |
               2. b  |   -.128744   .1618794    -0.80   0.426    -.4460255    .1885375
               3. c  |  -.3533468   .1665513    -2.12   0.034    -.6797853   -.0269083
               4. d  |  -.2434527   .1687554    -1.44   0.149    -.5742111    .0873057
               5. e  |  -.3347221    .170673    -1.96   0.050     -.669239   -.0002051
               6. f  |  -.3086951    .173969    -1.77   0.076    -.6496722     .032282
               7. g  |  -.2918869   .1752043    -1.67   0.096    -.6352851    .0515113
               8. h  |  -.2732684   .1768657    -1.55   0.122     -.619923    .0733863
               9. i  |  -.3539655   .1808453    -1.96   0.050      -.70842     .000489
              10. j  |  -.2742385   .1834716    -1.49   0.135    -.6338405    .0853634
              11. k  |   .0609473    .186423     0.33   0.744    -.3044395    .4263342
              12. l  |   .2783398   .1934348     1.44   0.150      -.10079    .6574696
                     |
                resm |
       Indian (fgn)  |  -3.317736   .6069865    -5.47   0.000    -4.507422    -2.12805
    Pakistani (fgn)  |  -.6055569   .4746446    -1.28   0.202    -1.535854    .3247406
  Bangladeshi (fgn)  |  -2.892599    .557323    -5.19   0.000    -3.984945   -1.800253
        Indian (UK)  |   1.834723   .6433235     2.85   0.004     .5738166    3.095629
     Pakistani (UK)  |   .4052754   .3674008     1.10   0.270    -.3148255    1.125376
   Bangladeshi (UK)  |  -1.023655   .4521954    -2.26   0.024    -1.909952   -.1373577
     Black (fgn/UK)  |  -2.149509   .2485325    -8.65   0.000     -2.63663   -1.662389
Other Mus. (fgn/UK)  |  -2.404332   .6263474    -3.84   0.000    -3.631965   -1.176699
                     |
           dvage_ind |  -.0382309    .003477   -11.00   0.000    -.0450457    -.031416
           educscore |   .9208999   .0049546   185.87   0.000     .9111889     .930611
             engprof |   6.108056   .4892418    12.48   0.000     5.149148    7.066964
               lonse |   1.746455   .0937058    18.64   0.000     1.562792    1.930117
                 mar |   1.986756   .0817789    24.29   0.000      1.82647    2.147042
               child |  -.2318339   .0463662    -5.00   0.000    -.3227111   -.1409567
              health |   .8349599   .0855642     9.76   0.000     .6672552    1.002665
              cardum |  -.5848937   .0967269    -6.05   0.000    -.7744773   -.3953102
                ties |    .771837   .1143433     6.75   0.000     .5477255    .9959485
             liberal |   1.168276   .1183185     9.87   0.000     .9363728    1.400178
                sity |  -1.320418   .1133298   -11.65   0.000    -1.542543   -1.098293
               _cons |  -1.921271   .5976935    -3.21   0.001    -3.092742   -.7497989
--------------------------------------------------------------------------------------

      Source |       SS           df       MS      Number of obs   =   100,833
-------------+----------------------------------   F(33, 100799)   =   1242.61
       Model |  5530446.03        33  167589.274   Prob > F        =    0.0000
    Residual |  13594583.1   100,799  134.868234   R-squared       =    0.2892
-------------+----------------------------------   Adj R-squared   =    0.2889
       Total |  19125029.2   100,832  189.672219   Root MSE        =    11.613

--------------------------------------------------------------------------------------
            outcome1 | Coefficient  Std. err.      t    P>|t|     [95% conf. interval]
---------------------+----------------------------------------------------------------
                wave |
               2. b  |   -.122007   .1618831    -0.75   0.451    -.4392958    .1952817
               3. c  |   -.348462   .1665495    -2.09   0.036     -.674897    -.022027
               4. d  |  -.2385756    .168752    -1.41   0.157    -.5693274    .0921762
               5. e  |  -.3289663   .1706703    -1.93   0.054    -.6634779    .0055453
               6. f  |  -.3018009   .1739685    -1.73   0.083     -.642777    .0391753
               7. g  |  -.2841478   .1752066    -1.62   0.105    -.6275505     .059255
               8. h  |   -.263858   .1768729    -1.49   0.136    -.6105266    .0828106
               9. i  |  -.3454027   .1808503    -1.91   0.056     -.699867    .0090615
              10. j  |  -.2670893   .1834698    -1.46   0.145    -.6266878    .0925092
              11. k  |   .0678471   .1864199     0.36   0.716    -.2975335    .4332277
              12. l  |   .2860473   .1934329     1.48   0.139    -.0930788    .6651735
                     |
                resm |
       Indian (fgn)  |  -3.391311   .6073591    -5.58   0.000    -4.581727   -2.200895
    Pakistani (fgn)  |    -.64977   .4751028    -1.37   0.171    -1.580966    .2814256
  Bangladeshi (fgn)  |  -2.990341   .5579488    -5.36   0.000    -4.083914   -1.896769
        Indian (UK)  |   1.788509    .643496     2.78   0.005     .5272648    3.049753
     Pakistani (UK)  |   .3579235   .3679294     0.97   0.331    -.3632135    1.079061
   Bangladeshi (UK)  |  -1.136837   .4531403    -2.51   0.012    -2.024986   -.2486876
     Black (fgn/UK)  |  -2.231407   .2497128    -8.94   0.000    -2.720841   -1.741973
Other Mus. (fgn/UK)  |  -2.506638   .6271211    -4.00   0.000    -3.735788   -1.277489
                     |
           dvage_ind |   -.038377   .0034772   -11.04   0.000    -.0451923   -.0315616
           educscore |   .9207536   .0049575   185.73   0.000      .911037    .9304702
             engprof |   6.132338   .4892701    12.53   0.000     5.173375    7.091302
               lonse |   1.709574   .0945308    18.08   0.000     1.524294    1.894853
                 mar |   1.988582   .0817823    24.32   0.000      1.82829    2.148875
               child |  -.2294305   .0463679    -4.95   0.000    -.3203109     -.13855
              health |   .8394727   .0855706     9.81   0.000     .6717554     1.00719
              cardum |  -.5802872   .0967305    -6.00   0.000    -.7698777   -.3906967
                ties |   .7767764   .1143463     6.79   0.000     .5526589    1.000894
             liberal |   1.172009   .1183246     9.91   0.000     .9400946    1.403924
                sity |  -1.349824   .1136779   -11.87   0.000    -1.572632   -1.127017
              dep_qt |   .0564273   .0265075     2.13   0.033     .0044729    .1083817
              mus_qt |   .1003747   .0302566     3.32   0.001     .0410722    .1596771
               eu_qt |  -.0399962   .0303252    -1.32   0.187    -.0994332    .0194408
               _cons |  -2.262203   .6118758    -3.70   0.000    -3.461472   -1.062934
--------------------------------------------------------------------------------------

      Source |       SS           df       MS      Number of obs   =   100,833
-------------+----------------------------------   F(34, 100798)   =   2992.72
       Model |  9607577.56        34   282575.81   Prob > F        =    0.0000
    Residual |   9517451.6   100,798  94.4210361   R-squared       =    0.5024
-------------+----------------------------------   Adj R-squared   =    0.5022
       Total |  19125029.2   100,832  189.672219   Root MSE        =     9.717

--------------------------------------------------------------------------------------
            outcome1 | Coefficient  Std. err.      t    P>|t|     [95% conf. interval]
---------------------+----------------------------------------------------------------
                wave |
               2. b  |   .0415763   .1354529     0.31   0.759    -.2239097    .3070622
               3. c  |  -.1290617   .1393591    -0.93   0.354    -.4022038    .1440804
               4. d  |  -.0723934   .1412002    -0.51   0.608    -.3491441    .2043573
               5. e  |  -.0445486   .1428096    -0.31   0.755    -.3244536    .2353564
               6. f  |   .0419089   .1455721     0.29   0.773    -.2434106    .3272285
               7. g  |   .0826673   .1466093     0.56   0.573    -.2046851    .3700197
               8. h  |   .1318235   .1480051     0.89   0.373    -.1582647    .4219116
               9. i  |   .0655575   .1513337     0.43   0.665    -.2310548    .3621697
              10. j  |   .1669535   .1535268     1.09   0.277    -.1339572    .4678642
              11. k  |   .3836597   .1559884     2.46   0.014     .0779243    .6893951
              12. l  |   .5127329   .1618527     3.17   0.002     .1955037    .8299621
                     |
                resm |
       Indian (fgn)  |   -2.90548   .5081942    -5.72   0.000    -3.901534   -1.909425
    Pakistani (fgn)  |  -.7180392   .3975276    -1.81   0.071    -1.497188      .06111
  Bangladeshi (fgn)  |  -1.671073   .4668894    -3.58   0.000     -2.58617   -.7559754
        Indian (UK)  |   1.473304   .5384274     2.74   0.006     .4179928    2.528615
     Pakistani (UK)  |  -.2742397   .3078685    -0.89   0.373    -.8776581    .3291787
   Bangladeshi (UK)  |  -1.947185   .3791711    -5.14   0.000    -2.690356   -1.204015
     Black (fgn/UK)  |  -2.188934   .2089395   -10.48   0.000    -2.598453   -1.779416
Other Mus. (fgn/UK)  |  -1.131913   .5247657    -2.16   0.031    -2.160447   -.1033783
                     |
           dvage_ind |  -.0504887   .0029101   -17.35   0.000    -.0561924   -.0447851
           educscore |   .6349637   .0043701   145.30   0.000     .6263983     .643529
             engprof |   3.455309   .4095842     8.44   0.000     2.652529    4.258089
               lonse |   1.287556   .0791217    16.27   0.000     1.132479    1.442634
                 mar |   1.252248   .0685205    18.28   0.000     1.117949    1.386548
               child |  -.2027963   .0387971    -5.23   0.000    -.2788381   -.1267545
              health |   .6370051   .0716052     8.90   0.000     .4966598    .7773503
              cardum |  -.4060611   .0809405    -5.02   0.000    -.5647035   -.2474186
                ties |   .3585066   .0956969     3.75   0.000     .1709419    .5460714
             liberal |   .5959976   .0990432     6.02   0.000     .4018742     .790121
                sity |  -1.265752   .0951173   -13.31   0.000    -1.452181   -1.079323
              dep_qt |   .0442899   .0221794     2.00   0.046     .0008186    .0877613
              mus_qt |   .0535395   .0253172     2.11   0.034      .003918    .1031609
               eu_qt |  -.0414544   .0253737    -1.63   0.102    -.0911865    .0082776
           lfs4eu_qt |   -5.17426   .0249003  -207.80   0.000    -5.223065   -5.125456
               _cons |   31.54748      .5372    58.73   0.000     30.49458    32.60039
--------------------------------------------------------------------------------------

      Source |       SS           df       MS      Number of obs   =   100,833
-------------+----------------------------------   F(42, 100790)   =   2425.42
       Model |  9613362.87        42  228889.592   Prob > F        =    0.0000
    Residual |  9511666.29   100,790   94.371131   R-squared       =    0.5027
-------------+----------------------------------   Adj R-squared   =    0.5025
       Total |  19125029.2   100,832  189.672219   Root MSE        =    9.7145

--------------------------------------------------------------------------------------
            outcome1 | Coefficient  Std. err.      t    P>|t|     [95% conf. interval]
---------------------+----------------------------------------------------------------
                wave |
               2. b  |   .0422781   .1354183     0.31   0.755      -.22314    .3076962
               3. c  |  -.1267263   .1393262    -0.91   0.363    -.3998039    .1463514
               4. d  |  -.0734328   .1411693    -0.52   0.603    -.3501229    .2032572
               5. e  |   -.047769   .1427801    -0.33   0.738    -.3276162    .2320782
               6. f  |   .0379801   .1455397     0.26   0.794     -.247276    .3232362
               7. g  |   .0783013   .1465811     0.53   0.593    -.2089958    .3655985
               8. h  |   .1302624   .1479768     0.88   0.379    -.1597702    .4202951
               9. i  |   .0645692   .1513012     0.43   0.670    -.2319792    .3611176
              10. j  |   .1657086   .1534956     1.08   0.280    -.1351408     .466558
              11. k  |   .3812169   .1559539     2.44   0.015     .0755491    .6868847
              12. l  |   .5084665   .1618187     3.14   0.002      .191304     .825629
                     |
                resm |
       Indian (fgn)  |  -5.765786    1.20964    -4.77   0.000    -8.136666   -3.394907
    Pakistani (fgn)  |  -1.533423   .9727463    -1.58   0.115    -3.439994     .373147
  Bangladeshi (fgn)  |   4.521798   1.377736     3.28   0.001     1.821452    7.222144
        Indian (UK)  |   .9921795   1.513873     0.66   0.512    -1.974993    3.959352
     Pakistani (UK)  |  -1.777213   .7993782    -2.22   0.026    -3.343984   -.2104412
   Bangladeshi (UK)  |   -4.71487   .9631424    -4.90   0.000    -6.602617   -2.827123
     Black (fgn/UK)  |  -2.727764   .4616401    -5.91   0.000    -3.632573   -1.822955
Other Mus. (fgn/UK)  |  -6.010776   1.336745    -4.50   0.000    -8.630779   -3.390773
                     |
           dvage_ind |  -.0505589   .0029099   -17.38   0.000    -.0562622   -.0448556
           educscore |   .6346364   .0043696   145.24   0.000      .626072    .6432009
             engprof |   3.522543   .4120393     8.55   0.000     2.714951    4.330135
               lonse |   1.281795    .079108    16.20   0.000     1.126745    1.436846
                 mar |   1.245579   .0685213    18.18   0.000     1.111278     1.37988
               child |  -.2005347   .0387948    -5.17   0.000    -.2765721   -.1244973
              health |   .6377219   .0715893     8.91   0.000     .4974077    .7780361
              cardum |  -.4019187   .0809272    -4.97   0.000    -.5605349   -.2433025
                ties |   .3527548   .0957279     3.68   0.000     .1651293    .5403803
             liberal |   .5981833     .09905     6.04   0.000     .4040465    .7923201
                sity |  -1.265612   .0951334   -13.30   0.000    -1.452072   -1.079152
              dep_qt |   .0449096   .0221767     2.03   0.043     .0014434    .0883757
              mus_qt |   .0539792   .0253141     2.13   0.033     .0043639    .1035944
               eu_qt |  -.0415444   .0253707    -1.64   0.102    -.0912706    .0081819
           lfs4eu_qt |  -5.195221   .0256006  -202.93   0.000    -5.245398   -5.145044
                     |
    resm#c.lfs4eu_qt |
       Indian (fgn)  |    .923718   .3542242     2.61   0.009      .229443    1.617993
    Pakistani (fgn)  |   .2718163   .2934878     0.93   0.354     -.303416    .8470487
  Bangladeshi (fgn)  |  -1.947333   .4099153    -4.75   0.000    -2.750762   -1.143904
        Indian (UK)  |   .1648017   .4886124     0.34   0.736    -.7928724    1.122476
     Pakistani (UK)  |   .5312604   .2619426     2.03   0.043     .0178562    1.044665
   Bangladeshi (UK)  |   .9743807   .3120164     3.12   0.002     .3628324    1.585929
     Black (fgn/UK)  |   .1891049   .1455741     1.30   0.194    -.0962185    .4744283
Other Mus. (fgn/UK)  |    1.57327   .3960197     3.97   0.000     .7970762    2.349464
                     |
               _cons |   31.56281   .5384561    58.62   0.000     30.50744    32.61817
--------------------------------------------------------------------------------------

. 
end of do-file

. log close
      name:  <unnamed>
       log:  /Users/scothunter/Library/CloudStorage/OneDrive-UniversityofStirling/thesis/directory/syntax/prep/attachments/sup_ch6c_camsis.log
  log type:  text
 closed on:  28 Sep 2024, 11:50:44
--------------------------------------------------------------------------------------------------------------------------------------------------
