--------------------------------------------------------------------------------------------------------------------------------------------------
      name:  <unnamed>
       log:  /Users/scothunter/Library/CloudStorage/OneDrive-UniversityofStirling/thesis/directory/syntax/prep/attachments/supp_ch6e_anxiety.log
  log type:  text
 opened on:  28 Sep 2024, 11:51:47

. do "/var/folders/cj/8dv18brd2sd49mkfxtpn8j1w0000gn/T//SD04849.000000"

. capture drop miss5

. egen miss5 = rmiss(outcome3 resm fem dvage_ind educscore engprof ///
> lonse mar child health cardum ties liberal sity parttime major pubsector lfs4eu_qt)

. global miss5 " & miss5 == 0 [pw=nwei], robust cluster(pidp)"

. foreach num of numlist 0 1 { 
  2.         regress outcome3 i.wave i.resm if fem == `num' $miss5
  3.         est store b`num'_3
  4.         *sd model 
.         regress outcome3 i.wave i.resm $parvar_xt if fem == `num' $miss5
  5.         est store i`num'_3
  6.         *local model 
.         regress outcome3 i.wave i.resm $parvar_xt ///
>         dep_qt mus_qt eu_qt if fem == `num' $miss5
  7.         est store loc`num'_3
  8.         * occupation model 
.         regress outcome3  i.wave i.resm $parvar_xt ///
>         dep_qt mus_qt eu_qt ///
>         lfs4eu_qt pubsector parttime ib1.major  ///
>         if fem == `num' $miss5
  9.         est store occ`num'_3
 10.         *interaction model 
.         regress outcome3 i.wave i.resm $parvar_xt ///
>         dep_qt mus_qt eu_qt ///
>         pubsector parttime ib1.major i.resm##c.lfs4eu_qt ///
>         if fem == `num' $miss5
 11.         est store int`num'_3
 12. }
(sum of wgt is 92,513.9071402955)

Linear regression                               Number of obs     =     80,596
                                                F(19, 17802)      =      34.47
                                                Prob > F          =     0.0000
                                                R-squared         =     0.0147
                                                Root MSE          =     .90492

                                      (Std. err. adjusted for 17,803 clusters in pidp)
--------------------------------------------------------------------------------------
                     |               Robust
            outcome3 | Coefficient  std. err.      t    P>|t|     [95% conf. interval]
---------------------+----------------------------------------------------------------
                wave |
               2. b  |   .0229308   .0129408     1.77   0.076    -.0024344     .048296
               3. c  |   .0090384   .0143508     0.63   0.529    -.0190905    .0371673
               4. d  |  -.0227559   .0150628    -1.51   0.131    -.0522803    .0067686
               5. e  |  -.0805789   .0153254    -5.26   0.000    -.1106183   -.0505396
               6. f  |  -.1777395   .0153011   -11.62   0.000    -.2077312   -.1477477
               7. g  |  -.1893309    .015572   -12.16   0.000    -.2198535   -.1588083
               8. h  |  -.1501588   .0167021    -8.99   0.000    -.1828965    -.117421
               9. i  |  -.1025227   .0177502    -5.78   0.000    -.1373147   -.0677307
              10. j  |  -.0990957   .0182767    -5.42   0.000    -.1349199   -.0632715
              11. k  |   -.124456   .0182852    -6.81   0.000    -.1602967   -.0886153
              12. l  |  -.1616269   .0190814    -8.47   0.000    -.1990284   -.1242255
                     |
                resm |
       Indian (fgn)  |   .2961854   .0981976     3.02   0.003     .1037085    .4886622
    Pakistani (fgn)  |    .520995   .0670684     7.77   0.000     .3895344    .6524557
  Bangladeshi (fgn)  |   .7975138   .0708235    11.26   0.000     .6586928    .9363349
        Indian (UK)  |   .0543799   .1182174     0.46   0.646    -.1773378    .2860975
     Pakistani (UK)  |   .1810951   .0655189     2.76   0.006     .0526717    .3095185
   Bangladeshi (UK)  |   .2977997   .0762864     3.90   0.000     .1482709    .4473284
     Black (fgn/UK)  |   .4256163   .0512277     8.31   0.000      .325205    .5260275
Other Mus. (fgn/UK)  |    .400562    .090531     4.42   0.000     .2231125    .5780115
                     |
               _cons |   2.110017   .0121586   173.54   0.000     2.086185    2.133849
--------------------------------------------------------------------------------------
(sum of wgt is 92,513.9071402955)

Linear regression                               Number of obs     =     80,596
                                                F(19, 17802)      =      34.47
                                                Prob > F          =     0.0000
                                                R-squared         =     0.0147
                                                Root MSE          =     .90492

                                      (Std. err. adjusted for 17,803 clusters in pidp)
--------------------------------------------------------------------------------------
                     |               Robust
            outcome3 | Coefficient  std. err.      t    P>|t|     [95% conf. interval]
---------------------+----------------------------------------------------------------
                wave |
               2. b  |   .0229308   .0129408     1.77   0.076    -.0024344     .048296
               3. c  |   .0090384   .0143508     0.63   0.529    -.0190905    .0371673
               4. d  |  -.0227559   .0150628    -1.51   0.131    -.0522803    .0067686
               5. e  |  -.0805789   .0153254    -5.26   0.000    -.1106183   -.0505396
               6. f  |  -.1777395   .0153011   -11.62   0.000    -.2077312   -.1477477
               7. g  |  -.1893309    .015572   -12.16   0.000    -.2198535   -.1588083
               8. h  |  -.1501588   .0167021    -8.99   0.000    -.1828965    -.117421
               9. i  |  -.1025227   .0177502    -5.78   0.000    -.1373147   -.0677307
              10. j  |  -.0990957   .0182767    -5.42   0.000    -.1349199   -.0632715
              11. k  |   -.124456   .0182852    -6.81   0.000    -.1602967   -.0886153
              12. l  |  -.1616269   .0190814    -8.47   0.000    -.1990284   -.1242255
                     |
                resm |
       Indian (fgn)  |   .2961854   .0981976     3.02   0.003     .1037085    .4886622
    Pakistani (fgn)  |    .520995   .0670684     7.77   0.000     .3895344    .6524557
  Bangladeshi (fgn)  |   .7975138   .0708235    11.26   0.000     .6586928    .9363349
        Indian (UK)  |   .0543799   .1182174     0.46   0.646    -.1773378    .2860975
     Pakistani (UK)  |   .1810951   .0655189     2.76   0.006     .0526717    .3095185
   Bangladeshi (UK)  |   .2977997   .0762864     3.90   0.000     .1482709    .4473284
     Black (fgn/UK)  |   .4256163   .0512277     8.31   0.000      .325205    .5260275
Other Mus. (fgn/UK)  |    .400562    .090531     4.42   0.000     .2231125    .5780115
                     |
               _cons |   2.110017   .0121586   173.54   0.000     2.086185    2.133849
--------------------------------------------------------------------------------------
(sum of wgt is 92,513.9071402955)

Linear regression                               Number of obs     =     80,596
                                                F(22, 17802)      =      30.28
                                                Prob > F          =     0.0000
                                                R-squared         =     0.0150
                                                Root MSE          =     .90478

                                      (Std. err. adjusted for 17,803 clusters in pidp)
--------------------------------------------------------------------------------------
                     |               Robust
            outcome3 | Coefficient  std. err.      t    P>|t|     [95% conf. interval]
---------------------+----------------------------------------------------------------
                wave |
               2. b  |   .0222057   .0129462     1.72   0.086      -.00317    .0475815
               3. c  |   .0083158    .014358     0.58   0.562    -.0198272    .0364587
               4. d  |  -.0232692   .0150707    -1.54   0.123    -.0528092    .0062707
               5. e  |  -.0810908   .0153402    -5.29   0.000    -.1111591   -.0510225
               6. f  |  -.1786586   .0153044   -11.67   0.000    -.2086568   -.1486604
               7. g  |  -.1903753   .0155768   -12.22   0.000    -.2209073   -.1598434
               8. h  |  -.1508137   .0167135    -9.02   0.000    -.1835739   -.1180536
               9. i  |  -.1031249    .017765    -5.80   0.000    -.1379461   -.0683038
              10. j  |  -.1001009   .0182908    -5.47   0.000    -.1359527   -.0642491
              11. k  |  -.1252423   .0182851    -6.85   0.000    -.1610828   -.0894018
              12. l  |  -.1628752   .0190912    -8.53   0.000    -.2002958   -.1254545
                     |
                resm |
       Indian (fgn)  |   .2949177   .0982532     3.00   0.003     .1023319    .4875035
    Pakistani (fgn)  |   .5205692   .0670304     7.77   0.000     .3891832    .6519553
  Bangladeshi (fgn)  |   .7970066   .0707366    11.27   0.000     .6583559    .9356573
        Indian (UK)  |   .0524808   .1185659     0.44   0.658    -.1799198    .2848815
     Pakistani (UK)  |   .1786315   .0654832     2.73   0.006     .0502781    .3069849
   Bangladeshi (UK)  |   .2991696    .076711     3.90   0.000     .1488086    .4495307
     Black (fgn/UK)  |   .4259344   .0513362     8.30   0.000     .3253105    .5265582
Other Mus. (fgn/UK)  |   .4044518   .0909451     4.45   0.000     .2261904    .5827131
                     |
              dep_qt |  -.0034661   .0050859    -0.68   0.496    -.0134349    .0065027
              mus_qt |   .0089014   .0059529     1.50   0.135     -.002767    .0205697
               eu_qt |   -.013971   .0058213    -2.40   0.016    -.0253814   -.0025607
               _cons |   2.135794   .0283418    75.36   0.000     2.080241    2.191346
--------------------------------------------------------------------------------------
(sum of wgt is 92,513.9071402955)

Linear regression                               Number of obs     =     80,596
                                                F(33, 17802)      =      49.83
                                                Prob > F          =     0.0000
                                                R-squared         =     0.0632
                                                Root MSE          =     .88243

                                                (Std. err. adjusted for 17,803 clusters in pidp)
------------------------------------------------------------------------------------------------
                               |               Robust
                      outcome3 | Coefficient  std. err.      t    P>|t|     [95% conf. interval]
-------------------------------+----------------------------------------------------------------
                          wave |
                         2. b  |      .0214   .0127416     1.68   0.093    -.0035748    .0463748
                         3. c  |   .0051511    .014128     0.36   0.715    -.0225412    .0328434
                         4. d  |  -.0253368   .0148592    -1.71   0.088    -.0544622    .0037887
                         5. e  |  -.0815806   .0150961    -5.40   0.000    -.1111705   -.0519907
                         6. f  |  -.1804354   .0151574   -11.90   0.000    -.2101453   -.1507255
                         7. g  |   -.188514   .0153889   -12.25   0.000    -.2186777   -.1583503
                         8. h  |  -.1459809   .0165175    -8.84   0.000    -.1783569    -.113605
                         9. i  |  -.1000456   .0176053    -5.68   0.000    -.1345537   -.0655374
                        10. j  |  -.0946556    .018075    -5.24   0.000    -.1300844   -.0592267
                        11. k  |  -.1166623   .0179982    -6.48   0.000    -.1519405   -.0813841
                        12. l  |  -.1535951   .0189091    -8.12   0.000    -.1906587   -.1165314
                               |
                          resm |
                 Indian (fgn)  |    .257099   .0868043     2.96   0.003     .0869541    .4272439
              Pakistani (fgn)  |   .4587532   .0602599     7.61   0.000     .3406379    .5768685
            Bangladeshi (fgn)  |   .6901511   .0720454     9.58   0.000     .5489351     .831367
                  Indian (UK)  |   .0641603    .118724     0.54   0.589    -.1685503     .296871
               Pakistani (UK)  |   .1466398   .0620873     2.36   0.018     .0249427     .268337
             Bangladeshi (UK)  |   .2510493   .0775842     3.24   0.001     .0989767    .4031219
               Black (fgn/UK)  |   .3869212   .0493842     7.83   0.000     .2901232    .4837191
          Other Mus. (fgn/UK)  |    .372256   .0852631     4.37   0.000      .205132    .5393799
                               |
                        dep_qt |  -.0012798   .0048922    -0.26   0.794     -.010869    .0083095
                        mus_qt |   .0128127   .0056848     2.25   0.024       .00167    .0239554
                         eu_qt |  -.0103139   .0055299    -1.87   0.062    -.0211531    .0005253
                     lfs4eu_qt |   .0135129   .0055198     2.45   0.014     .0026936    .0243323
                     pubsector |   .0436416   .0161367     2.70   0.007     .0120121    .0752711
                      parttime |   .1065677    .022649     4.71   0.000     .0621735    .1509619
                               |
                         major |
                 Professional  |  -.0278197   .0227273    -1.22   0.221    -.0723674    .0167279
      Associate and technical  |   .1263308   .0226042     5.59   0.000     .0820244    .1706372
         Admin. & secretarial  |   .2524563   .0318527     7.93   0.000     .1900218    .3148907
               Skilled trades  |   .2751784   .0251466    10.94   0.000     .2258886    .3244681
             Personal service  |   .4170744   .0403466    10.34   0.000     .3379911    .4961576
   Sales and customer service  |   .3993154   .0306767    13.02   0.000     .3391862    .4594447
Process, plant & machine ops.  |   .3937328   .0286126    13.76   0.000     .3376493    .4498163
             Elementary occs.  |   .4772438   .0299947    15.91   0.000     .4184513    .5360362
                               |
                         _cons |   1.844403   .0331268    55.68   0.000     1.779471    1.909334
------------------------------------------------------------------------------------------------
(sum of wgt is 92,513.9071402955)

Linear regression                               Number of obs     =     80,596
                                                F(41, 17802)      =      42.15
                                                Prob > F          =     0.0000
                                                R-squared         =     0.0634
                                                Root MSE          =     .88241

                                                (Std. err. adjusted for 17,803 clusters in pidp)
------------------------------------------------------------------------------------------------
                               |               Robust
                      outcome3 | Coefficient  std. err.      t    P>|t|     [95% conf. interval]
-------------------------------+----------------------------------------------------------------
                          wave |
                         2. b  |   .0214241   .0127431     1.68   0.093    -.0035536    .0464017
                         3. c  |   .0048518   .0141316     0.34   0.731    -.0228475    .0325512
                         4. d  |  -.0253851   .0148623    -1.71   0.088    -.0545166    .0037465
                         5. e  |   -.081531   .0150959    -5.40   0.000    -.1111206   -.0519415
                         6. f  |  -.1803797   .0151602   -11.90   0.000    -.2100951   -.1506643
                         7. g  |  -.1884728   .0153893   -12.25   0.000    -.2186374   -.1583082
                         8. h  |  -.1462593   .0165199    -8.85   0.000    -.1786399   -.1138787
                         9. i  |  -.1000187   .0176036    -5.68   0.000    -.1345235   -.0655138
                        10. j  |  -.0946592   .0180754    -5.24   0.000    -.1300887   -.0592296
                        11. k  |  -.1167858   .0180026    -6.49   0.000    -.1520726    -.081499
                        12. l  |   -.153358   .0189157    -8.11   0.000    -.1904345   -.1162815
                               |
                          resm |
                 Indian (fgn)  |   .1515765   .2302743     0.66   0.510    -.2997835    .6029365
              Pakistani (fgn)  |    .392325   .1462193     2.68   0.007      .105721     .678929
            Bangladeshi (fgn)  |   .6812838   .2344241     2.91   0.004     .2217899    1.140778
                  Indian (UK)  |  -.0087996   .1945256    -0.05   0.964    -.3900886    .3724894
               Pakistani (UK)  |   .1511991   .1589391     0.95   0.341     -.160337    .4627351
             Bangladeshi (UK)  |   .2505667   .1456559     1.72   0.085     -.034933    .5360664
               Black (fgn/UK)  |   .5011321   .1099273     4.56   0.000     .2856639    .7166004
          Other Mus. (fgn/UK)  |   .0210564   .2188341     0.10   0.923    -.4078797    .4499925
                               |
                        dep_qt |  -.0012513   .0048932    -0.26   0.798    -.0108425    .0083398
                        mus_qt |   .0128183   .0056845     2.25   0.024     .0016761    .0239605
                         eu_qt |  -.0103064   .0055317    -1.86   0.062    -.0211491    .0005363
                     pubsector |   .0433195   .0161381     2.68   0.007     .0116873    .0749517
                      parttime |   .1060398   .0227009     4.67   0.000     .0615438    .1505358
                               |
                         major |
                 Professional  |  -.0277249   .0227292    -1.22   0.223    -.0722763    .0168264
      Associate and technical  |   .1261967   .0226113     5.58   0.000     .0818763    .1705171
         Admin. & secretarial  |    .252394   .0318652     7.92   0.000     .1899351    .3148529
               Skilled trades  |   .2747993   .0251534    10.92   0.000     .2254963    .3241023
             Personal service  |   .4169125   .0403483    10.33   0.000     .3378258    .4959991
   Sales and customer service  |   .3995626   .0306921    13.02   0.000     .3394031     .459722
Process, plant & machine ops.  |   .3937315   .0286232    13.76   0.000     .3376272    .4498359
             Elementary occs.  |   .4769422   .0299979    15.90   0.000     .4181434     .535741
                               |
                     lfs4eu_qt |   .0132059   .0056033     2.36   0.018     .0022228     .024189
                               |
              resm#c.lfs4eu_qt |
                 Indian (fgn)  |   .0309775   .0625449     0.50   0.620    -.0916166    .1535715
              Pakistani (fgn)  |   .0193868   .0336317     0.58   0.564    -.0465346    .0853081
            Bangladeshi (fgn)  |   .0025408   .0555789     0.05   0.964    -.1063993    .1114808
                  Indian (UK)  |   .0290581   .0530055     0.55   0.584    -.0748378     .132954
               Pakistani (UK)  |  -.0015036   .0441907    -0.03   0.973    -.0881217    .0851145
             Bangladeshi (UK)  |   .0001648     .05106     0.00   0.997    -.0999177    .1002474
               Black (fgn/UK)  |  -.0366334   .0330487    -1.11   0.268     -.101412    .0281452
          Other Mus. (fgn/UK)  |   .1118484   .0580723     1.93   0.054    -.0019789    .2256757
                               |
                         _cons |   1.845446   .0332475    55.51   0.000     1.780278    1.910615
------------------------------------------------------------------------------------------------
(sum of wgt is 91,817.7562725061)

Linear regression                               Number of obs     =     95,002
                                                F(19, 19871)      =      31.76
                                                Prob > F          =     0.0000
                                                R-squared         =     0.0116
                                                Root MSE          =      .9414

                                      (Std. err. adjusted for 19,872 clusters in pidp)
--------------------------------------------------------------------------------------
                     |               Robust
            outcome3 | Coefficient  std. err.      t    P>|t|     [95% conf. interval]
---------------------+----------------------------------------------------------------
                wave |
               2. b  |  -.0084355   .0117253    -0.72   0.472    -.0314182    .0145471
               3. c  |   .0003643   .0129163     0.03   0.977    -.0249528    .0256814
               4. d  |   -.047591   .0135113    -3.52   0.000    -.0740742   -.0211077
               5. e  |  -.0975322   .0139928    -6.97   0.000    -.1249593   -.0701052
               6. f  |  -.2004038   .0141838   -14.13   0.000    -.2282052   -.1726025
               7. g  |  -.2211649   .0147366   -15.01   0.000    -.2500499   -.1922799
               8. h  |  -.2020793   .0154109   -13.11   0.000    -.2322859   -.1718726
               9. i  |  -.1303957   .0159899    -8.15   0.000    -.1617373   -.0990541
              10. j  |  -.1139533   .0167999    -6.78   0.000    -.1468827    -.081024
              11. k  |  -.1423168   .0176544    -8.06   0.000     -.176921   -.1077127
              12. l  |    -.20251    .017887   -11.32   0.000    -.2375699   -.1674501
                     |
                resm |
       Indian (fgn)  |   .1457884   .1220954     1.19   0.232    -.0935287    .3851055
    Pakistani (fgn)  |   .4058242   .0894816     4.54   0.000     .2304329    .5812156
  Bangladeshi (fgn)  |   .4955642   .1628931     3.04   0.002     .1762803    .8148482
        Indian (UK)  |   -.146511   .1029081    -1.42   0.155    -.3482195    .0551975
     Pakistani (UK)  |   .0917531   .0565957     1.62   0.105    -.0191793    .2026855
   Bangladeshi (UK)  |    -.01217   .0598233    -0.20   0.839    -.1294286    .1050886
     Black (fgn/UK)  |    .467887   .0497912     9.40   0.000     .3702922    .5654819
Other Mus. (fgn/UK)  |   .2648508   .1017111     2.60   0.009     .0654885    .4642131
                     |
               _cons |   2.218942   .0112587   197.09   0.000     2.196874     2.24101
--------------------------------------------------------------------------------------
(sum of wgt is 91,817.7562725061)

Linear regression                               Number of obs     =     95,002
                                                F(19, 19871)      =      31.76
                                                Prob > F          =     0.0000
                                                R-squared         =     0.0116
                                                Root MSE          =      .9414

                                      (Std. err. adjusted for 19,872 clusters in pidp)
--------------------------------------------------------------------------------------
                     |               Robust
            outcome3 | Coefficient  std. err.      t    P>|t|     [95% conf. interval]
---------------------+----------------------------------------------------------------
                wave |
               2. b  |  -.0084355   .0117253    -0.72   0.472    -.0314182    .0145471
               3. c  |   .0003643   .0129163     0.03   0.977    -.0249528    .0256814
               4. d  |   -.047591   .0135113    -3.52   0.000    -.0740742   -.0211077
               5. e  |  -.0975322   .0139928    -6.97   0.000    -.1249593   -.0701052
               6. f  |  -.2004038   .0141838   -14.13   0.000    -.2282052   -.1726025
               7. g  |  -.2211649   .0147366   -15.01   0.000    -.2500499   -.1922799
               8. h  |  -.2020793   .0154109   -13.11   0.000    -.2322859   -.1718726
               9. i  |  -.1303957   .0159899    -8.15   0.000    -.1617373   -.0990541
              10. j  |  -.1139533   .0167999    -6.78   0.000    -.1468827    -.081024
              11. k  |  -.1423168   .0176544    -8.06   0.000     -.176921   -.1077127
              12. l  |    -.20251    .017887   -11.32   0.000    -.2375699   -.1674501
                     |
                resm |
       Indian (fgn)  |   .1457884   .1220954     1.19   0.232    -.0935287    .3851055
    Pakistani (fgn)  |   .4058242   .0894816     4.54   0.000     .2304329    .5812156
  Bangladeshi (fgn)  |   .4955642   .1628931     3.04   0.002     .1762803    .8148482
        Indian (UK)  |   -.146511   .1029081    -1.42   0.155    -.3482195    .0551975
     Pakistani (UK)  |   .0917531   .0565957     1.62   0.105    -.0191793    .2026855
   Bangladeshi (UK)  |    -.01217   .0598233    -0.20   0.839    -.1294286    .1050886
     Black (fgn/UK)  |    .467887   .0497912     9.40   0.000     .3702922    .5654819
Other Mus. (fgn/UK)  |   .2648508   .1017111     2.60   0.009     .0654885    .4642131
                     |
               _cons |   2.218942   .0112587   197.09   0.000     2.196874     2.24101
--------------------------------------------------------------------------------------
(sum of wgt is 91,817.7562725061)

Linear regression                               Number of obs     =     95,002
                                                F(22, 19871)      =      27.82
                                                Prob > F          =     0.0000
                                                R-squared         =     0.0119
                                                Root MSE          =     .94125

                                      (Std. err. adjusted for 19,872 clusters in pidp)
--------------------------------------------------------------------------------------
                     |               Robust
            outcome3 | Coefficient  std. err.      t    P>|t|     [95% conf. interval]
---------------------+----------------------------------------------------------------
                wave |
               2. b  |   -.008666    .011726    -0.74   0.460      -.03165    .0143179
               3. c  |   .0001319   .0129169     0.01   0.992    -.0251863    .0254502
               4. d  |  -.0479139    .013509    -3.55   0.000    -.0743926   -.0214351
               5. e  |  -.0979174   .0139893    -7.00   0.000    -.1253376   -.0704972
               6. f  |  -.2008057   .0141816   -14.16   0.000    -.2286028   -.1730086
               7. g  |  -.2216287   .0147357   -15.04   0.000     -.250512   -.1927455
               8. h  |  -.2026889   .0154126   -13.15   0.000    -.2328989   -.1724789
               9. i  |  -.1313012    .015992    -8.21   0.000    -.1626469   -.0999555
              10. j  |  -.1147639   .0168024    -6.83   0.000     -.147698   -.0818297
              11. k  |  -.1429563   .0176296    -8.11   0.000    -.1775117   -.1084009
              12. l  |  -.2030486    .017885   -11.35   0.000    -.2381046   -.1679926
                     |
                resm |
       Indian (fgn)  |   .1440527   .1221206     1.18   0.238     -.095314    .3834193
    Pakistani (fgn)  |    .401655   .0887113     4.53   0.000     .2277735    .5755366
  Bangladeshi (fgn)  |    .496962   .1628066     3.05   0.002     .1778475    .8160766
        Indian (UK)  |  -.1498798    .104479    -1.43   0.151    -.3546673    .0549077
     Pakistani (UK)  |   .0896681   .0567582     1.58   0.114    -.0215827    .2009189
   Bangladeshi (UK)  |  -.0150127   .0605808    -0.25   0.804    -.1337562    .1037307
     Black (fgn/UK)  |   .4642232   .0500846     9.27   0.000     .3660533    .5623932
Other Mus. (fgn/UK)  |   .2620096   .1013467     2.59   0.010     .0633617    .4606575
                     |
              dep_qt |  -.0100734   .0050196    -2.01   0.045    -.0199122   -.0002346
              mus_qt |   .0079329   .0058215     1.36   0.173    -.0034777    .0193435
               eu_qt |  -.0029777   .0056843    -0.52   0.600    -.0141195    .0081641
               _cons |   2.234655   .0272688    81.95   0.000     2.181206    2.288105
--------------------------------------------------------------------------------------
(sum of wgt is 91,817.7562725061)

Linear regression                               Number of obs     =     95,002
                                                F(33, 19871)      =      47.42
                                                Prob > F          =     0.0000
                                                R-squared         =     0.0540
                                                Root MSE          =     .92108

                                                (Std. err. adjusted for 19,872 clusters in pidp)
------------------------------------------------------------------------------------------------
                               |               Robust
                      outcome3 | Coefficient  std. err.      t    P>|t|     [95% conf. interval]
-------------------------------+----------------------------------------------------------------
                          wave |
                         2. b  |  -.0053426    .011573    -0.46   0.644    -.0280266    .0173415
                         3. c  |   .0029556   .0127459     0.23   0.817    -.0220275    .0279387
                         4. d  |  -.0422466   .0133621    -3.16   0.002    -.0684374   -.0160557
                         5. e  |  -.0928539   .0138207    -6.72   0.000    -.1199436   -.0657641
                         6. f  |  -.1912727   .0139793   -13.68   0.000    -.2186734   -.1638721
                         7. g  |  -.2109299   .0145148   -14.53   0.000    -.2393802   -.1824796
                         8. h  |  -.1915354   .0152449   -12.56   0.000    -.2214167   -.1616541
                         9. i  |  -.1180945   .0157488    -7.50   0.000    -.1489634   -.0872256
                        10. j  |   -.103853    .016701    -6.22   0.000    -.1365884   -.0711175
                        11. k  |  -.1228382   .0175784    -6.99   0.000    -.1572933   -.0883832
                        12. l  |  -.1766302   .0177942    -9.93   0.000    -.2115083   -.1417521
                               |
                          resm |
                 Indian (fgn)  |   .1154946   .1033827     1.12   0.264    -.0871441    .3181333
              Pakistani (fgn)  |    .351259   .0916333     3.83   0.000       .17165    .5308679
            Bangladeshi (fgn)  |   .4251137   .1465883     2.90   0.004     .1377884     .712439
                  Indian (UK)  |  -.1482139   .1019827    -1.45   0.146    -.3481084    .0516806
               Pakistani (UK)  |   .0751478   .0536231     1.40   0.161    -.0299579    .1802535
             Bangladeshi (UK)  |  -.0361521   .0571594    -0.63   0.527    -.1481894    .0758851
               Black (fgn/UK)  |   .4550458   .0485378     9.38   0.000     .3599077    .5501839
          Other Mus. (fgn/UK)  |   .2588415   .0858885     3.01   0.003      .090493    .4271901
                               |
                        dep_qt |  -.0088422   .0048465    -1.82   0.068    -.0183417    .0006573
                        mus_qt |   .0091952   .0056221     1.64   0.102    -.0018246     .020215
                         eu_qt |  -.0006541    .005504    -0.12   0.905    -.0114423    .0101341
                     lfs4eu_qt |   .0240028   .0058563     4.10   0.000     .0125241    .0354816
                     pubsector |  -.0036726    .013378    -0.27   0.784    -.0298947    .0225494
                      parttime |    .036227   .0129699     2.79   0.005     .0108049    .0616491
                               |
                         major |
                 Professional  |  -.0257465   .0255343    -1.01   0.313    -.0757959    .0243029
      Associate and technical  |   .1418418   .0259232     5.47   0.000     .0910301    .1926534
         Admin. & secretarial  |   .2055679   .0263291     7.81   0.000     .1539606    .2571752
               Skilled trades  |    .287744   .0552573     5.21   0.000      .179435     .396053
             Personal service  |   .3858363   .0276596    13.95   0.000     .3316212    .4400513
   Sales and customer service  |    .394094   .0300254    13.13   0.000     .3352417    .4529463
Process, plant & machine ops.  |   .2428428    .057072     4.26   0.000     .1309769    .3547087
             Elementary occs.  |   .4401985   .0325418    13.53   0.000     .3764138    .5039832
                               |
                         _cons |   1.918759   .0348211    55.10   0.000     1.850507    1.987012
------------------------------------------------------------------------------------------------
(sum of wgt is 91,817.7562725061)

Linear regression                               Number of obs     =     95,002
                                                F(41, 19871)      =      38.64
                                                Prob > F          =     0.0000
                                                R-squared         =     0.0541
                                                Root MSE          =     .92105

                                                (Std. err. adjusted for 19,872 clusters in pidp)
------------------------------------------------------------------------------------------------
                               |               Robust
                      outcome3 | Coefficient  std. err.      t    P>|t|     [95% conf. interval]
-------------------------------+----------------------------------------------------------------
                          wave |
                         2. b  |  -.0054021   .0115748    -0.47   0.641    -.0280898    .0172855
                         3. c  |   .0029375   .0127464     0.23   0.818    -.0220465    .0279215
                         4. d  |  -.0421772   .0133624    -3.16   0.002    -.0683685   -.0159858
                         5. e  |  -.0928162   .0138232    -6.71   0.000    -.1199109   -.0657216
                         6. f  |  -.1912215   .0139805   -13.68   0.000    -.2186246   -.1638185
                         7. g  |  -.2108042   .0145174   -14.52   0.000    -.2392595   -.1823488
                         8. h  |   -.191404   .0152473   -12.55   0.000      -.22129   -.1615181
                         9. i  |  -.1178718   .0157491    -7.48   0.000    -.1487413   -.0870023
                        10. j  |  -.1033643   .0166974    -6.19   0.000    -.1360925   -.0706361
                        11. k  |  -.1226461   .0175784    -6.98   0.000    -.1571013   -.0881909
                        12. l  |  -.1766515   .0177883    -9.93   0.000    -.2115181    -.141785
                               |
                          resm |
                 Indian (fgn)  |  -.1544742   .2461595    -0.63   0.530    -.6369674     .328019
              Pakistani (fgn)  |   .4521113   .2547976     1.77   0.076    -.0473132    .9515358
            Bangladeshi (fgn)  |   .0060202   .3813228     0.02   0.987    -.7414043    .7534448
                  Indian (UK)  |   .3238609   .3073185     1.05   0.292    -.2785089    .9262307
               Pakistani (UK)  |   .0486484   .1073621     0.45   0.650    -.1617903     .259087
             Bangladeshi (UK)  |  -.0160055   .1505214    -0.11   0.915      -.31104    .2790289
               Black (fgn/UK)  |   .5102694   .1212636     4.21   0.000     .2725826    .7479562
          Other Mus. (fgn/UK)  |   .2105265   .1818976     1.16   0.247    -.1460079     .567061
                               |
                        dep_qt |   -.008841   .0048464    -1.82   0.068    -.0183404    .0006584
                        mus_qt |   .0092333   .0056225     1.64   0.101    -.0017874    .0202539
                         eu_qt |  -.0006523   .0055044    -0.12   0.906    -.0114414    .0101368
                     pubsector |  -.0040294   .0133759    -0.30   0.763    -.0302472    .0221885
                      parttime |   .0360852   .0129707     2.78   0.005     .0106615     .061509
                               |
                         major |
                 Professional  |  -.0248794   .0255197    -0.97   0.330    -.0749001    .0251412
      Associate and technical  |   .1418954   .0259194     5.47   0.000     .0910913    .1926995
         Admin. & secretarial  |     .20582   .0263263     7.82   0.000     .1542182    .2574218
               Skilled trades  |   .2881897   .0552492     5.22   0.000     .1798965    .3964828
             Personal service  |   .3860745   .0276551    13.96   0.000     .3318681    .4402809
   Sales and customer service  |    .394478   .0300277    13.14   0.000     .3356212    .4533349
Process, plant & machine ops.  |   .2427971   .0570886     4.25   0.000     .1308986    .3546956
             Elementary occs.  |   .4402898   .0325524    13.53   0.000     .3764845    .5040952
                               |
                     lfs4eu_qt |   .0242024   .0059403     4.07   0.000      .012559    .0358458
                               |
              resm#c.lfs4eu_qt |
                 Indian (fgn)  |   .0954035   .0723583     1.32   0.187    -.0464248    .2372317
              Pakistani (fgn)  |  -.0345823   .0739436    -0.47   0.640    -.1795179    .1103532
            Bangladeshi (fgn)  |   .1333406   .1165707     1.14   0.253    -.0951478     .361829
                  Indian (UK)  |  -.1553427   .0964683    -1.61   0.107    -.3444286    .0337432
               Pakistani (UK)  |   .0093458   .0358685     0.26   0.794    -.0609594    .0796511
             Bangladeshi (UK)  |   -.006937   .0464102    -0.15   0.881    -.0979049    .0840309
               Black (fgn/UK)  |  -.0193088   .0376443    -0.51   0.608    -.0930948    .0544771
          Other Mus. (fgn/UK)  |   .0157086   .0568532     0.28   0.782    -.0957285    .1271457
                               |
                         _cons |   1.917881   .0349357    54.90   0.000     1.849404    1.986358
------------------------------------------------------------------------------------------------

. 
end of do-file

. log close
      name:  <unnamed>
       log:  /Users/scothunter/Library/CloudStorage/OneDrive-UniversityofStirling/thesis/directory/syntax/prep/attachments/supp_ch6e_anxiety.log
  log type:  text
 closed on:  28 Sep 2024, 11:52:02
--------------------------------------------------------------------------------------------------------------------------------------------------
