--------------------------------------------------------------------------------------------------------------------------------------------------
      name:  <unnamed>
       log:  /Users/scothunter/Library/CloudStorage/OneDrive-UniversityofStirling/thesis/directory/syntax/prep/attachments/sup_ch6g_jobquality.log
  log type:  text
 opened on:  28 Sep 2024, 11:53:16

. do "/var/folders/cj/8dv18brd2sd49mkfxtpn8j1w0000gn/T//SD04849.000000"

. capture drop miss7

. egen miss7 = rmiss(outcome5 resm fem dvage_ind educscore engprof ///
> lonse mar child health cardum ties liberal sity parttime major pubsector lfs4eu_qt)

. 
. global miss7 " & miss7 == 0 [pw=nwei], robust cluster(pidp)"

. foreach num of numlist 0 1 { 
  2.         logit outcome5 i.wave i.resm if fem == `num' $miss7
  3.         est store b`num'_5
  4.         *sd model 
.         logit outcome5 i.wave i.resm $parvar_xt if fem == `num' $miss7
  5.         est store i`num'_5
  6.         *local model 
.         logit outcome5 i.wave i.resm $parvar_xt ///
>         dep_qt mus_qt eu_qt if fem == `num' $miss7
  7.         est store loc`num'_5
  8.         * occupation model 
.         logit outcome5 i.wave i.resm $parvar_xt ///
>         dep_qt mus_qt eu_qt ///
>         lfs4eu_qt pubsector parttime ib1.major  ///
>         if fem == `num' $miss7
  9.         est store occ`num'_5
 10.         *interaction model 
.         logit outcome5 i.wave i.resm $parvar_xt ///
>         dep_qt mus_qt eu_qt ///
>         pubsector parttime ib1.major i.resm##c.lfs4eu_qt ///
>         if fem == `num' $miss7
 11.         est store int`num'_5
 12. }

Iteration 0:  Log pseudolikelihood = -48655.886  
Iteration 1:  Log pseudolikelihood =  -48206.11  
Iteration 2:  Log pseudolikelihood = -48194.558  
Iteration 3:  Log pseudolikelihood = -48194.202  
Iteration 4:  Log pseudolikelihood = -48194.201  

Logistic regression                                     Number of obs = 80,680
                                                        Wald chi2(19) = 503.33
                                                        Prob > chi2   = 0.0000
Log pseudolikelihood = -48194.201                       Pseudo R2     = 0.0095

                                      (Std. err. adjusted for 17,823 clusters in pidp)
--------------------------------------------------------------------------------------
                     |               Robust
            outcome5 | Coefficient  std. err.      z    P>|z|     [95% conf. interval]
---------------------+----------------------------------------------------------------
                wave |
               2. b  |   .2188126   .0290726     7.53   0.000     .1618313     .275794
               3. c  |   .3989742   .0324657    12.29   0.000     .3353426    .4626057
               4. d  |    .523434   .0341312    15.34   0.000      .456538    .5903299
               5. e  |   .6068329   .0355809    17.06   0.000     .5370956    .6765702
               6. f  |   .6442189   .0370171    17.40   0.000     .5716668     .716771
               7. g  |   .6115958   .0384106    15.92   0.000     .5363123    .6868793
               8. h  |   .6161404   .0399796    15.41   0.000     .5377819    .6944989
               9. i  |   .6548992   .0426858    15.34   0.000     .5712365    .7385618
              10. j  |    .668237   .0443168    15.08   0.000     .5813776    .7550964
              11. k  |   .6834727   .0454623    15.03   0.000     .5943681    .7725772
              12. l  |   .7230382   .0486001    14.88   0.000     .6277838    .8182926
                     |
                resm |
       Indian (fgn)  |  -.3416279   .3717715    -0.92   0.358    -1.070287    .3870309
    Pakistani (fgn)  |  -1.094305    .234743    -4.66   0.000    -1.554392   -.6342169
  Bangladeshi (fgn)  |  -2.184055   .4564164    -4.79   0.000    -3.078615   -1.289495
        Indian (UK)  |  -.0103625   .3240793    -0.03   0.974    -.6455463    .6248213
     Pakistani (UK)  |   -.620686   .2435081    -2.55   0.011    -1.097953    -.143419
   Bangladeshi (UK)  |  -.7773401   .3297764    -2.36   0.018     -1.42369   -.1309903
     Black (fgn/UK)  |  -.1239919   .3464097    -0.36   0.720    -.8029424    .5549585
Other Mus. (fgn/UK)  |   .0579995   .3159546     0.18   0.854    -.5612601     .677259
                     |
               _cons |  -1.763203   .0346526   -50.88   0.000    -1.831121   -1.695285
--------------------------------------------------------------------------------------

Iteration 0:  Log pseudolikelihood = -48655.886  
Iteration 1:  Log pseudolikelihood =  -48206.11  
Iteration 2:  Log pseudolikelihood = -48194.558  
Iteration 3:  Log pseudolikelihood = -48194.202  
Iteration 4:  Log pseudolikelihood = -48194.201  

Logistic regression                                     Number of obs = 80,680
                                                        Wald chi2(19) = 503.33
                                                        Prob > chi2   = 0.0000
Log pseudolikelihood = -48194.201                       Pseudo R2     = 0.0095

                                      (Std. err. adjusted for 17,823 clusters in pidp)
--------------------------------------------------------------------------------------
                     |               Robust
            outcome5 | Coefficient  std. err.      z    P>|z|     [95% conf. interval]
---------------------+----------------------------------------------------------------
                wave |
               2. b  |   .2188126   .0290726     7.53   0.000     .1618313     .275794
               3. c  |   .3989742   .0324657    12.29   0.000     .3353426    .4626057
               4. d  |    .523434   .0341312    15.34   0.000      .456538    .5903299
               5. e  |   .6068329   .0355809    17.06   0.000     .5370956    .6765702
               6. f  |   .6442189   .0370171    17.40   0.000     .5716668     .716771
               7. g  |   .6115958   .0384106    15.92   0.000     .5363123    .6868793
               8. h  |   .6161404   .0399796    15.41   0.000     .5377819    .6944989
               9. i  |   .6548992   .0426858    15.34   0.000     .5712365    .7385618
              10. j  |    .668237   .0443168    15.08   0.000     .5813776    .7550964
              11. k  |   .6834727   .0454623    15.03   0.000     .5943681    .7725772
              12. l  |   .7230382   .0486001    14.88   0.000     .6277838    .8182926
                     |
                resm |
       Indian (fgn)  |  -.3416279   .3717715    -0.92   0.358    -1.070287    .3870309
    Pakistani (fgn)  |  -1.094305    .234743    -4.66   0.000    -1.554392   -.6342169
  Bangladeshi (fgn)  |  -2.184055   .4564164    -4.79   0.000    -3.078615   -1.289495
        Indian (UK)  |  -.0103625   .3240793    -0.03   0.974    -.6455463    .6248213
     Pakistani (UK)  |   -.620686   .2435081    -2.55   0.011    -1.097953    -.143419
   Bangladeshi (UK)  |  -.7773401   .3297764    -2.36   0.018     -1.42369   -.1309903
     Black (fgn/UK)  |  -.1239919   .3464097    -0.36   0.720    -.8029424    .5549585
Other Mus. (fgn/UK)  |   .0579995   .3159546     0.18   0.854    -.5612601     .677259
                     |
               _cons |  -1.763203   .0346526   -50.88   0.000    -1.831121   -1.695285
--------------------------------------------------------------------------------------

Iteration 0:  Log pseudolikelihood = -48655.886  
Iteration 1:  Log pseudolikelihood = -48143.482  
Iteration 2:  Log pseudolikelihood = -48130.274  
Iteration 3:  Log pseudolikelihood = -48129.896  
Iteration 4:  Log pseudolikelihood = -48129.895  

Logistic regression                                     Number of obs = 80,680
                                                        Wald chi2(22) = 509.52
                                                        Prob > chi2   = 0.0000
Log pseudolikelihood = -48129.895                       Pseudo R2     = 0.0108

                                      (Std. err. adjusted for 17,823 clusters in pidp)
--------------------------------------------------------------------------------------
                     |               Robust
            outcome5 | Coefficient  std. err.      z    P>|z|     [95% conf. interval]
---------------------+----------------------------------------------------------------
                wave |
               2. b  |   .2209433   .0291498     7.58   0.000     .1638107    .2780759
               3. c  |   .4021873    .032591    12.34   0.000     .3383102    .4660644
               4. d  |    .525891   .0342258    15.37   0.000     .4588097    .5929724
               5. e  |   .6101706   .0356721    17.10   0.000     .5402546    .6800867
               6. f  |   .6487917    .037139    17.47   0.000     .5760007    .7215828
               7. g  |   .6180914   .0385482    16.03   0.000     .5425382    .6936445
               8. h  |   .6220109   .0401376    15.50   0.000     .5433426    .7006793
               9. i  |   .6594715   .0428106    15.40   0.000     .5755643    .7433787
              10. j  |    .673901   .0444276    15.17   0.000     .5868244    .7609775
              11. k  |   .6878491   .0455743    15.09   0.000     .5985252     .777173
              12. l  |   .7288301   .0487411    14.95   0.000     .6332993    .8243608
                     |
                resm |
       Indian (fgn)  |  -.3844898   .3777579    -1.02   0.309    -1.124882    .3559021
    Pakistani (fgn)  |   -1.12152   .2342279    -4.79   0.000    -1.580598   -.6624416
  Bangladeshi (fgn)  |  -2.231448   .4593621    -4.86   0.000    -3.131781   -1.331115
        Indian (UK)  |  -.0050473   .3250684    -0.02   0.988    -.6421698    .6320752
     Pakistani (UK)  |  -.6319173   .2442435    -2.59   0.010    -1.110626   -.1532088
   Bangladeshi (UK)  |  -.8405145   .3300887    -2.55   0.011    -1.487477   -.1935525
     Black (fgn/UK)  |  -.1705513   .3518709    -0.48   0.628    -.8602057     .519103
Other Mus. (fgn/UK)  |   .0101765   .3212585     0.03   0.975    -.6194786    .6398316
                     |
              dep_qt |   .0378177   .0163959     2.31   0.021     .0056823    .0699532
              mus_qt |   .0418732   .0188979     2.22   0.027      .004834    .0789124
               eu_qt |   .0253781   .0187747     1.35   0.176    -.0114197    .0621759
               _cons |  -2.082422   .0922283   -22.58   0.000    -2.263186   -1.901658
--------------------------------------------------------------------------------------

Iteration 0:  Log pseudolikelihood = -48655.886  
Iteration 1:  Log pseudolikelihood = -41706.358  
Iteration 2:  Log pseudolikelihood = -40878.178  
Iteration 3:  Log pseudolikelihood = -40849.982  
Iteration 4:  Log pseudolikelihood = -40849.929  
Iteration 5:  Log pseudolikelihood = -40849.929  

Logistic regression                                    Number of obs =  80,680
                                                       Wald chi2(33) = 2075.25
                                                       Prob > chi2   =  0.0000
Log pseudolikelihood = -40849.929                      Pseudo R2     =  0.1604

                                                (Std. err. adjusted for 17,823 clusters in pidp)
------------------------------------------------------------------------------------------------
                               |               Robust
                      outcome5 | Coefficient  std. err.      z    P>|z|     [95% conf. interval]
-------------------------------+----------------------------------------------------------------
                          wave |
                         2. b  |   .2568797   .0322044     7.98   0.000     .1937602    .3199992
                         3. c  |   .4909447   .0366128    13.41   0.000     .4191849    .5627044
                         4. d  |   .6288049   .0389295    16.15   0.000     .5525044    .7051053
                         5. e  |   .7205918   .0404137    17.83   0.000     .6413823    .7998012
                         6. f  |   .7769532   .0423097    18.36   0.000     .6940278    .8598787
                         7. g  |   .7198796   .0435904    16.51   0.000     .6344439    .8053153
                         8. h  |   .7048742   .0452122    15.59   0.000       .61626    .7934885
                         9. i  |   .7456585   .0481113    15.50   0.000      .651362    .8399549
                        10. j  |   .7613262   .0500257    15.22   0.000     .6632776    .8593748
                        11. k  |   .7678801    .050351    15.25   0.000     .6691939    .8665663
                        12. l  |   .8093898   .0536588    15.08   0.000     .7042205    .9145591
                               |
                          resm |
                 Indian (fgn)  |  -.2504617    .373441    -0.67   0.502    -.9823926    .4814692
              Pakistani (fgn)  |  -.9962329   .2291513    -4.35   0.000    -1.445361   -.5471046
            Bangladeshi (fgn)  |  -1.945716   .4765873    -4.08   0.000     -2.87981   -1.011622
                  Indian (UK)  |  -.1779381   .3626458    -0.49   0.624    -.8887108    .5328345
               Pakistani (UK)  |  -.6177502   .2546816    -2.43   0.015    -1.116917   -.1185834
             Bangladeshi (UK)  |  -.7705907   .3295627    -2.34   0.019    -1.416522   -.1246596
               Black (fgn/UK)  |  -.0196053   .3250467    -0.06   0.952    -.6566851    .6174745
          Other Mus. (fgn/UK)  |   .1420799   .3944046     0.36   0.719     -.630939    .9150988
                               |
                        dep_qt |   .0313007   .0167545     1.87   0.062    -.0015376     .064139
                        mus_qt |    .027471   .0192252     1.43   0.153    -.0102097    .0651516
                         eu_qt |   .0052309   .0193429     0.27   0.787    -.0326805    .0431422
                     lfs4eu_qt |  -.1247345   .0185867    -6.71   0.000    -.1611637   -.0883053
                     pubsector |  -.0145729   .0529206    -0.28   0.783    -.1182954    .0891495
                      parttime |  -.7590437   .0867008    -8.75   0.000    -.9289742   -.5891132
                               |
                         major |
                 Professional  |  -.2093349   .0632904    -3.31   0.001    -.3333818    -.085288
      Associate and technical  |  -.6651779   .0631331   -10.54   0.000    -.7889165   -.5414394
         Admin. & secretarial  |  -.8133277   .0924206    -8.80   0.000    -.9944687   -.6321867
               Skilled trades  |  -1.776919   .0936089   -18.98   0.000    -1.960389   -1.593449
             Personal service  |  -2.178936   .1805098   -12.07   0.000    -2.532728   -1.825143
   Sales and customer service  |  -1.804278    .121004   -14.91   0.000    -2.041441   -1.567115
Process, plant & machine ops.  |  -2.615789   .1273299   -20.54   0.000    -2.865351   -2.366227
             Elementary occs.  |  -2.937327   .1530168   -19.20   0.000    -3.237234   -2.637419
                               |
                         _cons |  -.7577109   .1062683    -7.13   0.000     -.965993   -.5494288
------------------------------------------------------------------------------------------------

Iteration 0:  Log pseudolikelihood = -48655.886  
Iteration 1:  Log pseudolikelihood = -41693.005  
Iteration 2:  Log pseudolikelihood = -40866.164  
Iteration 3:  Log pseudolikelihood = -40836.459  
Iteration 4:  Log pseudolikelihood =  -40836.33  
Iteration 5:  Log pseudolikelihood =  -40836.33  

Logistic regression                                    Number of obs =  80,680
                                                       Wald chi2(41) = 2099.84
                                                       Prob > chi2   =  0.0000
Log pseudolikelihood = -40836.33                       Pseudo R2     =  0.1607

                                                (Std. err. adjusted for 17,823 clusters in pidp)
------------------------------------------------------------------------------------------------
                               |               Robust
                      outcome5 | Coefficient  std. err.      z    P>|z|     [95% conf. interval]
-------------------------------+----------------------------------------------------------------
                          wave |
                         2. b  |   .2566804    .032217     7.97   0.000     .1935363    .3198245
                         3. c  |   .4902682   .0366037    13.39   0.000     .4185263    .5620101
                         4. d  |   .6283436   .0389193    16.14   0.000     .5520632     .704624
                         5. e  |   .7204383   .0404019    17.83   0.000      .641252    .7996246
                         6. f  |   .7765706   .0423124    18.35   0.000     .6936397    .8595014
                         7. g  |   .7199226   .0436001    16.51   0.000     .6344679    .8053773
                         8. h  |   .7049557   .0452039    15.60   0.000     .6163577    .7935538
                         9. i  |   .7461103   .0481153    15.51   0.000     .6518061    .8404145
                        10. j  |   .7612133   .0500355    15.21   0.000     .6631455    .8592811
                        11. k  |   .7669036   .0503404    15.23   0.000     .6682382    .8655691
                        12. l  |   .8086043   .0536873    15.06   0.000     .7033792    .9138295
                               |
                          resm |
                 Indian (fgn)  |   .7320829   .7101759     1.03   0.303    -.6598363    2.124002
              Pakistani (fgn)  |  -1.026311   .4915829    -2.09   0.037    -1.989796   -.0628265
            Bangladeshi (fgn)  |  -2.067907    1.08097    -1.91   0.056    -4.186569    .0507547
                  Indian (UK)  |  -.2513435   .5186526    -0.48   0.628    -1.267884    .7651969
               Pakistani (UK)  |  -.1536513   .5901955    -0.26   0.795    -1.310413    1.003111
             Bangladeshi (UK)  |   -.212959   .8072261    -0.26   0.792    -1.795093    1.369175
               Black (fgn/UK)  |  -.7482411    .635282    -1.18   0.239    -1.993371    .4968886
          Other Mus. (fgn/UK)  |  -.6175576   .7474944    -0.83   0.409     -2.08262    .8475045
                               |
                        dep_qt |   .0314627   .0167516     1.88   0.060    -.0013699    .0642953
                        mus_qt |   .0273815   .0192273     1.42   0.154    -.0103034    .0650663
                         eu_qt |   .0056386   .0193506     0.29   0.771     -.032288    .0435651
                     pubsector |  -.0149259   .0529524    -0.28   0.778    -.1187107    .0888589
                      parttime |  -.7572988   .0867155    -8.73   0.000    -.9272581   -.5873395
                               |
                         major |
                 Professional  |   -.209104    .063296    -3.30   0.001    -.3331618   -.0850462
      Associate and technical  |  -.6658617   .0631288   -10.55   0.000    -.7895919   -.5421315
         Admin. & secretarial  |  -.8155724   .0923521    -8.83   0.000    -.9965791   -.6345656
               Skilled trades  |   -1.77767   .0936092   -18.99   0.000    -1.961141     -1.5942
             Personal service  |  -2.179394   .1805673   -12.07   0.000      -2.5333   -1.825489
   Sales and customer service  |  -1.805533   .1210683   -14.91   0.000    -2.042822   -1.568243
Process, plant & machine ops.  |  -2.615123   .1273722   -20.53   0.000    -2.864768   -2.365478
             Elementary occs.  |  -2.941651   .1530953   -19.21   0.000    -3.241712   -2.641589
                               |
                     lfs4eu_qt |  -.1258473   .0188391    -6.68   0.000    -.1627712   -.0889234
                               |
              resm#c.lfs4eu_qt |
                 Indian (fgn)  |  -.3794202   .2096761    -1.81   0.070    -.7903778    .0315375
              Pakistani (fgn)  |   .0119464   .1740225     0.07   0.945    -.3291315    .3530243
            Bangladeshi (fgn)  |   .0478739   .3280684     0.15   0.884    -.5951284    .6908761
                  Indian (UK)  |   .0340848   .2211964     0.15   0.878    -.3994521    .4676217
               Pakistani (UK)  |   -.200083   .2177339    -0.92   0.358    -.6268336    .2266676
             Bangladeshi (UK)  |  -.2336994   .2936058    -0.80   0.426    -.8091562    .3417574
               Black (fgn/UK)  |   .2672771   .1640503     1.63   0.103    -.0542556    .5888097
          Other Mus. (fgn/UK)  |   .2808631   .2314299     1.21   0.225    -.1727312    .7344574
                               |
                         _cons |   -.755708    .106525    -7.09   0.000    -.9644931    -.546923
------------------------------------------------------------------------------------------------

Iteration 0:  Log pseudolikelihood = -41567.534  
Iteration 1:  Log pseudolikelihood = -41306.893  
Iteration 2:  Log pseudolikelihood = -41303.582  
Iteration 3:  Log pseudolikelihood =  -41303.58  

Logistic regression                                     Number of obs = 95,098
                                                        Wald chi2(19) = 445.11
                                                        Prob > chi2   = 0.0000
Log pseudolikelihood = -41303.58                        Pseudo R2     = 0.0064

                                      (Std. err. adjusted for 19,885 clusters in pidp)
--------------------------------------------------------------------------------------
                     |               Robust
            outcome5 | Coefficient  std. err.      z    P>|z|     [95% conf. interval]
---------------------+----------------------------------------------------------------
                wave |
               2. b  |   .2031851   .0302946     6.71   0.000     .1438087    .2625615
               3. c  |   .4198678   .0322275    13.03   0.000      .356703    .4830326
               4. d  |    .540174   .0343383    15.73   0.000     .4728722    .6074757
               5. e  |   .5392507   .0359974    14.98   0.000      .468697    .6098043
               6. f  |   .5805602   .0377673    15.37   0.000     .5065376    .6545827
               7. g  |    .581981   .0396531    14.68   0.000     .5042624    .6596997
               8. h  |   .6371372   .0412377    15.45   0.000     .5563127    .7179617
               9. i  |   .6111375   .0436207    14.01   0.000     .5256424    .6966325
              10. j  |   .5744946   .0439131    13.08   0.000     .4884264    .6605627
              11. k  |   .5712724   .0459434    12.43   0.000      .481225    .6613198
              12. l  |   .7048278   .0477102    14.77   0.000     .6113176     .798338
                     |
                resm |
       Indian (fgn)  |  -.7729482   .4000958    -1.93   0.053    -1.557122    .0112251
    Pakistani (fgn)  |  -.7619077   .3865492    -1.97   0.049     -1.51953   -.0042852
  Bangladeshi (fgn)  |  -.0949634   .3694677    -0.26   0.797    -.8191067    .6291799
        Indian (UK)  |   .1795727    .373104     0.48   0.630    -.5516976     .910843
     Pakistani (UK)  |   -.789463   .2751831    -2.87   0.004    -1.328812   -.2501139
   Bangladeshi (UK)  |  -.9034232     .28096    -3.22   0.001    -1.454095   -.3527518
     Black (fgn/UK)  |   .1738585   .1276479     1.36   0.173    -.0763267    .4240437
Other Mus. (fgn/UK)  |  -.0074833   .4147179    -0.02   0.986    -.8203155    .8053489
                     |
               _cons |  -2.082057   .0346458   -60.10   0.000    -2.149961   -2.014152
--------------------------------------------------------------------------------------

Iteration 0:  Log pseudolikelihood = -41567.534  
Iteration 1:  Log pseudolikelihood = -41306.893  
Iteration 2:  Log pseudolikelihood = -41303.582  
Iteration 3:  Log pseudolikelihood =  -41303.58  

Logistic regression                                     Number of obs = 95,098
                                                        Wald chi2(19) = 445.11
                                                        Prob > chi2   = 0.0000
Log pseudolikelihood = -41303.58                        Pseudo R2     = 0.0064

                                      (Std. err. adjusted for 19,885 clusters in pidp)
--------------------------------------------------------------------------------------
                     |               Robust
            outcome5 | Coefficient  std. err.      z    P>|z|     [95% conf. interval]
---------------------+----------------------------------------------------------------
                wave |
               2. b  |   .2031851   .0302946     6.71   0.000     .1438087    .2625615
               3. c  |   .4198678   .0322275    13.03   0.000      .356703    .4830326
               4. d  |    .540174   .0343383    15.73   0.000     .4728722    .6074757
               5. e  |   .5392507   .0359974    14.98   0.000      .468697    .6098043
               6. f  |   .5805602   .0377673    15.37   0.000     .5065376    .6545827
               7. g  |    .581981   .0396531    14.68   0.000     .5042624    .6596997
               8. h  |   .6371372   .0412377    15.45   0.000     .5563127    .7179617
               9. i  |   .6111375   .0436207    14.01   0.000     .5256424    .6966325
              10. j  |   .5744946   .0439131    13.08   0.000     .4884264    .6605627
              11. k  |   .5712724   .0459434    12.43   0.000      .481225    .6613198
              12. l  |   .7048278   .0477102    14.77   0.000     .6113176     .798338
                     |
                resm |
       Indian (fgn)  |  -.7729482   .4000958    -1.93   0.053    -1.557122    .0112251
    Pakistani (fgn)  |  -.7619077   .3865492    -1.97   0.049     -1.51953   -.0042852
  Bangladeshi (fgn)  |  -.0949634   .3694677    -0.26   0.797    -.8191067    .6291799
        Indian (UK)  |   .1795727    .373104     0.48   0.630    -.5516976     .910843
     Pakistani (UK)  |   -.789463   .2751831    -2.87   0.004    -1.328812   -.2501139
   Bangladeshi (UK)  |  -.9034232     .28096    -3.22   0.001    -1.454095   -.3527518
     Black (fgn/UK)  |   .1738585   .1276479     1.36   0.173    -.0763267    .4240437
Other Mus. (fgn/UK)  |  -.0074833   .4147179    -0.02   0.986    -.8203155    .8053489
                     |
               _cons |  -2.082057   .0346458   -60.10   0.000    -2.149961   -2.014152
--------------------------------------------------------------------------------------

Iteration 0:  Log pseudolikelihood = -41567.534  
Iteration 1:  Log pseudolikelihood =  -41281.84  
Iteration 2:  Log pseudolikelihood = -41277.822  
Iteration 3:  Log pseudolikelihood = -41277.819  

Logistic regression                                     Number of obs = 95,098
                                                        Wald chi2(22) = 448.06
                                                        Prob > chi2   = 0.0000
Log pseudolikelihood = -41277.819                       Pseudo R2     = 0.0070

                                      (Std. err. adjusted for 19,885 clusters in pidp)
--------------------------------------------------------------------------------------
                     |               Robust
            outcome5 | Coefficient  std. err.      z    P>|z|     [95% conf. interval]
---------------------+----------------------------------------------------------------
                wave |
               2. b  |   .2034628    .030309     6.71   0.000     .1440583    .2628674
               3. c  |   .4207851   .0322662    13.04   0.000     .3575445    .4840257
               4. d  |   .5406504   .0343557    15.74   0.000     .4733145    .6079863
               5. e  |   .5403667   .0360315    15.00   0.000     .4697462    .6109872
               6. f  |   .5819785   .0377914    15.40   0.000     .5079087    .6560483
               7. g  |   .5833375   .0396865    14.70   0.000     .5055533    .6611216
               8. h  |   .6381395   .0412798    15.46   0.000     .5572325    .7190465
               9. i  |   .6119589   .0436726    14.01   0.000     .5263621    .6975557
              10. j  |   .5745644   .0439429    13.08   0.000     .4884378    .6606909
              11. k  |   .5714682   .0459794    12.43   0.000     .4813502    .6615862
              12. l  |   .7059633   .0477785    14.78   0.000     .6123191    .7996075
                     |
                resm |
       Indian (fgn)  |  -.7982647   .4033108    -1.98   0.048    -1.588739   -.0077902
    Pakistani (fgn)  |   -.771071   .3894183    -1.98   0.048    -1.534317   -.0078252
  Bangladeshi (fgn)  |  -.1310812   .3685365    -0.36   0.722    -.8533994    .5912371
        Indian (UK)  |   .1577733   .3704858     0.43   0.670    -.5683655    .8839121
     Pakistani (UK)  |  -.7892873   .2756442    -2.86   0.004     -1.32954   -.2490346
   Bangladeshi (UK)  |  -.9439437   .2813922    -3.35   0.001    -1.495462   -.3924251
     Black (fgn/UK)  |   .1336906   .1283415     1.04   0.298    -.1178542    .3852354
Other Mus. (fgn/UK)  |  -.0534938   .4139359    -0.13   0.897    -.8647933    .7578057
                     |
              dep_qt |   .0072272   .0157431     0.46   0.646    -.0236286     .038083
              mus_qt |   .0303134   .0186475     1.63   0.104    -.0062351    .0668619
               eu_qt |   .0225733   .0176593     1.28   0.201    -.0120383    .0571849
               _cons |  -2.263897   .0874528   -25.89   0.000    -2.435302   -2.092493
--------------------------------------------------------------------------------------

Iteration 0:  Log pseudolikelihood = -41567.534  
Iteration 1:  Log pseudolikelihood = -36904.127  
Iteration 2:  Log pseudolikelihood = -36264.807  
Iteration 3:  Log pseudolikelihood = -36244.797  
Iteration 4:  Log pseudolikelihood =  -36244.72  
Iteration 5:  Log pseudolikelihood =  -36244.72  

Logistic regression                                    Number of obs =  95,098
                                                       Wald chi2(33) = 1879.70
                                                       Prob > chi2   =  0.0000
Log pseudolikelihood = -36244.72                       Pseudo R2     =  0.1281

                                                (Std. err. adjusted for 19,885 clusters in pidp)
------------------------------------------------------------------------------------------------
                               |               Robust
                      outcome5 | Coefficient  std. err.      z    P>|z|     [95% conf. interval]
-------------------------------+----------------------------------------------------------------
                          wave |
                         2. b  |   .2070936   .0326282     6.35   0.000     .1431435    .2710437
                         3. c  |    .468421   .0350409    13.37   0.000     .3997421    .5370999
                         4. d  |   .6127082   .0375928    16.30   0.000     .5390276    .6863888
                         5. e  |   .6222984    .039352    15.81   0.000       .54517    .6994269
                         6. f  |   .6581745   .0416171    15.82   0.000     .5766065    .7397425
                         7. g  |   .6606288   .0434941    15.19   0.000     .5753819    .7458758
                         8. h  |   .7189143    .045086    15.95   0.000     .6305474    .8072811
                         9. i  |   .6899933   .0474039    14.56   0.000     .5970834    .7829032
                        10. j  |   .6609612   .0481003    13.74   0.000     .5666863    .7552361
                        11. k  |   .6173257     .04971    12.42   0.000     .5198959    .7147554
                        12. l  |    .733312   .0517539    14.17   0.000     .6318763    .8347477
                               |
                          resm |
                 Indian (fgn)  |  -.6115755   .3920805    -1.56   0.119    -1.380039    .1568881
              Pakistani (fgn)  |  -.5611713   .3970168    -1.41   0.158     -1.33931    .2169673
            Bangladeshi (fgn)  |   .3854421   .3543378     1.09   0.277    -.3090474    1.079931
                  Indian (UK)  |   .2154025   .3831903     0.56   0.574    -.5356366    .9664416
               Pakistani (UK)  |  -.7222522    .277058    -2.61   0.009    -1.265276   -.1792285
             Bangladeshi (UK)  |  -.9648705   .2900834    -3.33   0.001    -1.533423   -.3963175
               Black (fgn/UK)  |   .1505809   .1328906     1.13   0.257    -.1098798    .4110417
          Other Mus. (fgn/UK)  |   .0413516   .5114086     0.08   0.936    -.9609908    1.043694
                               |
                        dep_qt |   .0020841   .0158359     0.13   0.895    -.0289537     .033122
                        mus_qt |   .0225807   .0186232     1.21   0.225    -.0139201    .0590816
                         eu_qt |   .0175606   .0179565     0.98   0.328    -.0176334    .0527546
                     lfs4eu_qt |  -.0948244   .0197036    -4.81   0.000    -.1334428    -.056206
                     pubsector |    .194807   .0462806     4.21   0.000     .1040987    .2855153
                      parttime |  -.3250826    .046429    -7.00   0.000    -.4160817   -.2340835
                               |
                         major |
                 Professional  |  -.6583116   .0688119    -9.57   0.000    -.7931805   -.5234427
      Associate and technical  |  -.3284169   .0647633    -5.07   0.000    -.4553507   -.2014831
         Admin. & secretarial  |  -.7354816   .0680935   -10.80   0.000    -.8689423   -.6020208
               Skilled trades  |  -1.934566   .2633272    -7.35   0.000    -2.450678   -1.418454
             Personal service  |  -2.431507   .1072655   -22.67   0.000    -2.641743    -2.22127
   Sales and customer service  |  -2.017683   .1090195   -18.51   0.000    -2.231357   -1.804008
Process, plant & machine ops.  |  -1.935516   .2686093    -7.21   0.000    -2.461981   -1.409052
             Elementary occs.  |  -2.875801   .1487581   -19.33   0.000    -3.167361    -2.58424
                               |
                         _cons |  -1.068636   .1096544    -9.75   0.000    -1.283554   -.8537168
------------------------------------------------------------------------------------------------

Iteration 0:  Log pseudolikelihood = -41567.534  
Iteration 1:  Log pseudolikelihood = -36885.692  
Iteration 2:  Log pseudolikelihood = -36241.565  
Iteration 3:  Log pseudolikelihood = -36220.858  
Iteration 4:  Log pseudolikelihood = -36220.771  
Iteration 5:  Log pseudolikelihood = -36220.771  

Logistic regression                                    Number of obs =  95,098
                                                       Wald chi2(41) = 1917.30
                                                       Prob > chi2   =  0.0000
Log pseudolikelihood = -36220.771                      Pseudo R2     =  0.1286

                                                (Std. err. adjusted for 19,885 clusters in pidp)
------------------------------------------------------------------------------------------------
                               |               Robust
                      outcome5 | Coefficient  std. err.      z    P>|z|     [95% conf. interval]
-------------------------------+----------------------------------------------------------------
                          wave |
                         2. b  |   .2063778   .0326414     6.32   0.000     .1424017    .2703538
                         3. c  |   .4681812   .0350525    13.36   0.000     .3994795    .5368829
                         4. d  |   .6112203   .0375948    16.26   0.000     .5375358    .6849048
                         5. e  |    .620729   .0393548    15.77   0.000      .543595     .697863
                         6. f  |   .6568322   .0416206    15.78   0.000     .5752574    .7384069
                         7. g  |   .6591348   .0434849    15.16   0.000     .5739058    .7443637
                         8. h  |   .7163603   .0450946    15.89   0.000     .6279764    .8047442
                         9. i  |   .6881881   .0473966    14.52   0.000     .5952924    .7810838
                        10. j  |    .659162   .0481496    13.69   0.000     .5647906    .7535335
                        11. k  |    .616501   .0497257    12.40   0.000     .5190405    .7139615
                        12. l  |   .7334008   .0517239    14.18   0.000     .6320239    .8347777
                               |
                          resm |
                 Indian (fgn)  |   .7408316     .89722     0.83   0.409    -1.017687     2.49935
              Pakistani (fgn)  |   -.329284    .654027    -0.50   0.615    -1.611153    .9525853
            Bangladeshi (fgn)  |   1.312639   1.014466     1.29   0.196    -.6756771    3.300955
                  Indian (UK)  |   -1.27982   .7680525    -1.67   0.096    -2.785175    .2255355
               Pakistani (UK)  |  -1.600611   .4358014    -3.67   0.000    -2.454766   -.7464561
             Bangladeshi (UK)  |   -.892037   .5543157    -1.61   0.108    -1.978476    .1944018
               Black (fgn/UK)  |  -.0460327   .2742432    -0.17   0.867    -.5835395     .491474
          Other Mus. (fgn/UK)  |  -2.739736   .7034886    -3.89   0.000    -4.118548   -1.360923
                               |
                        dep_qt |   .0023931   .0158454     0.15   0.880    -.0286632    .0334495
                        mus_qt |   .0222145   .0186275     1.19   0.233    -.0142946    .0587237
                         eu_qt |   .0175632   .0179593     0.98   0.328    -.0176365    .0527628
                     pubsector |   .1948423   .0462911     4.21   0.000     .1041134    .2855712
                      parttime |  -.3250241   .0464582    -7.00   0.000    -.4160805   -.2339678
                               |
                         major |
                 Professional  |  -.6594898    .068835    -9.58   0.000     -.794404   -.5245757
      Associate and technical  |  -.3293849   .0648117    -5.08   0.000    -.4564135   -.2023563
         Admin. & secretarial  |  -.7356219   .0681301   -10.80   0.000    -.8691544   -.6020895
               Skilled trades  |  -1.929717   .2633098    -7.33   0.000    -2.445794   -1.413639
             Personal service  |  -2.431079   .1073068   -22.66   0.000    -2.641396   -2.220761
   Sales and customer service  |  -2.016775   .1088086   -18.54   0.000    -2.230036   -1.803514
Process, plant & machine ops.  |  -1.927241   .2687178    -7.17   0.000    -2.453919   -1.400564
             Elementary occs.  |  -2.875312   .1488531   -19.32   0.000    -3.167058   -2.583565
                               |
                     lfs4eu_qt |  -.0988278   .0200598    -4.93   0.000    -.1381442   -.0595113
                               |
              resm#c.lfs4eu_qt |
                 Indian (fgn)  |  -.6591635   .4762952    -1.38   0.166    -1.592685    .2743579
              Pakistani (fgn)  |  -.1035795   .1690721    -0.61   0.540    -.4349546    .2277957
            Bangladeshi (fgn)  |  -.3475562   .3412949    -1.02   0.309    -1.016482    .3213695
                  Indian (UK)  |   .4980895   .2045334     2.44   0.015     .0972115    .8989675
               Pakistani (UK)  |   .3429151   .1541463     2.22   0.026      .040794    .6450362
             Bangladeshi (UK)  |  -.0290339   .1544715    -0.19   0.851    -.3317925    .2737247
               Black (fgn/UK)  |   .0821018   .0994416     0.83   0.409       -.1128    .2770037
          Other Mus. (fgn/UK)  |   .8792721   .2465192     3.57   0.000     .3961033    1.362441
                               |
                         _cons |  -1.057254   .1100529    -9.61   0.000    -1.272954   -.8415546
------------------------------------------------------------------------------------------------

. 
end of do-file

. log close
      name:  <unnamed>
       log:  /Users/scothunter/Library/CloudStorage/OneDrive-UniversityofStirling/thesis/directory/syntax/prep/attachments/sup_ch6g_jobquality.log
  log type:  text
 closed on:  28 Sep 2024, 11:54:02
--------------------------------------------------------------------------------------------------------------------------------------------------
