--------------------------------------------------------------------------------------------------------------------------------------------------
      name:  <unnamed>
       log:  /Users/scothunter/Library/CloudStorage/OneDrive-UniversityofStirling/thesis/directory/syntax/prep/attachments/sup_ch6_employment2.log
  log type:  text
 opened on:  28 Sep 2024, 11:38:20

. do "/var/folders/cj/8dv18brd2sd49mkfxtpn8j1w0000gn/T//SD04849.000000"

. 
. *missing data - keep only cases with data on all variables. 
. global vars2 "outcome7 resm fem dvage_ind educscore engprof lonse mar child health cardum ties liberal sity dep_qt mus_qt eu_qt"

. capture drop miss2 

. egen miss2 = rmiss($vars2)

. codebook $vars2 if miss2 == 0, compact

Variable      Obs Unique      Mean       Min      Max  Label
--------------------------------------------------------------------------------------------------------------------------------------------------
outcome7   246705      2  .9214163         0        1  Employment status
resm       246705      9   1.40255         1        9  
fem        246705      2  .5067064         0        1  female
dvage_ind  246705     49  41.77375        16       64  Mean age
educscore  246705     42  49.50993  34.67812  61.7509  Education score
engprof    246705      2  .9872236         0        1  English language proficiency
lonse      246705      2  .2175432         0        1  
mar        246705      2   .534829         0        1  Marital status
child      246705      4  .2931274         0        3  No. of children under 16
health     246705      2    1.7496         1        2  Long-standing illness or impairment
cardum     246705      2  .1581565         0        1  
ties       246705      2  .7692791         0        1  close ties with majority
liberal    246705      2  .8254312         0        1  Liberal gender attitudes
sity       246705      2  .8461807         0        1  Religiosity scale
dep_qt     246705      5  2.986064         1        5  5 quantiles of lsoa_scale
mus_qt     246705      5  2.921485         1        5  5 quantiles of raw_lsoa_muslim
eu_qt      246705      5  2.955084         1        5  5 quantiles of log_lsoa_eu
--------------------------------------------------------------------------------------------------------------------------------------------------

. global miss "& miss2 == 0 [pw=nwei] , robust cluster(pidp)"

. ** pariticpation logistic regresison loops (for men 0 and women 1) 
. foreach num of numlist 0 1 { 
  2.         * base model 
.  logit outcome7 i.wave i.resm if fem == `num' $miss
  3.         est store b`num'_7
  4.         * adding in individual level controls.
.   logit outcome7 i.wave i.resm $parvar if fem == `num' $miss
  5.         est store i`num'_7
  6.         * adding in neighbourhood charactersitics. 
.   logit outcome7 i.wave i.resm $parvar dep_qt mus_qt eu_qt ///
>                 if fem == `num' $miss
  7.         est store all`num'_7
  8.         * adding interactions between resm and neighbourhood chars. 
.   logit outcome7 i.wave i.resm $parvar ///
>                 i.resm##c.dep_qt i.resm##c.mus_qt i.resm##c.eu_qt ///            
>                 if fem == `num' $miss
  9.         est store int`num'_7
 10. }

Iteration 0:  Log pseudolikelihood = -38227.178  
Iteration 1:  Log pseudolikelihood = -37990.171  
Iteration 2:  Log pseudolikelihood = -37960.164  
Iteration 3:  Log pseudolikelihood = -37960.134  
Iteration 4:  Log pseudolikelihood = -37960.134  

Logistic regression                                    Number of obs = 111,300
                                                       Wald chi2(19) =  217.47
                                                       Prob > chi2   =  0.0000
Log pseudolikelihood = -37960.134                      Pseudo R2     =  0.0070

                              (Std. err. adjusted for 23,037 clusters in pidp)
------------------------------------------------------------------------------
             |               Robust
    outcome7 | Coefficient  std. err.      z    P>|z|     [95% conf. interval]
-------------+----------------------------------------------------------------
        wave |
       2. b  |   .0843114   .0373178     2.26   0.024     .0111699    .1574528
       3. c  |   .1260719   .0422874     2.98   0.003     .0431902    .2089537
       4. d  |   .1525175   .0449135     3.40   0.001     .0644886    .2405464
       5. e  |   .2603123   .0488796     5.33   0.000       .16451    .3561145
       6. f  |   .3848779   .0524619     7.34   0.000     .2820546    .4877013
       7. g  |    .471438   .0571011     8.26   0.000     .3595219    .5833542
       8. h  |   .4424539   .0601345     7.36   0.000     .3245925    .5603153
       9. i  |   .4498983   .0637923     7.05   0.000     .3248677    .5749288
      10. j  |   .4093693   .0656372     6.24   0.000     .2807228    .5380157
      11. k  |   .3070649   .0657721     4.67   0.000     .1781541    .4359758
      12. l  |   .3094299   .0733651     4.22   0.000      .165637    .4532228
             |
        resm |
          2  |  -.0383802   .2221281    -0.17   0.863    -.4737433     .396983
          3  |   .0630134   .1409679     0.45   0.655    -.2132785    .3393053
          4  |  -.8397302   .1546252    -5.43   0.000     -1.14279   -.5366702
          5  |  -.2536251   .2610874    -0.97   0.331     -.765347    .2580968
          6  |   -.665225    .133882    -4.97   0.000    -.9276288   -.4028211
          7  |  -.6477188   .1622244    -3.99   0.000    -.9656727   -.3297649
          8  |  -.9600017   .1289679    -7.44   0.000    -1.212774   -.7072294
          9  |  -.8179498   .2364586    -3.46   0.001      -1.2814   -.3544994
             |
       _cons |    2.09955   .0324566    64.69   0.000     2.035936    2.163163
------------------------------------------------------------------------------

Iteration 0:  Log pseudolikelihood = -38227.178  
Iteration 1:  Log pseudolikelihood = -33569.094  
Iteration 2:  Log pseudolikelihood = -32608.119  
Iteration 3:  Log pseudolikelihood = -32594.882  
Iteration 4:  Log pseudolikelihood = -32594.858  
Iteration 5:  Log pseudolikelihood = -32594.858  

Logistic regression                                    Number of obs = 111,300
                                                       Wald chi2(30) = 2300.40
                                                       Prob > chi2   =  0.0000
Log pseudolikelihood = -32594.858                      Pseudo R2     =  0.1473

                              (Std. err. adjusted for 23,037 clusters in pidp)
------------------------------------------------------------------------------
             |               Robust
    outcome7 | Coefficient  std. err.      z    P>|z|     [95% conf. interval]
-------------+----------------------------------------------------------------
        wave |
       2. b  |  -.0523628   .0416591    -1.26   0.209    -.1340132    .0292876
       3. c  |  -.0794448   .0481524    -1.65   0.099    -.1738217    .0149321
       4. d  |  -.0450005   .0505283    -0.89   0.373    -.1440342    .0540332
       5. e  |   .0664969   .0539798     1.23   0.218    -.0393015    .1722954
       6. f  |   .2027473   .0574731     3.53   0.000     .0901022    .3153924
       7. g  |   .3034922   .0615292     4.93   0.000     .1828972    .4240873
       8. h  |   .2901392   .0638687     4.54   0.000     .1649589    .4153195
       9. i  |   .2948077   .0679405     4.34   0.000     .1616468    .4279687
      10. j  |   .2334183   .0694959     3.36   0.001     .0972089    .3696278
      11. k  |   .1943034   .0709357     2.74   0.006     .0552719    .3333348
      12. l  |   .1828727   .0771675     2.37   0.018     .0316271    .3341183
             |
        resm |
          2  |  -.2903504   .2670673    -1.09   0.277    -.8137927     .233092
          3  |   -.078208   .1804427    -0.43   0.665    -.4318693    .2754532
          4  |   -.966123    .172439    -5.60   0.000    -1.304097   -.6281487
          5  |  -.1469265   .2709015    -0.54   0.588    -.6778837    .3840306
          6  |  -.6003281   .1473599    -4.07   0.000    -.8891483    -.311508
          7  |   -.077737    .199622    -0.39   0.697    -.4689889    .3135149
          8  |  -.6889342   .1381645    -4.99   0.000    -.9597316   -.4181368
          9  |  -1.055975   .2677718    -3.94   0.000    -1.580798    -.531152
             |
   dvage_ind |   .0120849   .0021993     5.49   0.000     .0077744    .0163953
   educscore |   .0837848   .0044039    19.03   0.000     .0751533    .0924162
     engprof |   .3434702   .1594144     2.15   0.031     .0310236    .6559168
       lonse |   .0352192   .0634071     0.56   0.579    -.0890564    .1594947
         mar |   1.306329   .0606989    21.52   0.000     1.187361    1.425297
       child |  -.1985723   .1055523    -1.88   0.060    -.4054509    .0083063
      health |   .8183289   .0431842    18.95   0.000     .7336894    .9029684
      cardum |   -.418323   .0505009    -8.28   0.000     -.517303    -.319343
        ties |   .2831846   .0546333     5.18   0.000     .1761053    .3902639
     liberal |   .2999926   .0522448     5.74   0.000     .1975947    .4023905
        sity |   .0220304   .0795043     0.28   0.782    -.1337952     .177856
       _cons |  -4.753716   .2749231   -17.29   0.000    -5.292555   -4.214876
------------------------------------------------------------------------------

Iteration 0:  Log pseudolikelihood = -38227.178  
Iteration 1:  Log pseudolikelihood = -33554.199  
Iteration 2:  Log pseudolikelihood = -32588.432  
Iteration 3:  Log pseudolikelihood = -32575.049  
Iteration 4:  Log pseudolikelihood = -32575.025  
Iteration 5:  Log pseudolikelihood = -32575.025  

Logistic regression                                    Number of obs = 111,300
                                                       Wald chi2(33) = 2333.69
                                                       Prob > chi2   =  0.0000
Log pseudolikelihood = -32575.025                      Pseudo R2     =  0.1479

                              (Std. err. adjusted for 23,037 clusters in pidp)
------------------------------------------------------------------------------
             |               Robust
    outcome7 | Coefficient  std. err.      z    P>|z|     [95% conf. interval]
-------------+----------------------------------------------------------------
        wave |
       2. b  |  -.0517686   .0416588    -1.24   0.214    -.1334183    .0298811
       3. c  |  -.0803009   .0481599    -1.67   0.095    -.1746926    .0140909
       4. d  |  -.0465395   .0505228    -0.92   0.357    -.1455625    .0524834
       5. e  |   .0645879   .0539333     1.20   0.231    -.0411194    .1702951
       6. f  |   .1999054   .0575797     3.47   0.001     .0870513    .3127595
       7. g  |   .3000088   .0615617     4.87   0.000     .1793501    .4206675
       8. h  |   .2866227   .0638557     4.49   0.000     .1614679    .4117775
       9. i  |   .2893476   .0680032     4.25   0.000     .1560638    .4226315
      10. j  |    .230672   .0695595     3.32   0.001     .0943378    .3670062
      11. k  |   .1929914   .0710821     2.72   0.007      .053673    .3323097
      12. l  |   .1806132   .0773191     2.34   0.019     .0290706    .3321558
             |
        resm |
          2  |  -.2500513   .2703096    -0.93   0.355    -.7798484    .2797457
          3  |   -.053472   .1810143    -0.30   0.768    -.4082534    .3013095
          4  |  -.9253681   .1724908    -5.36   0.000    -1.263444   -.5872924
          5  |  -.1359432   .2687753    -0.51   0.613    -.6627331    .3908467
          6  |   -.572499   .1477895    -3.87   0.000     -.862161   -.2828369
          7  |  -.0431924   .1998616    -0.22   0.829    -.4349139     .348529
          8  |  -.6607635   .1399398    -4.72   0.000    -.9350404   -.3864865
          9  |  -1.029693   .2674097    -3.85   0.000    -1.553806   -.5055793
             |
   dvage_ind |   .0122445   .0021948     5.58   0.000     .0079428    .0165462
   educscore |   .0841023   .0043857    19.18   0.000     .0755066     .092698
     engprof |   .3394492     .15887     2.14   0.033     .0280697    .6508287
       lonse |   .0463851   .0632035     0.73   0.463    -.0774914    .1702617
         mar |   1.303563   .0606111    21.51   0.000     1.184767    1.422358
       child |  -.2010052   .1045482    -1.92   0.055    -.4059159    .0039055
      health |   .8179889   .0431825    18.94   0.000     .7333527    .9026251
      cardum |  -.4178311   .0504817    -8.28   0.000    -.5167734   -.3188888
        ties |   .2839842    .054665     5.19   0.000     .1768428    .3911256
     liberal |   .3021633   .0522723     5.78   0.000     .1997114    .4046151
        sity |     .03088   .0796479     0.39   0.698     -.125227    .1869869
      dep_qt |    .009763   .0162599     0.60   0.548    -.0221059    .0416318
      mus_qt |  -.0502185   .0194279    -2.58   0.010    -.0882966   -.0121405
       eu_qt |   .0109236    .018877     0.58   0.563    -.0260746    .0479218
       _cons |  -4.691709   .2932554   -16.00   0.000    -5.266479   -4.116939
------------------------------------------------------------------------------

Iteration 0:  Log pseudolikelihood = -38227.178  
Iteration 1:  Log pseudolikelihood = -33558.977  
Iteration 2:  Log pseudolikelihood = -32565.902  
Iteration 3:  Log pseudolikelihood =  -32552.08  
Iteration 4:  Log pseudolikelihood = -32552.055  
Iteration 5:  Log pseudolikelihood = -32552.055  

Logistic regression                                    Number of obs = 111,300
                                                       Wald chi2(57) = 2364.16
                                                       Prob > chi2   =  0.0000
Log pseudolikelihood = -32552.055                      Pseudo R2     =  0.1485

                               (Std. err. adjusted for 23,037 clusters in pidp)
-------------------------------------------------------------------------------
              |               Robust
     outcome7 | Coefficient  std. err.      z    P>|z|     [95% conf. interval]
--------------+----------------------------------------------------------------
         wave |
        2. b  |  -.0527407   .0416287    -1.27   0.205    -.1343315    .0288501
        3. c  |  -.0808015   .0481468    -1.68   0.093    -.1751674    .0135645
        4. d  |  -.0480953   .0504823    -0.95   0.341    -.1470387    .0508481
        5. e  |   .0630802   .0539139     1.17   0.242    -.0425891    .1687494
        6. f  |   .1995876   .0575383     3.47   0.001     .0868145    .3123607
        7. g  |   .3008577   .0615372     4.89   0.000      .180247    .4214684
        8. h  |   .2867824   .0638232     4.49   0.000     .1616913    .4118736
        9. i  |   .2892282   .0680114     4.25   0.000     .1559283    .4225281
       10. j  |   .2301214   .0695481     3.31   0.001     .0938096    .3664332
       11. k  |   .1922288   .0711125     2.70   0.007      .052851    .3316067
       12. l  |    .182601   .0773505     2.36   0.018     .0309969    .3342052
              |
         resm |
           2  |  -.7191674    .884634    -0.81   0.416    -2.453018    1.014683
           3  |  -.4449125    .481397    -0.92   0.355    -1.388433    .4986082
           4  |   .3046736    .601478     0.51   0.612    -.8742016    1.483549
           5  |  -.0172801   1.147564    -0.02   0.988    -2.266465    2.231905
           6  |  -.9466253     .48846    -1.94   0.053    -1.903989    .0107387
           7  |   .0739421   .7978644     0.09   0.926    -1.489843    1.637728
           8  |  -.2356827   .4792751    -0.49   0.623    -1.175045    .7036792
           9  |  -1.819319   .9775046    -1.86   0.063    -3.735193    .0965547
              |
    dvage_ind |   .0122172    .002191     5.58   0.000     .0079229    .0165116
    educscore |   .0841165   .0043926    19.15   0.000     .0755073    .0927258
      engprof |   .3232503   .1573941     2.05   0.040     .0147635    .6317372
        lonse |   .0474276   .0639141     0.74   0.458    -.0778418     .172697
          mar |   1.304158   .0605954    21.52   0.000     1.185393    1.422923
        child |  -.2028524   .1045022    -1.94   0.052     -.407673    .0019682
       health |   .8177973   .0431786    18.94   0.000     .7331688    .9024257
       cardum |  -.4178268    .050482    -8.28   0.000    -.5167697    -.318884
         ties |   .2852499   .0546147     5.22   0.000      .178207    .3922927
      liberal |   .3017214   .0522494     5.77   0.000     .1993144    .4041284
         sity |   .0395178   .0790603     0.50   0.617    -.1154376    .1944731
       dep_qt |     .01145   .0170652     0.67   0.502    -.0219971    .0448971
              |
resm#c.dep_qt |
           2  |  -.2355489   .1535088    -1.53   0.125    -.5364206    .0653229
           3  |  -.0188369   .1259176    -0.15   0.881    -.2656309    .2279572
           4  |   -.197886   .0922323    -2.15   0.032     -.378658    -.017114
           5  |   .0643001   .2099996     0.31   0.759    -.3472915    .4758917
           6  |   .1047111   .1001099     1.05   0.296    -.0915007    .3009229
           7  |  -.0823564   .1070776    -0.77   0.442    -.2922247     .127512
           8  |  -.1650178   .0855627    -1.93   0.054    -.3327176    .0026821
           9  |   .2650492   .1851488     1.43   0.152    -.0978358    .6279341
              |
       mus_qt |  -.0522921   .0200715    -2.61   0.009    -.0916315   -.0129527
              |
resm#c.mus_qt |
           2  |   .6245613   .2607369     2.40   0.017     .1135264    1.135596
           3  |  -.0002868   .1890855    -0.00   0.999    -.3708876    .3703141
           4  |  -.1734922   .1547341    -1.12   0.262    -.4767653     .129781
           5  |   -.052137   .2330037    -0.22   0.823     -.508816    .4045419
           6  |   .0652097   .1099021     0.59   0.553    -.1501945    .2806139
           7  |  -.0345625    .183767    -0.19   0.851    -.3947391    .3256142
           8  |    .083156   .1115472     0.75   0.456    -.1354724    .3017844
           9  |   .0584667   .2705212     0.22   0.829    -.4717452    .5886785
              |
        eu_qt |   .0116532   .0196398     0.59   0.553      -.02684    .0501465
              |
 resm#c.eu_qt |
           2  |  -.3097223     .21497    -1.44   0.150    -.7310557     .111611
           3  |   .1525274   .1667855     0.91   0.360    -.1743661    .4794209
           4  |   .0315264   .1417216     0.22   0.824    -.2462429    .3092958
           5  |  -.0506182   .2309251    -0.22   0.826     -.503223    .4019866
           6  |  -.0466967   .1068219    -0.44   0.662    -.2560637    .1626703
           7  |   .0858674   .1596127     0.54   0.591    -.2269677    .3987026
           8  |  -.0560088   .1178851    -0.48   0.635    -.2870592    .1750417
           9  |   -.049288   .2769289    -0.18   0.859    -.5920586    .4934827
              |
        _cons |  -4.684512    .294617   -15.90   0.000    -5.261951   -4.107073
-------------------------------------------------------------------------------

Iteration 0:  Log pseudolikelihood = -28754.574  
Iteration 1:  Log pseudolikelihood = -28627.009  
Iteration 2:  Log pseudolikelihood = -28444.545  
Iteration 3:  Log pseudolikelihood = -28444.307  
Iteration 4:  Log pseudolikelihood = -28444.307  

Logistic regression                                    Number of obs = 121,095
                                                       Wald chi2(19) =  419.12
                                                       Prob > chi2   =  0.0000
Log pseudolikelihood = -28444.307                      Pseudo R2     =  0.0108

                              (Std. err. adjusted for 24,205 clusters in pidp)
------------------------------------------------------------------------------
             |               Robust
    outcome7 | Coefficient  std. err.      z    P>|z|     [95% conf. interval]
-------------+----------------------------------------------------------------
        wave |
       2. b  |   .1066529   .0426672     2.50   0.012     .0230267    .1902791
       3. c  |   .0806646   .0469805     1.72   0.086    -.0114155    .1727448
       4. d  |   .1296162   .0503281     2.58   0.010      .030975    .2282575
       5. e  |   .1699065   .0535086     3.18   0.001     .0650315    .2747815
       6. f  |   .2309692   .0569411     4.06   0.000     .1193667    .3425717
       7. g  |   .2856524   .0603226     4.74   0.000     .1674223    .4038824
       8. h  |   .4361313   .0652878     6.68   0.000     .3081695     .564093
       9. i  |   .3415833   .0671826     5.08   0.000     .2099079    .4732587
      10. j  |   .3994074   .0711189     5.62   0.000     .2600169    .5387979
      11. k  |    .297135   .0719727     4.13   0.000     .1560711    .4381989
      12. l  |   .0837503   .0724619     1.16   0.248    -.0582724     .225773
             |
        resm |
          2  |  -.8051913   .2610642    -3.08   0.002    -1.316868    -.293515
          3  |  -1.567716   .1429632   -10.97   0.000    -1.847918   -1.287513
          4  |  -1.478383   .1932146    -7.65   0.000    -1.857077   -1.099689
          5  |  -1.060174   .2151411    -4.93   0.000    -1.481842   -.6385049
          6  |  -1.326301   .1322464   -10.03   0.000    -1.585499   -1.067102
          7  |  -1.061734   .1547631    -6.86   0.000    -1.365064   -.7584037
          8  |  -.7734062   .1242343    -6.23   0.000    -1.016901   -.5299116
          9  |  -1.232796   .2503876    -4.92   0.000    -1.723547   -.7420454
             |
       _cons |   2.490454   .0358118    69.54   0.000     2.420264    2.560644
------------------------------------------------------------------------------

Iteration 0:  Log pseudolikelihood = -28754.574  
Iteration 1:  Log pseudolikelihood = -25683.217  
Iteration 2:  Log pseudolikelihood = -24655.248  
Iteration 3:  Log pseudolikelihood = -24640.591  
Iteration 4:  Log pseudolikelihood = -24640.558  
Iteration 5:  Log pseudolikelihood = -24640.558  

Logistic regression                                    Number of obs = 121,095
                                                       Wald chi2(30) = 2368.03
                                                       Prob > chi2   =  0.0000
Log pseudolikelihood = -24640.558                      Pseudo R2     =  0.1431

                              (Std. err. adjusted for 24,205 clusters in pidp)
------------------------------------------------------------------------------
             |               Robust
    outcome7 | Coefficient  std. err.      z    P>|z|     [95% conf. interval]
-------------+----------------------------------------------------------------
        wave |
       2. b  |  -.0912697   .0464307    -1.97   0.049    -.1822721   -.0002673
       3. c  |  -.1757129   .0522992    -3.36   0.001    -.2782175   -.0732083
       4. d  |  -.1625713   .0551064    -2.95   0.003    -.2705778   -.0545649
       5. e  |  -.1077694   .0585604    -1.84   0.066    -.2225457    .0070069
       6. f  |  -.0256169   .0626879    -0.41   0.683    -.1484828    .0972491
       7. g  |   .0407384    .066077     0.62   0.538    -.0887701     .170247
       8. h  |   .2271064   .0700722     3.24   0.001     .0897675    .3644453
       9. i  |   .1593206   .0735427     2.17   0.030     .0151795    .3034617
      10. j  |   .1942167   .0775228     2.51   0.012     .0422748    .3461585
      11. k  |    .146371   .0780783     1.87   0.061    -.0066597    .2994018
      12. l  |  -.0854413   .0781105    -1.09   0.274    -.2385349    .0676524
             |
        resm |
          2  |  -.8179736   .3196604    -2.56   0.011    -1.444496   -.1914507
          3  |   -1.43328   .1923668    -7.45   0.000    -1.810312   -1.056248
          4  |  -1.422917   .2667678    -5.33   0.000    -1.945773    -.900062
          5  |  -.9274986   .2548754    -3.64   0.000    -1.427045   -.4279521
          6  |  -1.115591   .1497762    -7.45   0.000    -1.409147   -.8220354
          7  |  -.6139532   .1696146    -3.62   0.000    -.9463917   -.2815148
          8  |  -.6252391   .1361621    -4.59   0.000    -.8921118   -.3583663
          9  |  -1.253311   .3063552    -4.09   0.000    -1.853756    -.652866
             |
   dvage_ind |   .0141026   .0019644     7.18   0.000     .0102524    .0179529
   educscore |    .102025   .0039549    25.80   0.000     .0942736    .1097764
     engprof |   .2667473   .1918792     1.39   0.164    -.1093291    .6428238
       lonse |   .0481278   .0600994     0.80   0.423    -.0696648    .1659204
         mar |   .9672499   .0526373    18.38   0.000     .8640828    1.070417
       child |   -.132602   .0263136    -5.04   0.000    -.1841757   -.0810284
      health |   .7214039   .0415651    17.36   0.000     .6399378    .8028699
      cardum |  -.2577388   .0489777    -5.26   0.000    -.3537334   -.1617443
        ties |   .2376493   .0639913     3.71   0.000     .1122286    .3630699
     liberal |    .546499   .0570337     9.58   0.000     .4347149    .6582831
        sity |   .0910585   .0683126     1.33   0.183    -.0428317    .2249486
       _cons |  -5.104367   .2775043   -18.39   0.000    -5.648265   -4.560469
------------------------------------------------------------------------------

Iteration 0:  Log pseudolikelihood = -28754.574  
Iteration 1:  Log pseudolikelihood = -25680.126  
Iteration 2:  Log pseudolikelihood = -24650.465  
Iteration 3:  Log pseudolikelihood = -24635.749  
Iteration 4:  Log pseudolikelihood = -24635.716  
Iteration 5:  Log pseudolikelihood = -24635.716  

Logistic regression                                    Number of obs = 121,095
                                                       Wald chi2(33) = 2377.11
                                                       Prob > chi2   =  0.0000
Log pseudolikelihood = -24635.716                      Pseudo R2     =  0.1432

                              (Std. err. adjusted for 24,205 clusters in pidp)
------------------------------------------------------------------------------
             |               Robust
    outcome7 | Coefficient  std. err.      z    P>|z|     [95% conf. interval]
-------------+----------------------------------------------------------------
        wave |
       2. b  |  -.0906711   .0464156    -1.95   0.051    -.1816441    .0003018
       3. c  |   -.175558   .0522905    -3.36   0.001    -.2780456   -.0730704
       4. d  |  -.1627799   .0551078    -2.95   0.003    -.2707891   -.0547707
       5. e  |  -.1083683   .0585793    -1.85   0.064    -.2231816     .006445
       6. f  |  -.0267904   .0626693    -0.43   0.669      -.14962    .0960392
       7. g  |   .0399914   .0660311     0.61   0.545    -.0894271    .1694099
       8. h  |   .2269075   .0699732     3.24   0.001     .0897626    .3640524
       9. i  |   .1599869   .0735557     2.18   0.030     .0158204    .3041533
      10. j  |   .1949202   .0775808     2.51   0.012     .0428647    .3469757
      11. k  |   .1463132   .0781304     1.87   0.061    -.0068194    .2994459
      12. l  |  -.0866744   .0781206    -1.11   0.267    -.2397879    .0664392
             |
        resm |
          2  |  -.8031498   .3205753    -2.51   0.012    -1.431466   -.1748337
          3  |    -1.4228   .1932871    -7.36   0.000    -1.801636   -1.043964
          4  |  -1.401801   .2696177    -5.20   0.000    -1.930242   -.8733597
          5  |  -.9153518   .2527206    -3.62   0.000    -1.410675   -.4200284
          6  |  -1.112952   .1504246    -7.40   0.000    -1.407779   -.8181257
          7  |  -.5960046   .1701423    -3.50   0.000    -.9294774   -.2625318
          8  |  -.6065343   .1368318    -4.43   0.000    -.8747197    -.338349
          9  |  -1.230682   .3066596    -4.01   0.000    -1.831724   -.6296406
             |
   dvage_ind |   .0141796   .0019629     7.22   0.000     .0103324    .0180269
   educscore |   .1020897   .0039529    25.83   0.000     .0943421    .1098372
     engprof |   .2669349   .1915386     1.39   0.163    -.1084739    .6423437
       lonse |   .0558159   .0602257     0.93   0.354    -.0622243    .1738561
         mar |   .9645201   .0525868    18.34   0.000     .8614519    1.067588
       child |  -.1323962   .0263138    -5.03   0.000    -.1839704   -.0808221
      health |   .7212711     .04164    17.32   0.000     .6396582    .8028839
      cardum |  -.2568341   .0489551    -5.25   0.000    -.3527843   -.1608839
        ties |   .2377437    .064097     3.71   0.000     .1121159    .3633714
     liberal |   .5458125   .0570108     9.57   0.000     .4340735    .6575515
        sity |   .0932915   .0684613     1.36   0.173    -.0408902    .2274733
      dep_qt |   .0076972   .0160793     0.48   0.632    -.0238177    .0392121
      mus_qt |  -.0225737   .0196657    -1.15   0.251    -.0611178    .0159703
       eu_qt |   -.005138    .019607    -0.26   0.793    -.0435669     .033291
       _cons |  -5.052906   .2881619   -17.53   0.000    -5.617693    -4.48812
------------------------------------------------------------------------------

Iteration 0:  Log pseudolikelihood = -28754.574  
Iteration 1:  Log pseudolikelihood = -25704.541  
Iteration 2:  Log pseudolikelihood = -24633.698  
Iteration 3:  Log pseudolikelihood = -24613.515  
Iteration 4:  Log pseudolikelihood = -24613.435  
Iteration 5:  Log pseudolikelihood = -24613.435  

Logistic regression                                    Number of obs = 121,095
                                                       Wald chi2(57) = 2406.67
                                                       Prob > chi2   =  0.0000
Log pseudolikelihood = -24613.435                      Pseudo R2     =  0.1440

                               (Std. err. adjusted for 24,205 clusters in pidp)
-------------------------------------------------------------------------------
              |               Robust
     outcome7 | Coefficient  std. err.      z    P>|z|     [95% conf. interval]
--------------+----------------------------------------------------------------
         wave |
        2. b  |  -.0888415   .0464096    -1.91   0.056    -.1798027    .0021197
        3. c  |  -.1746242   .0522635    -3.34   0.001    -.2770587   -.0721896
        4. d  |  -.1605716   .0551738    -2.91   0.004    -.2687103   -.0524329
        5. e  |  -.1064507   .0585535    -1.82   0.069    -.2212134    .0083121
        6. f  |  -.0242526   .0626295    -0.39   0.699    -.1470041    .0984989
        7. g  |   .0418066   .0660015     0.63   0.526    -.0875538    .1711671
        8. h  |   .2296738   .0698916     3.29   0.001     .0926888    .3666587
        9. i  |    .159456   .0735097     2.17   0.030     .0153796    .3035323
       10. j  |   .1946994   .0774924     2.51   0.012     .0428171    .3465817
       11. k  |   .1458866   .0782103     1.87   0.062    -.0074028    .2991761
       12. l  |  -.0867198   .0781219    -1.11   0.267    -.2398359    .0663963
              |
         resm |
           2  |  -.0433079   1.131588    -0.04   0.969    -2.261179    2.174564
           3  |  -.2901264   .5611379    -0.52   0.605    -1.389936    .8096835
           4  |  -2.059063   .9093374    -2.26   0.024    -3.841332   -.2767945
           5  |  -1.338789    .638425    -2.10   0.036    -2.590079   -.0874991
           6  |  -1.249663   .4115729    -3.04   0.002    -2.056331   -.4429954
           7  |   -.826298   .5929314    -1.39   0.163    -1.988422    .3358262
           8  |  -.2315673   .4398047    -0.53   0.599    -1.093569    .6304341
           9  |  -1.470626   1.048479    -1.40   0.161    -3.525607    .5843556
              |
    dvage_ind |   .0141176   .0019631     7.19   0.000       .01027    .0179651
    educscore |   .1024588    .003953    25.92   0.000     .0947111    .1102065
      engprof |   .2990496   .1903986     1.57   0.116    -.0741248    .6722241
        lonse |   .0545117   .0608934     0.90   0.371    -.0648373    .1738607
          mar |   .9672314   .0526599    18.37   0.000     .8640199    1.070443
        child |  -.1321937   .0263438    -5.02   0.000    -.1838266   -.0805608
       health |   .7218409   .0416623    17.33   0.000     .6401843    .8034976
       cardum |  -.2569428    .049007    -5.24   0.000    -.3529947   -.1608908
         ties |   .2363917   .0641343     3.69   0.000     .1106908    .3620926
      liberal |    .543879   .0569556     9.55   0.000      .432248    .6555099
         sity |    .092963   .0686109     1.35   0.175    -.0415119    .2274379
       dep_qt |   .0107988    .016855     0.64   0.522    -.0222363    .0438339
              |
resm#c.dep_qt |
           2  |  -.3068404    .234416    -1.31   0.191    -.7662874    .1526066
           3  |  -.3749738    .117773    -3.18   0.001    -.6058046    -.144143
           4  |   -.012263     .15544    -0.08   0.937    -.3169198    .2923938
           5  |   .2094126    .168853     1.24   0.215    -.1215333    .5403584
           6  |  -.0632871   .1040629    -0.61   0.543    -.2672466    .1406725
           7  |   .0665128   .1075926     0.62   0.536    -.1443649    .2773905
           8  |  -.0183132   .1052949    -0.17   0.862    -.2246874     .188061
           9  |   .1826738   .1784119     1.02   0.306     -.167007    .5323547
              |
       mus_qt |  -.0228869   .0204354    -1.12   0.263    -.0629396    .0171658
              |
resm#c.mus_qt |
           2  |   .4331081   .2195712     1.97   0.049     .0027563    .8634598
           3  |  -.0169336   .1471487    -0.12   0.908    -.3053398    .2714725
           4  |   .1822644   .2423296     0.75   0.452    -.2926929    .6572216
           5  |  -.2194187   .2349254    -0.93   0.350    -.6798639    .2410266
           6  |   .1391597   .1366284     1.02   0.308     -.128627    .4069464
           7  |   -.171552   .1432834    -1.20   0.231    -.4523822    .1092782
           8  |  -.1927155   .1174598    -1.64   0.101    -.4229325    .0375016
           9  |   .0839435    .241445     0.35   0.728      -.38928     .557167
              |
        eu_qt |  -.0049118   .0206064    -0.24   0.812    -.0452996    .0354759
              |
 resm#c.eu_qt |
           2  |  -.3723428   .1981948    -1.88   0.060    -.7607976    .0161119
           3  |   .0220749   .1351403     0.16   0.870    -.2427951     .286945
           4  |  -.0020918   .2096886    -0.01   0.992    -.4130739    .4088903
           5  |   .1785845   .2594637     0.69   0.491     -.329955     .687124
           6  |  -.0366744   .1138007    -0.32   0.747    -.2597195    .1863708
           7  |   .1976064   .1224132     1.61   0.106     -.042319    .4375317
           8  |   .1246301   .1063844     1.17   0.241    -.0838794    .3331396
           9  |   -.165768   .2383504    -0.70   0.487    -.6329262    .3013902
              |
        _cons |   -5.10771   .2887123   -17.69   0.000    -5.673576   -4.541845
-------------------------------------------------------------------------------

. 
end of do-file

. log close
      name:  <unnamed>
       log:  /Users/scothunter/Library/CloudStorage/OneDrive-UniversityofStirling/thesis/directory/syntax/prep/attachments/sup_ch6_employment2.log
  log type:  text
 closed on:  28 Sep 2024, 11:39:18
--------------------------------------------------------------------------------------------------------------------------------------------------
