--------------------------------------------------------------------------------------------------------------------------------------------------
      name:  <unnamed>
       log:  /Users/scothunter/Library/CloudStorage/OneDrive-UniversityofStirling/thesis/directory/syntax/prep/attachments/sup_ch5_reg_1C.log
  log type:  text
 opened on:  27 Sep 2024, 17:48:13

. do "/var/folders/cj/8dv18brd2sd49mkfxtpn8j1w0000gn/T//SD04849.000000"

. *-------------------------------------------------------------------------------
. **## Model 1C
. *-------------------------------------------------------------------------------
. 
. * Load the estimation results and make them the current (active) results
. estimates use "m1C_v2.ster"

. 
. * Replay the estimation results
. estimates replay, baselevels

--------------------------------------------------------------------------------------------------------------------------------------------------
active results
--------------------------------------------------------------------------------------------------------------------------------------------------

Mixed-effects ML regression                         Number of obs    =  40,149
Group variable: stratum                             Number of groups =     115
                                                    Obs per group:
                                                                 min =       1
                                                                 avg =   349.1
                                                                 max =   9,829
                                                    Wald chi2(25)    = 8227.02
Log likelihood = -39174.455                         Prob > chi2      =  0.0000

-------------------------------------------------------------------------------------
           ln_hrpay | Coefficient  Std. err.      z    P>|z|     [95% conf. interval]
--------------------+----------------------------------------------------------------
                fem |
              Male  |          0  (empty)
            Female  |  -.1002782   .0164302    -6.10   0.000    -.1324807   -.0680757
                    |
               eth2 |
     White British  |          0  (empty)
            Indian  |  -.0407726   .0274997    -1.48   0.138    -.0946711    .0131258
         Pakistani  |  -.1279313   .0383311    -3.34   0.001    -.2030588   -.0528037
       Bangladeshi  |  -.1203384   .0434179    -2.77   0.006    -.2054359    -.035241
             Black  |  -.0751107   .0268746    -2.79   0.005     -.127784   -.0224375
       Other eth.   |  -.0730559   .0255217    -2.86   0.004    -.1230774   -.0230344
       White Other  |   .0265819   .0299589     0.89   0.375    -.0321365    .0853002
                    |
               reli |
       No religion  |          0  (empty)
         Christian  |  -.0238868   .0219935    -1.09   0.277    -.0669931    .0192196
            Muslim  |  -.0243564   .0287764    -0.85   0.397    -.0807571    .0320443
             Hindu  |  -.0091257   .0310055    -0.29   0.769    -.0698954    .0516439
     Oth. religion  |  -.0185494   .0276467    -0.67   0.502     -.072736    .0356372
                    |
             ukborn |
    Born in the UK  |          0  (empty)
Not born in the UK  |  -.0918182   .0169562    -5.42   0.000    -.1250517   -.0585847
                    |
          dvage_ind |   .0083375   .0003088    27.00   0.000     .0077322    .0089428
          educscore |   .0263896   .0004357    60.57   0.000     .0255357    .0272434
            engprof |   .0696187   .0247075     2.82   0.005     .0211928    .1180445
              lonse |   .1399476   .0077996    17.94   0.000     .1246607    .1552346
                mar |   .0421156   .0072724     5.79   0.000     .0278619    .0563693
              child |   .1341555   .0056016    23.95   0.000     .1231766    .1451344
             health |  -.0125797   .0078443    -1.60   0.109    -.0279542    .0027949
             cardum |  -.0247171   .0096214    -2.57   0.010    -.0435747   -.0058595
               ties |   .0117997   .0079685     1.48   0.139    -.0038183    .0274177
            liberal |   .0361907   .0077703     4.66   0.000     .0209613    .0514202
               sity |   .0418234   .0099306     4.21   0.000     .0223599     .061287
           parttime |   .1458712   .0085855    16.99   0.000      .129044    .1626984
          pubsector |   .1470387    .007523    19.55   0.000      .132294    .1617835
              _cons |   3.139028    .041348    75.92   0.000     3.057987    3.220068
-------------------------------------------------------------------------------------

------------------------------------------------------------------------------
  Random-effects parameters  |   Estimate   Std. err.     [95% conf. interval]
-----------------------------+------------------------------------------------
stratum: Identity            |
                  var(_cons) |   .0021256   .0007512      .0010633    .0042493
-----------------------------+------------------------------------------------
               var(Residual) |   .4115714   .0029074      .4059123    .4173095
------------------------------------------------------------------------------
LR test vs. linear model: chibar2(01) = 43.17         Prob >= chibar2 = 0.0000

. est store m1c

. 
. * Calculate the variance partition coefficient (VPC)
. estat icc

Residual intraclass correlation

------------------------------------------------------------------------------
                       Level |        ICC   Std. err.     [95% conf. interval]
-----------------------------+------------------------------------------------
                     stratum |   .0051382   .0018077      .0025758    .0102235
------------------------------------------------------------------------------

. estadd scalar icc_ = r(icc2) 

added scalar:
               e(icc_) =  .00513817

. 
. * Calculate the Proportional Change in Variance (PCV) (as a percentage)
. display %3.1f 100*(m1Asigma2 - m1Csigma2) / m1Asigma2
79.9

. 
. scalar m1Bpcv = 100 * (m1Asigma2 - m1Csigma2) / m1Asigma2

. 
end of do-file

. log close
      name:  <unnamed>
       log:  /Users/scothunter/Library/CloudStorage/OneDrive-UniversityofStirling/thesis/directory/syntax/prep/attachments/sup_ch5_reg_1C.log
  log type:  text
 closed on:  27 Sep 2024, 17:48:22
--------------------------------------------------------------------------------------------------------------------------------------------------
