--------------------------------------------------------------------------------------------------------------------------------------------------
      name:  <unnamed>
       log:  /Users/scothunter/Library/CloudStorage/OneDrive-UniversityofStirling/thesis/directory/syntax/prep/attachments/sup_ch6_employment.log
  log type:  text
 opened on:  27 Sep 2024, 18:09:48

. do "/var/folders/cj/8dv18brd2sd49mkfxtpn8j1w0000gn/T//SD04849.000000"

. 
. * Missing data - keep only cases with data on all variables. 
. global vars1 "outcome6 mcats fem dvage_ind educscore engprof lonse mar child health cardum ties liberal sity "

. capture drop miss1 

. egen miss1 = rmiss($vars1)

. codebook $vars1 if miss1 == 0, compact

Variable      Obs Unique      Mean       Min      Max  Label
--------------------------------------------------------------------------------------------------------------------------------------------------
outcome6   329032      2  .7497903         0        1  Participating in the labour market
mcats      329032      9   1.44857         1        9  
fem        329032      2  .5445033         0        1  female
dvage_ind  329032     49  41.27685        16       64  Mean age
educscore  329032     42  48.34902  34.67812  61.7509  Education score
engprof    329032      2  .9794549         0        1  English language proficiency
lonse      329032      2  .2162829         0        1  
mar        329032      2  .5030787         0        1  Marital status
child      329032      4  .3151821         0        3  No. of children under 16
health     329032      2  1.705697         1        2  Long-standing illness or impairment
cardum     329032      2  .1714028         0        1  
ties       329032      2  .7407182         0        1  close ties with majority
liberal    329032      2   .799366         0        1  Liberal gender attitudes
sity       329032      2  .8272812         0        1  Religiosity scale
--------------------------------------------------------------------------------------------------------------------------------------------------

. 
. global parvar "dvage_ind educscore engprof lonse mar child health cardum ties liberal sity"

. 
. * Set global for generic regression options 
. global miss "& miss == 0 [pw=nwei] , robust cluster(pidp)"

. 
. * LSOA
.         * Pariticpation logistic regresison loops (for men 0 and women 1) 
. foreach num of numlist 0 1 { 
  2.         * base model 
.  logit outcome6 i.wave i.resm if fem == `num' $miss1 
  3.         est store b`num'_6 
  4.         * adding in individual level controls.
.   logit outcome6 i.wave i.resm $parvar if fem == `num' $miss1 
  5.         est store i`num'_6 
  6.         * adding in neighbourhood charactersitics. 
.   logit outcome6 i.wave i.resm $parvar dep_qt  mus_qt eu_qt ///
>                 if fem == `num' $miss1
  7.         est store all`num'_6 
  8.         * adding interactions between mcats and neighbourhood chars. 
.   logit outcome6 i.wave i.resm $parvar ///
>                 i.resm##c.dep_qt i.resm##c.mus_qt i.resm##c.eu_qt ///            
>                 if fem == `num' $miss1
  9.         est store int`num'_6 
 10. }

Iteration 0:  Log likelihood = -74354.192  
Iteration 1:  Log likelihood = -73995.137  
Iteration 2:  Log likelihood = -73974.643  
Iteration 3:  Log likelihood = -73974.634  
Iteration 4:  Log likelihood = -73974.634  

Logistic regression                                    Number of obs = 153,533
                                                       LR chi2(19)   =  759.12
                                                       Prob > chi2   =  0.0000
Log likelihood = -73974.634                            Pseudo R2     =  0.0051

------------------------------------------------------------------------------
    outcome6 | Coefficient  Std. err.      z    P>|z|     [95% conf. interval]
-------------+----------------------------------------------------------------
        wave |
       2. b  |  -.0039146    .027371    -0.14   0.886    -.0575609    .0497316
       3. c  |   .0231887    .028178     0.82   0.411    -.0320391    .0784165
       4. d  |   .0502091   .0286732     1.75   0.080    -.0059893    .1064075
       5. e  |    .039848     .02909     1.37   0.171    -.0171674    .0968635
       6. f  |   .0886227   .0299908     2.95   0.003     .0298419    .1474035
       7. g  |   .0767661   .0303768     2.53   0.012     .0172286    .1363036
       8. h  |   .1275659   .0312273     4.09   0.000     .0663615    .1887703
       9. i  |   .0863226    .032097     2.69   0.007     .0234137    .1492315
      10. j  |   .0942123   .0327837     2.87   0.004     .0299575    .1584671
      11. k  |   .1205777   .0338181     3.57   0.000     .0542955      .18686
      12. l  |   .1371721   .0361254     3.80   0.000     .0663676    .2079765
             |
        resm |
          2  |   .4522141   .0940394     4.81   0.000     .2679002    .6365279
          3  |   .1721812   .0484824     3.55   0.000     .0771574     .267205
          4  |   .1723846   .0548151     3.14   0.002      .064949    .2798202
          5  |  -.7097519   .0750008    -9.46   0.000    -.8567509    -.562753
          6  |  -.6399635   .0417571   -15.33   0.000    -.7218059    -.558121
          7  |  -.9885603   .0539672   -18.32   0.000    -1.094334   -.8827865
          8  |   -.123252   .0468307    -2.63   0.008    -.2150386   -.0314655
          9  |   -.583632   .0655372    -8.91   0.000    -.7120825   -.4551814
             |
       _cons |   1.429238   .0199764    71.55   0.000     1.390085    1.468391
------------------------------------------------------------------------------

Iteration 0:  Log likelihood = -72433.462  
Iteration 1:  Log likelihood = -64445.249  
Iteration 2:  Log likelihood =  -63863.01  
Iteration 3:  Log likelihood = -63861.378  
Iteration 4:  Log likelihood = -63861.378  

Logistic regression                                   Number of obs =  149,873
                                                      LR chi2(30)   = 17144.17
                                                      Prob > chi2   =   0.0000
Log likelihood = -63861.378                           Pseudo R2     =   0.1183

------------------------------------------------------------------------------
    outcome6 | Coefficient  Std. err.      z    P>|z|     [95% conf. interval]
-------------+----------------------------------------------------------------
        wave |
       2. b  |   -.078726   .0295687    -2.66   0.008    -.1366796   -.0207725
       3. c  |  -.0992563   .0305595    -3.25   0.001    -.1591518   -.0393608
       4. d  |  -.0640759   .0310581    -2.06   0.039    -.1249487   -.0032031
       5. e  |  -.0844087   .0314985    -2.68   0.007    -.1461446   -.0226728
       6. f  |   -.033868   .0325633    -1.04   0.298    -.0976909    .0299549
       7. g  |  -.0567372   .0328492    -1.73   0.084    -.1211204     .007646
       8. h  |  -.0043353   .0337005    -0.13   0.898    -.0703871    .0617164
       9. i  |  -.0481308   .0346643    -1.39   0.165    -.1160716    .0198101
      10. j  |  -.0542793   .0355612    -1.53   0.127     -.123978    .0154194
      11. k  |  -.0151573   .0365192    -0.42   0.678    -.0867336     .056419
      12. l  |    -.04794   .0389417    -1.23   0.218    -.1242643    .0283842
             |
        resm |
          2  |    .535432   .1058431     5.06   0.000     .3279833    .7428806
          3  |   .3620459   .0588928     6.15   0.000     .2466181    .4774737
          4  |   .4923196   .0674791     7.30   0.000      .360063    .6245762
          5  |  -.3046196   .0841744    -3.62   0.000    -.4695984   -.1396408
          6  |  -.1711693   .0499474    -3.43   0.001    -.2690643   -.0732742
          7  |  -.3459975   .0629937    -5.49   0.000    -.4694628   -.2225322
          8  |   .3626491   .0529966     6.84   0.000     .2587777    .4665205
          9  |  -.4080741   .0744555    -5.48   0.000    -.5540042    -.262144
             |
   dvage_ind |   .0051477   .0005845     8.81   0.000     .0040021    .0062933
   educscore |   .0651918   .0010739    60.71   0.000     .0630871    .0672965
     engprof |  -.0842496    .058054    -1.45   0.147    -.1980333    .0295342
       lonse |   .0181202   .0182297     0.99   0.320    -.0176093    .0538497
         mar |   .8266011   .0169375    48.80   0.000     .7934043    .8597979
       child |   .1846054   .0491595     3.76   0.000     .0882546    .2809562
      health |   1.061038   .0154425    68.71   0.000     1.030771    1.091305
      cardum |  -.3474035    .019478   -17.84   0.000    -.3855798   -.3092273
        ties |   .2302006   .0176644    13.03   0.000      .195579    .2648222
     liberal |    .123459   .0172596     7.15   0.000     .0896309    .1572872
        sity |   .4126962   .0234032    17.63   0.000     .3668267    .4585657
       _cons |  -4.339158   .0843091   -51.47   0.000    -4.504401   -4.173915
------------------------------------------------------------------------------

Iteration 0:  Log likelihood = -72433.462  
Iteration 1:  Log likelihood = -64437.375  
Iteration 2:  Log likelihood = -63854.521  
Iteration 3:  Log likelihood = -63852.886  
Iteration 4:  Log likelihood = -63852.886  

Logistic regression                                   Number of obs =  149,873
                                                      LR chi2(33)   = 17161.15
                                                      Prob > chi2   =   0.0000
Log likelihood = -63852.886                           Pseudo R2     =   0.1185

------------------------------------------------------------------------------
    outcome6 | Coefficient  Std. err.      z    P>|z|     [95% conf. interval]
-------------+----------------------------------------------------------------
        wave |
       2. b  |  -.0789826    .029577    -2.67   0.008    -.1369523   -.0210128
       3. c  |  -.0994008   .0305679    -3.25   0.001    -.1593129   -.0394888
       4. d  |  -.0642339   .0310684    -2.07   0.039     -.125127   -.0033409
       5. e  |  -.0848628   .0315071    -2.69   0.007    -.1466156   -.0231101
       6. f  |  -.0346724   .0325719    -1.06   0.287    -.0985122    .0291674
       7. g  |  -.0575656   .0328599    -1.75   0.080    -.1219698    .0068386
       8. h  |  -.0051954   .0337105    -0.15   0.878    -.0712669     .060876
       9. i  |  -.0487048   .0346754    -1.40   0.160    -.1166673    .0192577
      10. j  |  -.0546738   .0355735    -1.54   0.124    -.1243966     .015049
      11. k  |  -.0151614   .0365293    -0.42   0.678    -.0867575    .0564346
      12. l  |   -.048732   .0389528    -1.25   0.211    -.1250781    .0276141
             |
        resm |
          2  |   .5307875   .1059592     5.01   0.000     .3231113    .7384637
          3  |   .3528685   .0590016     5.98   0.000     .2372275    .4685095
          4  |    .491929   .0677544     7.26   0.000     .3591328    .6247253
          5  |  -.3115283   .0843131    -3.69   0.000     -.476779   -.1462776
          6  |  -.1809777   .0501405    -3.61   0.000    -.2792513   -.0827041
          7  |  -.3473548   .0633227    -5.49   0.000    -.4714651   -.2232446
          8  |   .3624603   .0531881     6.81   0.000     .2582135     .466707
          9  |  -.4076677   .0745341    -5.47   0.000    -.5537519   -.2615835
             |
   dvage_ind |   .0051391   .0005847     8.79   0.000     .0039932     .006285
   educscore |    .065194   .0010746    60.67   0.000     .0630878    .0673002
     engprof |  -.0835246   .0580757    -1.44   0.150    -.1973508    .0303017
       lonse |   .0240164   .0184522     1.30   0.193    -.0121493    .0601822
         mar |   .8269765   .0169418    48.81   0.000     .7937711    .8601819
       child |   .1837928   .0491914     3.74   0.000     .0873795    .2802061
      health |   1.061583   .0154453    68.73   0.000     1.031311    1.091855
      cardum |  -.3479886   .0194818   -17.86   0.000    -.3861721    -.309805
        ties |   .2298622   .0176673    13.01   0.000     .1952349    .2644896
     liberal |   .1227506   .0172616     7.11   0.000     .0889186    .1565827
        sity |   .4087741   .0234787    17.41   0.000     .3627567    .4547914
      dep_qt |  -.0069451   .0050966    -1.36   0.173    -.0169343    .0030441
      mus_qt |    .008646   .0058313     1.48   0.138    -.0027831    .0200751
       eu_qt |  -.0235815   .0058186    -4.05   0.000    -.0349857   -.0121773
       _cons |  -4.271813   .0876265   -48.75   0.000    -4.443558   -4.100068
------------------------------------------------------------------------------

Iteration 0:  Log likelihood = -72433.462  
Iteration 1:  Log likelihood = -64393.828  
Iteration 2:  Log likelihood = -63800.384  
Iteration 3:  Log likelihood = -63798.558  
Iteration 4:  Log likelihood = -63798.558  

Logistic regression                                   Number of obs =  149,873
                                                      LR chi2(57)   = 17269.81
                                                      Prob > chi2   =   0.0000
Log likelihood = -63798.558                           Pseudo R2     =   0.1192

-------------------------------------------------------------------------------
     outcome6 | Coefficient  Std. err.      z    P>|z|     [95% conf. interval]
--------------+----------------------------------------------------------------
         wave |
        2. b  |  -.0788785   .0295902    -2.67   0.008    -.1368742   -.0208828
        3. c  |  -.0998195   .0305816    -3.26   0.001    -.1597583   -.0398806
        4. d  |  -.0650588   .0310826    -2.09   0.036    -.1259795   -.0041381
        5. e  |  -.0862579   .0315225    -2.74   0.006    -.1480409    -.024475
        6. f  |  -.0348016   .0325931    -1.07   0.286    -.0986829    .0290796
        7. g  |  -.0578091   .0328776    -1.76   0.079     -.122248    .0066299
        8. h  |  -.0055641   .0337382    -0.16   0.869    -.0716897    .0605616
        9. i  |  -.0496148   .0346957    -1.43   0.153    -.1176171    .0183875
       10. j  |  -.0546068   .0356052    -1.53   0.125    -.1243917    .0151781
       11. k  |  -.0158522   .0365577    -0.43   0.665    -.0875038    .0557995
       12. l  |  -.0500113   .0389629    -1.28   0.199    -.1263772    .0263545
              |
         resm |
           2  |   .6483424   .4211717     1.54   0.124    -.1771389    1.473824
           3  |   .9019286    .189125     4.77   0.000     .5312503    1.272607
           4  |   1.391623   .2717777     5.12   0.000     .8589482    1.924297
           5  |   .1931046   .2977775     0.65   0.517    -.3905285    .7767378
           6  |  -.1013634   .1688063    -0.60   0.548    -.4322176    .2294908
           7  |   -.354876   .2528635    -1.40   0.160    -.8504794    .1407274
           8  |   .6947237   .2024924     3.43   0.001     .2978459    1.091602
           9  |  -.8041378   .2580665    -3.12   0.002    -1.309939   -.2983367
              |
    dvage_ind |   .0050978   .0005851     8.71   0.000     .0039511    .0062445
    educscore |    .065266   .0010762    60.64   0.000     .0631567    .0673754
      engprof |  -.0925912   .0587034    -1.58   0.115    -.2076476    .0224653
        lonse |   .0308946    .018702     1.65   0.099    -.0057607      .06755
          mar |   .8262119   .0169513    48.74   0.000     .7929879    .8594359
        child |   .1928981   .0494781     3.90   0.000     .0959228    .2898733
       health |   1.063614   .0154554    68.82   0.000     1.033322    1.093907
       cardum |  -.3470893    .019497   -17.80   0.000    -.3853027   -.3088758
         ties |   .2301865   .0176825    13.02   0.000     .1955296    .2648435
      liberal |   .1227273   .0172854     7.10   0.000     .0888486     .156606
         sity |   .4076123   .0235374    17.32   0.000     .3614798    .4537447
       dep_qt |  -.0054292   .0054308    -1.00   0.317    -.0160733    .0052149
              |
resm#c.dep_qt |
           2  |    .097679    .075984     1.29   0.199     -.051247     .246605
           3  |  -.0978285   .0375251    -2.61   0.009    -.1713764   -.0242806
           4  |  -.0590215   .0420848    -1.40   0.161    -.1415062    .0234632
           5  |  -.0032501   .0589003    -0.06   0.956    -.1186925    .1121922
           6  |   .0277955   .0322521     0.86   0.389    -.0354174    .0910084
           7  |  -.0013279   .0405342    -0.03   0.974    -.0807735    .0781177
           8  |  -.0432241   .0373855    -1.16   0.248    -.1164984    .0300501
           9  |   .0715049   .0501706     1.43   0.154    -.0268277    .1698374
              |
       mus_qt |   .0183525    .006086     3.02   0.003     .0064241    .0302809
              |
resm#c.mus_qt |
           2  |   .0825856   .1120674     0.74   0.461    -.1370624    .3022336
           3  |  -.1337692   .0496278    -2.70   0.007    -.2310379   -.0365004
           4  |  -.0663305   .0622485    -1.07   0.287    -.1883353    .0556744
           5  |  -.2105827    .082757    -2.54   0.011    -.3727834    -.048382
           6  |  -.1388066   .0426559    -3.25   0.001    -.2224107   -.0552026
           7  |  -.2721628   .0567412    -4.80   0.000    -.3833736   -.1609521
           8  |  -.1045596   .0523131    -2.00   0.046    -.2070913   -.0020279
           9  |   .0886055   .0645035     1.37   0.170    -.0378191    .2150301
              |
        eu_qt |  -.0277482   .0061582    -4.51   0.000    -.0398181   -.0156783
              |
 resm#c.eu_qt |
           2  |  -.2156869   .0940425    -2.29   0.022    -.4000069   -.0313669
           3  |   .0560399   .0446156     1.26   0.209    -.0314051    .1434848
           4  |  -.1287581   .0563676    -2.28   0.022    -.2392366   -.0182796
           5  |   .0794468   .0739996     1.07   0.283    -.0655897    .2244834
           6  |   .1031974    .038037     2.71   0.007     .0286462    .1777486
           7  |   .3158369   .0507228     6.23   0.000     .2164221    .4152517
           8  |   .0570966   .0474081     1.20   0.228    -.0358216    .1500149
           9  |  -.0445194   .0627087    -0.71   0.478    -.1674262    .0783874
              |
        _cons |   -4.28723    .088619   -48.38   0.000     -4.46092    -4.11354
-------------------------------------------------------------------------------

Iteration 0:  Log likelihood = -111552.54  
Iteration 1:  Log likelihood = -108000.45  
Iteration 2:  Log likelihood = -107962.96  
Iteration 3:  Log likelihood = -107962.91  
Iteration 4:  Log likelihood = -107962.91  

Logistic regression                                    Number of obs = 181,499
                                                       LR chi2(19)   = 7179.27
                                                       Prob > chi2   =  0.0000
Log likelihood = -107962.91                            Pseudo R2     =  0.0322

------------------------------------------------------------------------------
    outcome6 | Coefficient  Std. err.      z    P>|z|     [95% conf. interval]
-------------+----------------------------------------------------------------
        wave |
       2. b  |   .0127653   .0214804     0.59   0.552    -.0293355    .0548662
       3. c  |   .0382844   .0220651     1.74   0.083    -.0049624    .0815312
       4. d  |   .0823172   .0225951     3.64   0.000     .0380315    .1266028
       5. e  |   .1400363   .0231275     6.05   0.000     .0947072    .1853654
       6. f  |   .2064858   .0238432     8.66   0.000      .159754    .2532176
       7. g  |   .2417835   .0242906     9.95   0.000     .1941749    .2893921
       8. h  |   .2444579   .0245724     9.95   0.000     .1962969    .2926188
       9. i  |     .30817   .0255222    12.07   0.000     .2581474    .3581926
      10. j  |   .3352174   .0260422    12.87   0.000     .2841757    .3862591
      11. k  |   .3840943   .0268518    14.30   0.000     .3314656    .4367229
      12. l  |   .4502401   .0288138    15.63   0.000     .3937661     .506714
             |
        resm |
          2  |  -.9947315   .0598035   -16.63   0.000    -1.111944   -.8775188
          3  |  -1.798693   .0362001   -49.69   0.000    -1.869644   -1.727742
          4  |  -1.829557   .0434802   -42.08   0.000    -1.914777   -1.744338
          5  |  -.7446694   .0705894   -10.55   0.000     -.883022   -.6063168
          6  |  -1.035385   .0353989   -29.25   0.000    -1.104766   -.9660044
          7  |  -.8489437   .0477357   -17.78   0.000     -.942504   -.7553834
          8  |   .2277574   .0350521     6.50   0.000     .1590566    .2964582
          9  |  -1.259808   .0558192   -22.57   0.000    -1.369212   -1.150405
             |
       _cons |   .7770415   .0155486    49.97   0.000     .7465667    .8075162
------------------------------------------------------------------------------

Iteration 0:  Log likelihood = -109782.23  
Iteration 1:  Log likelihood =  -96794.19  
Iteration 2:  Log likelihood = -96474.441  
Iteration 3:  Log likelihood = -96473.825  
Iteration 4:  Log likelihood = -96473.825  

Logistic regression                                   Number of obs =  179,159
                                                      LR chi2(30)   = 26616.81
                                                      Prob > chi2   =   0.0000
Log likelihood = -96473.825                           Pseudo R2     =   0.1212

------------------------------------------------------------------------------
    outcome6 | Coefficient  Std. err.      z    P>|z|     [95% conf. interval]
-------------+----------------------------------------------------------------
        wave |
       2. b  |  -.1018356   .0230829    -4.41   0.000    -.1470773   -.0565939
       3. c  |   -.129936   .0238923    -5.44   0.000    -.1767641   -.0831079
       4. d  |  -.1030853   .0244509    -4.22   0.000    -.1510082   -.0551623
       5. e  |  -.0488629   .0250012    -1.95   0.051    -.0978643    .0001384
       6. f  |   .0089216   .0258266     0.35   0.730    -.0416976    .0595408
       7. g  |   .0376797   .0261521     1.44   0.150    -.0135774    .0889368
       8. h  |   .0631481   .0265013     2.38   0.017     .0112066    .1150896
       9. i  |   .1308286   .0275193     4.75   0.000     .0768917    .1847655
      10. j  |   .1249975   .0280964     4.45   0.000     .0699295    .1800656
      11. k  |   .1841533   .0288193     6.39   0.000     .1276686    .2406381
      12. l  |   .2247934   .0308154     7.29   0.000     .1643962    .2851905
             |
        resm |
          2  |  -.3415067   .0722094    -4.73   0.000    -.4830346   -.1999788
          3  |  -.9011636   .0463891   -19.43   0.000    -.9920846   -.8102425
          4  |  -.8450635   .0547621   -15.43   0.000    -.9523953   -.7377317
          5  |  -.3024644   .0762775    -3.97   0.000    -.4519656   -.1529633
          6  |  -.5586958   .0408393   -13.68   0.000    -.6387393   -.4786523
          7  |  -.3655699   .0536736    -6.81   0.000    -.4707683   -.2603716
          8  |   .5960878   .0403073    14.79   0.000      .517087    .6750886
          9  |  -.9171518   .0645321   -14.21   0.000    -1.043632   -.7906712
             |
   dvage_ind |   -.000591   .0004768    -1.24   0.215    -.0015254    .0003435
   educscore |   .0786227   .0008164    96.31   0.000     .0770227    .0802228
     engprof |   .4342197   .0465432     9.33   0.000     .3429967    .5254428
       lonse |   .0192899   .0145055     1.33   0.184    -.0091404    .0477202
         mar |   .1623956   .0129235    12.57   0.000      .137066    .1877252
       child |  -.0619385   .0066542    -9.31   0.000    -.0749805   -.0488965
      health |   .7209091   .0121247    59.46   0.000     .6971451    .7446731
      cardum |  -.2143847   .0137999   -15.54   0.000    -.2414321   -.1873373
        ties |   .2763097   .0158427    17.44   0.000     .2452585    .3073609
     liberal |    .374857   .0147404    25.43   0.000     .3459663    .4037477
        sity |   .3612117    .016293    22.17   0.000     .3292781    .3931453
       _cons |  -5.246591   .0676179   -77.59   0.000     -5.37912   -5.114062
------------------------------------------------------------------------------

Iteration 0:  Log likelihood = -109782.23  
Iteration 1:  Log likelihood = -96788.562  
Iteration 2:  Log likelihood = -96468.779  
Iteration 3:  Log likelihood = -96468.164  
Iteration 4:  Log likelihood = -96468.164  

Logistic regression                                   Number of obs =  179,159
                                                      LR chi2(33)   = 26628.13
                                                      Prob > chi2   =   0.0000
Log likelihood = -96468.164                           Pseudo R2     =   0.1213

------------------------------------------------------------------------------
    outcome6 | Coefficient  Std. err.      z    P>|z|     [95% conf. interval]
-------------+----------------------------------------------------------------
        wave |
       2. b  |   -.101012   .0230862    -4.38   0.000    -.1462601   -.0557638
       3. c  |  -.1290491   .0238956    -5.40   0.000    -.1758835   -.0822146
       4. d  |  -.1021354   .0244542    -4.18   0.000    -.1500648   -.0542059
       5. e  |  -.0479203   .0250046    -1.92   0.055    -.0969285    .0010879
       6. f  |   .0098625   .0258304     0.38   0.703    -.0407642    .0604892
       7. g  |   .0386376    .026157     1.48   0.140    -.0126292    .0899044
       8. h  |   .0641639   .0265065     2.42   0.015      .012212    .1161158
       9. i  |   .1317785   .0275248     4.79   0.000     .0778308    .1857261
      10. j  |   .1260564   .0281011     4.49   0.000     .0709792    .1811336
      11. k  |   .1849526   .0288229     6.42   0.000     .1284608    .2414444
      12. l  |   .2257758   .0308205     7.33   0.000     .1653687    .2861828
             |
        resm |
          2  |  -.3515341   .0722659    -4.86   0.000    -.4931728   -.2098955
          3  |  -.9085667   .0464562   -19.56   0.000    -.9996193   -.8175142
          4  |  -.8561574   .0549149   -15.59   0.000    -.9637887   -.7485261
          5  |  -.3108475   .0763194    -4.07   0.000    -.4604308   -.1612641
          6  |  -.5673249   .0409466   -13.86   0.000    -.6475787   -.4870711
          7  |  -.3780477    .053855    -7.02   0.000    -.4836016   -.2724938
          8  |   .5865221   .0404887    14.49   0.000     .5071657    .6658784
          9  |  -.9265281   .0646574   -14.33   0.000    -1.053254   -.7998019
             |
   dvage_ind |  -.0006144   .0004769    -1.29   0.198     -.001549    .0003202
   educscore |   .0785818   .0008166    96.23   0.000     .0769813    .0801824
     engprof |   .4370243   .0465497     9.39   0.000     .3457885    .5282601
       lonse |   .0163709   .0146546     1.12   0.264    -.0123517    .0450934
         mar |   .1626811   .0129272    12.58   0.000     .1373443     .188018
       child |  -.0619929   .0066545    -9.32   0.000    -.0750354   -.0489504
      health |   .7213704   .0121264    59.49   0.000     .6976032    .7451377
      cardum |  -.2138919   .0138008   -15.50   0.000    -.2409409   -.1868428
        ties |   .2764234   .0158452    17.45   0.000     .2453674    .3074793
     liberal |   .3751917   .0147412    25.45   0.000     .3462996    .4040839
        sity |   .3569492   .0163461    21.84   0.000     .3249113     .388987
      dep_qt |   .0034204   .0040281     0.85   0.396    -.0044746    .0113154
      mus_qt |   .0139012   .0046137     3.01   0.003     .0048585    .0229439
       eu_qt |  -.0104607   .0045807    -2.28   0.022    -.0194387   -.0014828
       _cons |  -5.263345   .0703087   -74.86   0.000    -5.401148   -5.125543
------------------------------------------------------------------------------

Iteration 0:  Log likelihood = -109782.23  
Iteration 1:  Log likelihood = -96727.346  
Iteration 2:  Log likelihood = -96407.228  
Iteration 3:  Log likelihood = -96406.614  
Iteration 4:  Log likelihood = -96406.614  

Logistic regression                                   Number of obs =  179,159
                                                      LR chi2(57)   = 26751.23
                                                      Prob > chi2   =   0.0000
Log likelihood = -96406.614                           Pseudo R2     =   0.1218

-------------------------------------------------------------------------------
     outcome6 | Coefficient  Std. err.      z    P>|z|     [95% conf. interval]
--------------+----------------------------------------------------------------
         wave |
        2. b  |   -.100872   .0230921    -4.37   0.000    -.1461317   -.0556124
        3. c  |  -.1284527   .0239037    -5.37   0.000    -.1753032   -.0816022
        4. d  |  -.1018141   .0244616    -4.16   0.000    -.1497579   -.0538703
        5. e  |  -.0479913   .0250112    -1.92   0.055    -.0970124    .0010298
        6. f  |   .0108296   .0258393     0.42   0.675    -.0398144    .0614736
        7. g  |   .0391761   .0261668     1.50   0.134    -.0121099    .0904622
        8. h  |    .064485   .0265179     2.43   0.015     .0125109    .1164592
        9. i  |   .1325525   .0275381     4.81   0.000     .0785787    .1865263
       10. j  |    .126874   .0281199     4.51   0.000       .07176     .181988
       11. k  |   .1869699   .0288447     6.48   0.000     .1304353    .2435046
       12. l  |   .2270407   .0308331     7.36   0.000     .1666088    .2874725
              |
         resm |
           2  |  -.2441559   .2791168    -0.87   0.382    -.7912149     .302903
           3  |  -.7483527   .1461001    -5.12   0.000    -1.034704   -.4620017
           4  |   -1.31858   .2130352    -6.19   0.000    -1.736121   -.9010385
           5  |  -.1920769    .248044    -0.77   0.439    -.6782342    .2940804
           6  |  -.3906533   .1311634    -2.98   0.003    -.6477288   -.1335778
           7  |  -.7903819     .22226    -3.56   0.000    -1.226004   -.3547603
           8  |   1.107271   .1561351     7.09   0.000      .801252     1.41329
           9  |  -1.568061   .2619579    -5.99   0.000    -2.081489   -1.054633
              |
    dvage_ind |  -.0006501   .0004772    -1.36   0.173    -.0015853    .0002851
    educscore |   .0786875   .0008177    96.23   0.000     .0770848    .0802902
      engprof |   .4591524   .0469118     9.79   0.000      .367207    .5510979
        lonse |   .0158857   .0148222     1.07   0.284    -.0131653    .0449367
          mar |   .1636112   .0129349    12.65   0.000     .1382593    .1889631
        child |  -.0621998   .0066617    -9.34   0.000    -.0752565   -.0491431
       health |   .7210917   .0121321    59.44   0.000     .6973132    .7448703
       cardum |  -.2148485   .0138077   -15.56   0.000    -.2419111   -.1877859
         ties |   .2755429   .0158571    17.38   0.000     .2444635    .3066223
      liberal |   .3775444   .0147551    25.59   0.000     .3486251    .4064638
         sity |    .357486   .0163688    21.84   0.000     .3254037    .3895682
       dep_qt |   .0032462   .0042828     0.76   0.448    -.0051479    .0116403
              |
resm#c.dep_qt |
           2  |    .018418   .0506329     0.36   0.716    -.0808206    .1176566
           3  |  -.0328535   .0290175    -1.13   0.258    -.0897268    .0240198
           4  |   .1141155   .0343045     3.33   0.001     .0468799    .1813511
           5  |  -.0989336   .0540089    -1.83   0.067    -.2047892    .0069219
           6  |   .0731881    .027059     2.70   0.007     .0201533    .1262228
           7  |   .0502491   .0351244     1.43   0.153    -.0185935    .1190917
           8  |  -.0959828   .0276486    -3.47   0.001    -.1501732   -.0417925
           9  |   .0049157   .0417635     0.12   0.906    -.0769392    .0867706
              |
       mus_qt |   .0136566   .0048132     2.84   0.005     .0042229    .0230904
              |
resm#c.mus_qt |
           2  |   .0229715   .0641643     0.36   0.720    -.1027881    .1487311
           3  |   .1185666   .0363659     3.26   0.001     .0472907    .1898424
           4  |  -.1015729   .0480546    -2.11   0.035    -.1957582   -.0073876
           5  |  -.0834153    .076436    -1.09   0.275    -.2332272    .0663965
           6  |  -.0335529   .0328272    -1.02   0.307     -.097893    .0307872
           7  |   .0311797   .0518443     0.60   0.548    -.0704331    .1327926
           8  |  -.0532214    .039975    -1.33   0.183     -.131571    .0251283
           9  |   .2819304   .0680513     4.14   0.000     .1485523    .4153085
              |
        eu_qt |  -.0068258   .0048394    -1.41   0.158    -.0163109    .0026592
              |
 resm#c.eu_qt |
           2  |  -.0767267   .0567498    -1.35   0.176    -.1879544    .0345009
           3  |  -.1517341   .0335513    -4.52   0.000    -.2174935   -.0859748
           4  |   .1357151   .0444962     3.05   0.002     .0485041     .222926
           5  |    .147515   .0681622     2.16   0.030     .0139196    .2811103
           6  |  -.1016252   .0314611    -3.23   0.001    -.1632878   -.0399625
           7  |   .0346956   .0406565     0.85   0.393    -.0449897     .114381
           8  |  -.0000527   .0361734    -0.00   0.999    -.0709513    .0708459
           9  |  -.1341105   .0553398    -2.42   0.015    -.2425745   -.0256464
              |
        _cons |  -5.300039   .0709369   -74.71   0.000    -5.439073   -5.161005
-------------------------------------------------------------------------------

. 
end of do-file

. log close
      name:  <unnamed>
       log:  /Users/scothunter/Library/CloudStorage/OneDrive-UniversityofStirling/thesis/directory/syntax/prep/attachments/sup_ch6_employment.log
  log type:  text
 closed on:  27 Sep 2024, 18:10:41
--------------------------------------------------------------------------------------------------------------------------------------------------
